#
# There is insufficient memory for the Java Runtime Environment to continue.
# Native memory allocation (malloc) failed to allocate 2190416 bytes for Chunk::new
# Possible reasons:
#   The system is out of physical RAM or swap space
#   The process is running with CompressedOops enabled, and the Java Heap may be blocking the growth of the native heap
# Possible solutions:
#   Reduce memory load on the system
#   Increase physical memory or swap space
#   Check if swap backing store is full
#   Decrease Java heap size (-Xmx/-Xms)
#   Decrease number of Java threads
#   Decrease Java thread stack sizes (-Xss)
#   Set larger code cache with -XX:ReservedCodeCacheSize=
#   JVM is running with Unscaled Compressed Oops mode in which the Java heap is
#     placed in the first 4GB address space. The Java Heap base address is the
#     maximum limit for the native heap growth. Please use -XX:HeapBaseMinAddress
#     to set the Java Heap base and to place the Java Heap above 4GB virtual address.
# This output file may be truncated or incomplete.
#
#  Out of Memory Error (./open/src/hotspot/share/memory/arena.cpp:195), pid=9460, tid=7668
#
# JRE version: OpenJDK Runtime Environment (15.0.2+7) (build 15.0.2+7-27)
# Java VM: OpenJDK 64-Bit Server VM (15.0.2+7-27, mixed mode, tiered, compressed oops, g1 gc, windows-amd64)
# No core dump will be written. Minidumps are not enabled by default on client versions of Windows
#

---------------  S U M M A R Y ------------

Command Line: -Dfile.encoding=UTF-8 -XX:+ShowCodeDetailsInExceptionMessages com.java.happyZoo_app.HappyZooAppApplication

Host: Intel(R) Core(TM) i5-4210U CPU @ 1.70GHz, 4 cores, 3G,  Windows 8.1 , 64 bit Build 9600 (6.3.9600.17056)
Time: Sun Jul 11 20:48:15 2021 Naoaianeia a?aiy (ceia) elapsed time: 15.521275 seconds (0d 0h 0m 15s)

---------------  T H R E A D  ---------------

Current thread (0x00000007df0b7de0):  JavaThread "C2 CompilerThread0" daemon [_thread_in_native, id=7668, stack(0x00000007dfc60000,0x00000007dfd60000)]


Current CompileTask:
C2:  15521 3755       4       jdk.internal.org.objectweb.asm.Frame::execute (2305 bytes)

Stack: [0x00000007dfc60000,0x00000007dfd60000]
Native frames: (J=compiled Java code, j=interpreted, Vv=VM code, C=native code)
V  [jvm.dll+0x62ae9a]
V  [jvm.dll+0x7817a9]
V  [jvm.dll+0x782f03]
V  [jvm.dll+0x783563]
V  [jvm.dll+0x216325]
V  [jvm.dll+0x97f3a]
V  [jvm.dll+0x9861c]
V  [jvm.dll+0x32e2a8]
V  [jvm.dll+0x2f768a]
V  [jvm.dll+0x2f6a4a]
V  [jvm.dll+0x1ea705]
V  [jvm.dll+0x1e996e]
V  [jvm.dll+0x178567]
V  [jvm.dll+0x1f9225]
V  [jvm.dll+0x1f72cc]
V  [jvm.dll+0x74495d]
V  [jvm.dll+0x73d75a]
V  [jvm.dll+0x629c56]
C  [ucrtbase.DLL+0x1d912]
C  [KERNEL32.DLL+0x16ad]
C  [ntdll.dll+0x734a5]


---------------  P R O C E S S  ---------------

Threads class SMR info:
_java_thread_list=0x00000007df1be1f0, length=16, elements={
0x00000007c6de6550, 0x00000007de70f9d0, 0x00000007df094020, 0x00000007de776010,
0x00000007de7766d0, 0x00000007df0af0c0, 0x00000007df0b7de0, 0x00000007df0b8590,
0x00000007df0c0c80, 0x00000007df241560, 0x00000007df26e990, 0x00000007e51fb420,
0x00000007e75677a0, 0x00000007e55823a0, 0x00000007e0775010, 0x00000007e75cf400
}

Java Threads: ( => current thread )
  0x00000007c6de6550 JavaThread "main" [_thread_blocked, id=8452, stack(0x00000007c6480000,0x00000007c6580000)]
  0x00000007de70f9d0 JavaThread "Reference Handler" daemon [_thread_blocked, id=9300, stack(0x00000007df480000,0x00000007df580000)]
  0x00000007df094020 JavaThread "Finalizer" daemon [_thread_blocked, id=8776, stack(0x00000007df580000,0x00000007df680000)]
  0x00000007de776010 JavaThread "Signal Dispatcher" daemon [_thread_blocked, id=7092, stack(0x00000007df960000,0x00000007dfa60000)]
  0x00000007de7766d0 JavaThread "Attach Listener" daemon [_thread_blocked, id=404, stack(0x00000007dfa60000,0x00000007dfb60000)]
  0x00000007df0af0c0 JavaThread "Service Thread" daemon [_thread_blocked, id=9524, stack(0x00000007dfb60000,0x00000007dfc60000)]
=>0x00000007df0b7de0 JavaThread "C2 CompilerThread0" daemon [_thread_in_native, id=7668, stack(0x00000007dfc60000,0x00000007dfd60000)]
  0x00000007df0b8590 JavaThread "C1 CompilerThread0" daemon [_thread_blocked, id=6832, stack(0x00000007dfd60000,0x00000007dfe60000)]
  0x00000007df0c0c80 JavaThread "Sweeper thread" daemon [_thread_blocked, id=8860, stack(0x00000007dfe60000,0x00000007dff60000)]
  0x00000007df241560 JavaThread "Notification Thread" daemon [_thread_blocked, id=8736, stack(0x00000007dff60000,0x00000007e0060000)]
  0x00000007df26e990 JavaThread "Common-Cleaner" daemon [_thread_blocked, id=3720, stack(0x00000007e0160000,0x00000007e0260000)]
  0x00000007e51fb420 JavaThread "Catalina-utility-1" [_thread_blocked, id=9932, stack(0x00000007e6530000,0x00000007e6630000)]
  0x00000007e75677a0 JavaThread "Catalina-utility-2" [_thread_blocked, id=10212, stack(0x00000007e7030000,0x00000007e7130000)]
  0x00000007e55823a0 JavaThread "container-0" [_thread_blocked, id=8596, stack(0x00000007e8940000,0x00000007e8a40000)]
  0x00000007e0775010 JavaThread "HikariPool-1 housekeeper" daemon [_thread_blocked, id=4068, stack(0x00000007e8d40000,0x00000007e8e40000)]
  0x00000007e75cf400 JavaThread "HikariPool-1 connection adder" daemon [_thread_blocked, id=2252, stack(0x00000007e9040000,0x00000007e9140000)]

Other Threads:
  0x00000007de70f0c0 VMThread "VM Thread" [stack: 0x00000007def80000,0x00000007df080000] [id=2748]
  0x00000007de6e1340 WatcherThread [stack: 0x00000007e0060000,0x00000007e0160000] [id=8048]
  0x00000007c6e14bc0 GCTaskThread "GC Thread#0" [stack: 0x00000007c6bb0000,0x00000007c6cb0000] [id=4896]
  0x00000007e0509090 GCTaskThread "GC Thread#1" [stack: 0x00000007e5950000,0x00000007e5a50000] [id=2528]
  0x00000007e050a080 GCTaskThread "GC Thread#2" [stack: 0x00000007e6830000,0x00000007e6930000] [id=5592]
  0x00000007e050a3b0 GCTaskThread "GC Thread#3" [stack: 0x00000007e6930000,0x00000007e6a30000] [id=4492]
  0x00000007c6e1e070 ConcurrentGCThread "G1 Main Marker" [stack: 0x00000007dbd40000,0x00000007dbe40000] [id=10148]
  0x00000007c6e21340 ConcurrentGCThread "G1 Conc#0" [stack: 0x00000007dbe40000,0x00000007dbf40000] [id=10152]
  0x00000007c6e75330 ConcurrentGCThread "G1 Refine#0" [stack: 0x00000007de380000,0x00000007de480000] [id=7980]
  0x00000007e4a66940 ConcurrentGCThread "G1 Refine#1" [stack: 0x00000007e5a50000,0x00000007e5b50000] [id=4272]
  0x00000007c6e77910 ConcurrentGCThread "G1 Young RemSet Sampling" [stack: 0x00000007de480000,0x00000007de580000] [id=8020]

Threads with active compile tasks:
C2 CompilerThread0    25953 3755       4       jdk.internal.org.objectweb.asm.Frame::execute (2305 bytes)

VM state: at safepoint (normal execution)

VM Mutex/Monitor currently owned by a thread:  ([mutex/lock_event])
[0x00000007c6de2120] Threads_lock - owner thread: 0x00000007de70f0c0
[0x00000007c6de35f0] Heap_lock - owner thread: 0x00000007c6de6550

Heap address: 0x00000000c1200000, size: 1006 MB, Compressed Oops mode: 32-bit
CDS disabled.
Compressed class space mapped at: 0x0000000100000000-0x0000000140000000, size: 1073741824
Narrow klass base: 0x0000000000000000, Narrow klass shift: 3, Narrow klass range: 0x140000000

GC Precious Log:
 CPUs: 4 total, 4 available
 Memory: 4016M
 Large Page Support: Disabled
 NUMA Support: Disabled
 Compressed Oops: Enabled (32-bit)
 Heap Region Size: 1M
 Heap Min Capacity: 8M
 Heap Initial Capacity: 64M
 Heap Max Capacity: 1006M
 Pre-touch: Disabled
 Parallel Workers: 4
 Concurrent Workers: 1
 Concurrent Refinement Workers: 4
 Periodic GC: Disabled

Heap:
 garbage-first heap   total 61440K, used 17886K [0x00000000c1200000, 0x0000000100000000)
  region size 1024K, 4 young (4096K), 4 survivors (4096K)
 Metaspace       used 47686K, capacity 48062K, committed 48128K, reserved 1097728K
  class space    used 5751K, capacity 5880K, committed 5888K, reserved 1048576K

Heap Regions: E=young(eden), S=young(survivor), O=old, HS=humongous(starts), HC=humongous(continues), CS=collection set, F=free, OA=open archive, CA=closed archive, TAMS=top-at-mark-start (previous, next)
|   0|0x00000000c1200000, 0x00000000c1300000, 0x00000000c1300000|100%|HS|  |TAMS 0x00000000c1300000, 0x00000000c1200000| Complete 
|   1|0x00000000c1300000, 0x00000000c1400000, 0x00000000c1400000|100%| O|  |TAMS 0x00000000c1400000, 0x00000000c1300000| Untracked 
|   2|0x00000000c1400000, 0x00000000c1500000, 0x00000000c1500000|100%| O|  |TAMS 0x00000000c1500000, 0x00000000c1400000| Untracked 
|   3|0x00000000c1500000, 0x00000000c1600000, 0x00000000c1600000|100%| O|  |TAMS 0x00000000c1600000, 0x00000000c1500000| Untracked 
|   4|0x00000000c1600000, 0x00000000c1700000, 0x00000000c1700000|100%| O|  |TAMS 0x00000000c1700000, 0x00000000c1600000| Untracked 
|   5|0x00000000c1700000, 0x00000000c17ffe00, 0x00000000c1800000| 99%| O|  |TAMS 0x00000000c17ffe00, 0x00000000c1700000| Untracked 
|   6|0x00000000c1800000, 0x00000000c1900000, 0x00000000c1900000|100%| O|  |TAMS 0x00000000c1900000, 0x00000000c1800000| Untracked 
|   7|0x00000000c1900000, 0x00000000c1a00000, 0x00000000c1a00000|100%| O|  |TAMS 0x00000000c1a00000, 0x00000000c1900000| Untracked 
|   8|0x00000000c1a00000, 0x00000000c1b00000, 0x00000000c1b00000|100%| O|  |TAMS 0x00000000c1b00000, 0x00000000c1a00000| Untracked 
|   9|0x00000000c1b00000, 0x00000000c1c00000, 0x00000000c1c00000|100%| O|  |TAMS 0x00000000c1c00000, 0x00000000c1b00000| Untracked 
|  10|0x00000000c1c00000, 0x00000000c1d00000, 0x00000000c1d00000|100%| O|  |TAMS 0x00000000c1d00000, 0x00000000c1c00000| Untracked 
|  11|0x00000000c1d00000, 0x00000000c1e00000, 0x00000000c1e00000|100%| O|  |TAMS 0x00000000c1e00000, 0x00000000c1d00000| Untracked 
|  12|0x00000000c1e00000, 0x00000000c1f00000, 0x00000000c1f00000|100%| O|  |TAMS 0x00000000c1f00000, 0x00000000c1e00000| Untracked 
|  13|0x00000000c1f00000, 0x00000000c2000000, 0x00000000c2000000|100%| O|  |TAMS 0x00000000c1fe3c00, 0x00000000c1f00000| Untracked 
|  14|0x00000000c2000000, 0x00000000c2018400, 0x00000000c2100000|  9%| O|  |TAMS 0x00000000c2000000, 0x00000000c2000000| Untracked 
|  15|0x00000000c2100000, 0x00000000c2100000, 0x00000000c2200000|  0%| F|  |TAMS 0x00000000c2100000, 0x00000000c2100000| Untracked 
|  16|0x00000000c2200000, 0x00000000c2200000, 0x00000000c2300000|  0%| F|  |TAMS 0x00000000c2200000, 0x00000000c2200000| Untracked 
|  17|0x00000000c2300000, 0x00000000c2300000, 0x00000000c2400000|  0%| F|  |TAMS 0x00000000c2300000, 0x00000000c2300000| Untracked 
|  18|0x00000000c2400000, 0x00000000c2400000, 0x00000000c2500000|  0%| F|  |TAMS 0x00000000c2400000, 0x00000000c2400000| Untracked 
|  19|0x00000000c2500000, 0x00000000c2500000, 0x00000000c2600000|  0%| F|  |TAMS 0x00000000c2500000, 0x00000000c2500000| Untracked 
|  20|0x00000000c2600000, 0x00000000c2600000, 0x00000000c2700000|  0%| F|  |TAMS 0x00000000c2600000, 0x00000000c2600000| Untracked 
|  21|0x00000000c2700000, 0x00000000c2700000, 0x00000000c2800000|  0%| F|  |TAMS 0x00000000c2700000, 0x00000000c2700000| Untracked 
|  22|0x00000000c2800000, 0x00000000c2800000, 0x00000000c2900000|  0%| F|  |TAMS 0x00000000c2800000, 0x00000000c2800000| Untracked 
|  23|0x00000000c2900000, 0x00000000c295f908, 0x00000000c2a00000| 37%| S|CS|TAMS 0x00000000c2900000, 0x00000000c2900000| Complete 
|  24|0x00000000c2a00000, 0x00000000c2b00000, 0x00000000c2b00000|100%| S|CS|TAMS 0x00000000c2a00000, 0x00000000c2a00000| Complete 
|  25|0x00000000c2b00000, 0x00000000c2c00000, 0x00000000c2c00000|100%| S|CS|TAMS 0x00000000c2b00000, 0x00000000c2b00000| Complete 
|  26|0x00000000c2c00000, 0x00000000c2d00000, 0x00000000c2d00000|100%| S|CS|TAMS 0x00000000c2c00000, 0x00000000c2c00000| Complete 
|  27|0x00000000c2d00000, 0x00000000c2d00000, 0x00000000c2e00000|  0%| F|  |TAMS 0x00000000c2d00000, 0x00000000c2d00000| Untracked 
|  28|0x00000000c2e00000, 0x00000000c2e00000, 0x00000000c2f00000|  0%| F|  |TAMS 0x00000000c2e00000, 0x00000000c2e00000| Untracked 
|  29|0x00000000c2f00000, 0x00000000c2f00000, 0x00000000c3000000|  0%| F|  |TAMS 0x00000000c2f00000, 0x00000000c2f00000| Untracked 
|  30|0x00000000c3000000, 0x00000000c3000000, 0x00000000c3100000|  0%| F|  |TAMS 0x00000000c3000000, 0x00000000c3000000| Untracked 
|  31|0x00000000c3100000, 0x00000000c3100000, 0x00000000c3200000|  0%| F|  |TAMS 0x00000000c3100000, 0x00000000c3100000| Untracked 
|  32|0x00000000c3200000, 0x00000000c3200000, 0x00000000c3300000|  0%| F|  |TAMS 0x00000000c3200000, 0x00000000c3200000| Untracked 
|  33|0x00000000c3300000, 0x00000000c3300000, 0x00000000c3400000|  0%| F|  |TAMS 0x00000000c3300000, 0x00000000c3300000| Untracked 
|  34|0x00000000c3400000, 0x00000000c3400000, 0x00000000c3500000|  0%| F|  |TAMS 0x00000000c3400000, 0x00000000c3400000| Untracked 
|  35|0x00000000c3500000, 0x00000000c3500000, 0x00000000c3600000|  0%| F|  |TAMS 0x00000000c3500000, 0x00000000c3500000| Untracked 
|  36|0x00000000c3600000, 0x00000000c3600000, 0x00000000c3700000|  0%| F|  |TAMS 0x00000000c3600000, 0x00000000c3600000| Untracked 
|  37|0x00000000c3700000, 0x00000000c3700000, 0x00000000c3800000|  0%| F|  |TAMS 0x00000000c3700000, 0x00000000c3700000| Untracked 
|  38|0x00000000c3800000, 0x00000000c3800000, 0x00000000c3900000|  0%| F|  |TAMS 0x00000000c3800000, 0x00000000c3800000| Untracked 
|  39|0x00000000c3900000, 0x00000000c3900000, 0x00000000c3a00000|  0%| F|  |TAMS 0x00000000c3900000, 0x00000000c3900000| Untracked 
|  40|0x00000000c3a00000, 0x00000000c3a00000, 0x00000000c3b00000|  0%| F|  |TAMS 0x00000000c3a00000, 0x00000000c3a00000| Untracked 
|  41|0x00000000c3b00000, 0x00000000c3b00000, 0x00000000c3c00000|  0%| F|  |TAMS 0x00000000c3b00000, 0x00000000c3b00000| Untracked 
|  42|0x00000000c3c00000, 0x00000000c3c00000, 0x00000000c3d00000|  0%| F|  |TAMS 0x00000000c3c00000, 0x00000000c3c00000| Untracked 
|  43|0x00000000c3d00000, 0x00000000c3d00000, 0x00000000c3e00000|  0%| F|  |TAMS 0x00000000c3d00000, 0x00000000c3d00000| Untracked 
|  44|0x00000000c3e00000, 0x00000000c3e00000, 0x00000000c3f00000|  0%| F|  |TAMS 0x00000000c3e00000, 0x00000000c3e00000| Untracked 
|  58|0x00000000c4c00000, 0x00000000c4c00000, 0x00000000c4d00000|  0%| F|  |TAMS 0x00000000c4c00000, 0x00000000c4c00000| Untracked 
|  59|0x00000000c4d00000, 0x00000000c4d00000, 0x00000000c4e00000|  0%| F|  |TAMS 0x00000000c4d00000, 0x00000000c4d00000| Untracked 
|  60|0x00000000c4e00000, 0x00000000c4e00000, 0x00000000c4f00000|  0%| F|  |TAMS 0x00000000c4e00000, 0x00000000c4e00000| Untracked 
|  62|0x00000000c5000000, 0x00000000c5000000, 0x00000000c5100000|  0%| F|  |TAMS 0x00000000c5000000, 0x00000000c5000000| Untracked 
|  63|0x00000000c5100000, 0x00000000c5100000, 0x00000000c5200000|  0%| F|  |TAMS 0x00000000c5100000, 0x00000000c5100000| Untracked 

Card table byte_map: [0x00000007d99c0000,0x00000007d9bc0000] _byte_map_base: 0x00000007d93b7000

Marking Bits (Prev, Next): (CMBitMap*) 0x00000007c6e15430, (CMBitMap*) 0x00000007c6e15470
 Prev Bits: [0x00000007d9dc0000, 0x00000007dad78000)
 Next Bits: [0x00000007dad80000, 0x00000007dbd38000)

Polling page: 0x00000007c4bd0000

Metaspace:

Usage:
  Non-class:     41.19 MB capacity,    40.95 MB (>99%) used,   188.20 KB ( <1%) free+waste,    58.44 KB ( <1%) overhead. 
      Class:      5.74 MB capacity,     5.62 MB ( 98%) used,   107.27 KB (  2%) free+waste,    21.19 KB ( <1%) overhead. 
       Both:     46.94 MB capacity,    46.57 MB (>99%) used,   295.46 KB ( <1%) free+waste,    79.63 KB ( <1%) overhead. 

Virtual space:
  Non-class space:       48.00 MB reserved,      41.25 MB ( 86%) committed 
      Class space:        1.00 GB reserved,       5.75 MB ( <1%) committed 
             Both:        1.05 GB reserved,      47.00 MB (  4%) committed 

Chunk freelists:
   Non-Class:  58.00 KB
       Class:  8.00 KB
        Both:  66.00 KB

MaxMetaspaceSize: 17179869184.00 GB
CompressedClassSpaceSize: 1.00 GB

CodeHeap 'non-profiled nmethods': size=120000Kb used=1592Kb max_used=1592Kb free=118407Kb
 bounds [0x00000007d2290000, 0x00000007d2500000, 0x00000007d97c0000]
CodeHeap 'profiled nmethods': size=120000Kb used=7707Kb max_used=7707Kb free=112292Kb
 bounds [0x00000007cad60000, 0x00000007cb4f0000, 0x00000007d2290000]
CodeHeap 'non-nmethods': size=5760Kb used=1241Kb max_used=1262Kb free=4518Kb
 bounds [0x00000007ca7c0000, 0x00000007caa30000, 0x00000007cad60000]
 total_blobs=4336 nmethods=3823 adapters=425
 compilation: enabled
              stopped_count=0, restarted_count=0
 full_count=0

Compilation events (20 events):
Event: 12.268 Thread 0x00000007df0b8590 3779       1       org.postgresql.shaded.com.ongres.scram.common.ScramAttributes::getChar (5 bytes)
Event: 12.268 Thread 0x00000007df0b8590 nmethod 3779 0x00000007d241b890 code [0x00000007d241ba20, 0x00000007d241bad8]
Event: 12.269 Thread 0x00000007df0b8590 3781       3       java.lang.AbstractStringBuilder::setLength (66 bytes)
Event: 12.270 Thread 0x00000007df0b8590 nmethod 3781 0x00000007cb4be410 code [0x00000007cb4be640, 0x00000007cb4bed98]
Event: 12.271 Thread 0x00000007df0b8590 3782       3       org.postgresql.core.PGStream::sendChar (9 bytes)
Event: 12.271 Thread 0x00000007df0b8590 nmethod 3782 0x00000007cb4bf110 code [0x00000007cb4bf2c0, 0x00000007cb4bf488]
Event: 12.271 Thread 0x00000007df0b8590 3783  s    3       java.io.BufferedOutputStream::write (35 bytes)
Event: 12.272 Thread 0x00000007df0b8590 nmethod 3783 0x00000007cb4bf590 code [0x00000007cb4bf740, 0x00000007cb4bfae8]
Event: 12.289 Thread 0x00000007df0b8590 3785       2       jdk.internal.loader.BuiltinClassLoader$1::hasNext (93 bytes)
Event: 12.290 Thread 0x00000007df0b8590 nmethod 3785 0x00000007cb4bfc90 code [0x00000007cb4bfe80, 0x00000007cb4c0288]
Event: 12.291 Thread 0x00000007df0b8590 3786       2       java.util.Spliterators$1Adapter::hasNext (23 bytes)
Event: 12.291 Thread 0x00000007df0b8590 nmethod 3786 0x00000007cb4c0410 code [0x00000007cb4c05a0, 0x00000007cb4c06e8]
Event: 12.291 Thread 0x00000007df0b8590 3787       2       jdk.internal.loader.BuiltinClassLoader$1::hasMoreElements (5 bytes)
Event: 12.292 Thread 0x00000007df0b8590 nmethod 3787 0x00000007cb4c0790 code [0x00000007cb4c0920, 0x00000007cb4c0a28]
Event: 12.293 Thread 0x00000007df0b8590 3788       2       jdk.internal.loader.BuiltinClassLoader::findResources (182 bytes)
Event: 12.296 Thread 0x00000007df0b8590 nmethod 3788 0x00000007cb4c0b10 code [0x00000007cb4c0dc0, 0x00000007cb4c1948]
Event: 12.296 Thread 0x00000007df0b8590 3789       2       jdk.internal.loader.BuiltinClassLoader::findResourcesOnClassPath (43 bytes)
Event: 12.297 Thread 0x00000007df0b8590 nmethod 3789 0x00000007cb4c2110 code [0x00000007cb4c22e0, 0x00000007cb4c2558]
Event: 12.297 Thread 0x00000007df0b8590 3790       2       jdk.internal.loader.BuiltinClassLoader$1::<init> (33 bytes)
Event: 12.297 Thread 0x00000007df0b8590 nmethod 3790 0x00000007cb4c2710 code [0x00000007cb4c28c0, 0x00000007cb4c2b68]

GC Heap History (20 events):
Event: 2.638 GC heap before
{Heap before GC invocations=2 (full 0):
 garbage-first heap   total 65536K, used 28557K [0x00000000c1200000, 0x0000000100000000)
  region size 1024K, 22 young (22528K), 1 survivors (1024K)
 Metaspace       used 20221K, capacity 20462K, committed 20608K, reserved 1067008K
  class space    used 2072K, capacity 2147K, committed 2176K, reserved 1048576K
}
Event: 2.643 GC heap after
{Heap after GC invocations=3 (full 0):
 garbage-first heap   total 65536K, used 8383K [0x00000000c1200000, 0x0000000100000000)
  region size 1024K, 3 young (3072K), 3 survivors (3072K)
 Metaspace       used 20221K, capacity 20462K, committed 20608K, reserved 1067008K
  class space    used 2072K, capacity 2147K, committed 2176K, reserved 1048576K
}
Event: 2.679 GC heap before
{Heap before GC invocations=3 (full 0):
 garbage-first heap   total 65536K, used 10431K [0x00000000c1200000, 0x0000000100000000)
  region size 1024K, 6 young (6144K), 3 survivors (3072K)
 Metaspace       used 20881K, capacity 21134K, committed 21248K, reserved 1069056K
  class space    used 2168K, capacity 2243K, committed 2304K, reserved 1048576K
}
Event: 2.684 GC heap after
{Heap after GC invocations=4 (full 0):
 garbage-first heap   total 65536K, used 8553K [0x00000000c1200000, 0x0000000100000000)
  region size 1024K, 3 young (3072K), 3 survivors (3072K)
 Metaspace       used 20881K, capacity 21134K, committed 21248K, reserved 1069056K
  class space    used 2168K, capacity 2243K, committed 2304K, reserved 1048576K
}
Event: 4.046 GC heap before
{Heap before GC invocations=5 (full 0):
 garbage-first heap   total 37888K, used 36201K [0x00000000c1200000, 0x0000000100000000)
  region size 1024K, 31 young (31744K), 3 survivors (3072K)
 Metaspace       used 24219K, capacity 24443K, committed 24576K, reserved 1071104K
  class space    used 2620K, capacity 2703K, committed 2816K, reserved 1048576K
}
Event: 4.053 GC heap after
{Heap after GC invocations=6 (full 0):
 garbage-first heap   total 41984K, used 9641K [0x00000000c1200000, 0x0000000100000000)
  region size 1024K, 4 young (4096K), 4 survivors (4096K)
 Metaspace       used 24219K, capacity 24443K, committed 24576K, reserved 1071104K
  class space    used 2620K, capacity 2703K, committed 2816K, reserved 1048576K
}
Event: 4.060 GC heap before
{Heap before GC invocations=6 (full 0):
 garbage-first heap   total 41984K, used 27049K [0x00000000c1200000, 0x0000000100000000)
  region size 1024K, 22 young (22528K), 4 survivors (4096K)
 Metaspace       used 24219K, capacity 24443K, committed 24576K, reserved 1071104K
  class space    used 2620K, capacity 2703K, committed 2816K, reserved 1048576K
}
Event: 4.069 GC heap after
{Heap after GC invocations=7 (full 0):
 garbage-first heap   total 41984K, used 9842K [0x00000000c1200000, 0x0000000100000000)
  region size 1024K, 2 young (2048K), 2 survivors (2048K)
 Metaspace       used 24219K, capacity 24443K, committed 24576K, reserved 1071104K
  class space    used 2620K, capacity 2703K, committed 2816K, reserved 1048576K
}
Event: 4.908 GC heap before
{Heap before GC invocations=7 (full 0):
 garbage-first heap   total 41984K, used 28274K [0x00000000c1200000, 0x0000000100000000)
  region size 1024K, 21 young (21504K), 2 survivors (2048K)
 Metaspace       used 25830K, capacity 26147K, committed 26240K, reserved 1073152K
  class space    used 2784K, capacity 2883K, committed 2944K, reserved 1048576K
}
Event: 4.914 GC heap after
{Heap after GC invocations=8 (full 0):
 garbage-first heap   total 41984K, used 10603K [0x00000000c1200000, 0x0000000100000000)
  region size 1024K, 3 young (3072K), 3 survivors (3072K)
 Metaspace       used 25830K, capacity 26147K, committed 26240K, reserved 1073152K
  class space    used 2784K, capacity 2883K, committed 2944K, reserved 1048576K
}
Event: 6.014 GC heap before
{Heap before GC invocations=8 (full 0):
 garbage-first heap   total 41984K, used 30059K [0x00000000c1200000, 0x0000000100000000)
  region size 1024K, 22 young (22528K), 3 survivors (3072K)
 Metaspace       used 28417K, capacity 28713K, committed 28928K, reserved 1075200K
  class space    used 3127K, capacity 3221K, committed 3328K, reserved 1048576K
}
Event: 6.027 GC heap after
{Heap after GC invocations=9 (full 0):
 garbage-first heap   total 51200K, used 11436K [0x00000000c1200000, 0x0000000100000000)
  region size 1024K, 3 young (3072K), 3 survivors (3072K)
 Metaspace       used 28417K, capacity 28713K, committed 28928K, reserved 1075200K
  class space    used 3127K, capacity 3221K, committed 3328K, reserved 1048576K
}
Event: 8.498 GC heap before
{Heap before GC invocations=9 (full 0):
 garbage-first heap   total 51200K, used 39084K [0x00000000c1200000, 0x0000000100000000)
  region size 1024K, 30 young (30720K), 3 survivors (3072K)
 Metaspace       used 34349K, capacity 34704K, committed 34816K, reserved 1079296K
  class space    used 3888K, capacity 4014K, committed 4096K, reserved 1048576K
}
Event: 8.518 GC heap after
{Heap after GC invocations=10 (full 0):
 garbage-first heap   total 51200K, used 14195K [0x00000000c1200000, 0x0000000100000000)
  region size 1024K, 4 young (4096K), 4 survivors (4096K)
 Metaspace       used 34349K, capacity 34704K, committed 34816K, reserved 1079296K
  class space    used 3888K, capacity 4014K, committed 4096K, reserved 1048576K
}
Event: 8.858 GC heap before
{Heap before GC invocations=10 (full 0):
 garbage-first heap   total 51200K, used 38771K [0x00000000c1200000, 0x0000000100000000)
  region size 1024K, 29 young (29696K), 4 survivors (4096K)
 Metaspace       used 34749K, capacity 35088K, committed 35328K, reserved 1081344K
  class space    used 3921K, capacity 4014K, committed 4096K, reserved 1048576K
}
Event: 8.878 GC heap after
{Heap after GC invocations=11 (full 0):
 garbage-first heap   total 51200K, used 14933K [0x00000000c1200000, 0x0000000100000000)
  region size 1024K, 1 young (1024K), 1 survivors (1024K)
 Metaspace       used 34749K, capacity 35088K, committed 35328K, reserved 1081344K
  class space    used 3921K, capacity 4014K, committed 4096K, reserved 1048576K
}
Event: 9.334 GC heap before
{Heap before GC invocations=11 (full 0):
 garbage-first heap   total 51200K, used 33365K [0x00000000c1200000, 0x0000000100000000)
  region size 1024K, 21 young (21504K), 1 survivors (1024K)
 Metaspace       used 35195K, capacity 35603K, committed 35840K, reserved 1081344K
  class space    used 3968K, capacity 4079K, committed 4096K, reserved 1048576K
}
Event: 9.338 GC heap after
{Heap after GC invocations=12 (full 0):
 garbage-first heap   total 51200K, used 14556K [0x00000000c1200000, 0x0000000100000000)
  region size 1024K, 1 young (1024K), 1 survivors (1024K)
 Metaspace       used 35195K, capacity 35603K, committed 35840K, reserved 1081344K
  class space    used 3968K, capacity 4079K, committed 4096K, reserved 1048576K
}
Event: 11.671 GC heap before
{Heap before GC invocations=13 (full 0):
 garbage-first heap   total 51200K, used 40156K [0x00000000c1200000, 0x0000000100000000)
  region size 1024K, 27 young (27648K), 1 survivors (1024K)
 Metaspace       used 41456K, capacity 41845K, committed 41984K, reserved 1087488K
  class space    used 4711K, capacity 4854K, committed 4864K, reserved 1048576K
}
Event: 11.685 GC heap after
{Heap after GC invocations=14 (full 0):
 garbage-first heap   total 51200K, used 16475K [0x00000000c1200000, 0x0000000100000000)
  region size 1024K, 3 young (3072K), 3 survivors (3072K)
 Metaspace       used 41456K, capacity 41845K, committed 41984K, reserved 1087488K
  class space    used 4711K, capacity 4854K, committed 4864K, reserved 1048576K
}

Deoptimization events (20 events):
Event: 10.834 Thread 0x00000007e75cf400 DEOPT PACKING pc=0x00000007cb4710eb sp=0x00000007e913e0d0
Event: 10.834 Thread 0x00000007e75cf400 DEOPT UNPACKING pc=0x00000007ca80e23f sp=0x00000007e913d5a8 mode 0
Event: 10.847 Thread 0x00000007c6de6550 Uncommon trap: trap_request=0xfffffff4 fr.pc=0x00000007d2383bf8 relative=0x00000000000008b8
Event: 10.847 Thread 0x00000007c6de6550 Uncommon trap: reason=null_check action=make_not_entrant pc=0x00000007d2383bf8 method=org.springframework.beans.factory.support.DefaultListableBeanFactory.getBeanDefinition(Ljava/lang/String;)Lorg/springframework/beans/factory/config/BeanDefinition; @ 10 
Event: 10.847 Thread 0x00000007c6de6550 DEOPT PACKING pc=0x00000007d2383bf8 sp=0x00000007c657d9b0
Event: 10.847 Thread 0x00000007c6de6550 DEOPT UNPACKING pc=0x00000007ca80e42f sp=0x00000007c657d8d8 mode 2
Event: 10.886 Thread 0x00000007c6de6550 Uncommon trap: trap_request=0xffffff45 fr.pc=0x00000007d23de6cc relative=0x000000000000248c
Event: 10.886 Thread 0x00000007c6de6550 Uncommon trap: reason=unstable_if action=reinterpret pc=0x00000007d23de6cc method=java.net.URL.<init>(Ljava/net/URL;Ljava/lang/String;Ljava/net/URLStreamHandler;)V @ 57 c2
Event: 10.886 Thread 0x00000007c6de6550 DEOPT PACKING pc=0x00000007d23de6cc sp=0x00000007c657e330
Event: 10.886 Thread 0x00000007c6de6550 DEOPT UNPACKING pc=0x00000007ca80e42f sp=0x00000007c657e2f0 mode 2
Event: 10.886 Thread 0x00000007c6de6550 Uncommon trap: trap_request=0xffffff45 fr.pc=0x00000007d23e57ac relative=0x00000000000001ac
Event: 10.886 Thread 0x00000007c6de6550 Uncommon trap: reason=unstable_if action=reinterpret pc=0x00000007d23e57ac method=java.lang.StringLatin1.indexOf([B[B)I @ 9 c2
Event: 10.886 Thread 0x00000007c6de6550 DEOPT PACKING pc=0x00000007d23e57ac sp=0x00000007c657e380
Event: 10.886 Thread 0x00000007c6de6550 DEOPT UNPACKING pc=0x00000007ca80e42f sp=0x00000007c657e310 mode 2
Event: 11.119 Thread 0x00000007e75cf400 DEOPT PACKING pc=0x00000007cb4710eb sp=0x00000007e913e0d0
Event: 11.119 Thread 0x00000007e75cf400 DEOPT UNPACKING pc=0x00000007ca80e23f sp=0x00000007e913d5a8 mode 0
Event: 11.484 Thread 0x00000007e75cf400 DEOPT PACKING pc=0x00000007cb4710eb sp=0x00000007e913e0d0
Event: 11.484 Thread 0x00000007e75cf400 DEOPT UNPACKING pc=0x00000007ca80e23f sp=0x00000007e913d5a8 mode 0
Event: 11.867 Thread 0x00000007e75cf400 DEOPT PACKING pc=0x00000007cb4710eb sp=0x00000007e913e0d0
Event: 11.867 Thread 0x00000007e75cf400 DEOPT UNPACKING pc=0x00000007ca80e23f sp=0x00000007e913d5a8 mode 0

Classes unloaded (0 events):
No events

Classes redefined (0 events):
No events

Internal exceptions (20 events):
Event: 6.764 Thread 0x00000007c6de6550 Exception <a 'java/lang/ClassNotFoundException'{0x00000000c39147a8}: org/springframework/transaction/annotation/AbstractTransactionManagementConfigurationCustomizer> (0x00000000c39147a8) 
thrown [./open/src/hotspot/share/classfile/systemDictionary.cpp, line 295]
Event: 6.765 Thread 0x00000007c6de6550 Exception <a 'java/lang/ClassNotFoundException'{0x00000000c3919ee8}: org/springframework/transaction/annotation/ProxyTransactionManagementConfigurationCustomizer> (0x00000000c3919ee8) 
thrown [./open/src/hotspot/share/classfile/systemDictionary.cpp, line 295]
Event: 6.767 Thread 0x00000007c6de6550 Exception <a 'java/lang/ClassNotFoundException'{0x00000000c3920b90}: org/springframework/context/annotation/ImportAwareCustomizer> (0x00000000c3920b90) 
thrown [./open/src/hotspot/share/classfile/systemDictionary.cpp, line 295]
Event: 6.768 Thread 0x00000007c6de6550 Exception <a 'java/lang/ClassNotFoundException'{0x00000000c3924930}: org/springframework/beans/factory/AwareCustomizer> (0x00000000c3924930) 
thrown [./open/src/hotspot/share/classfile/systemDictionary.cpp, line 295]
Event: 6.886 Thread 0x00000007c6de6550 Exception <a 'java/lang/NoSuchMethodError'{0x00000000c3750400}: 'java.lang.Object java.lang.invoke.DirectMethodHandle$Holder.invokeSpecialIFC(java.lang.Object, java.lang.Object, java.lang.Object)'> (0x00000000c3750400) 
thrown [./open/src/hotspot/share/interpreter/linkResolver.cpp, line 782]
Event: 7.243 Thread 0x00000007c6de6550 Exception <a 'java/lang/NoSuchMethodError'{0x00000000c36b6358}: 'int java.lang.invoke.DirectMethodHandle$Holder.invokeSpecial(java.lang.Object, java.lang.Object, java.lang.Object, java.lang.Object, java.lang.Object)'> (0x00000000c36b6358) 
thrown [./open/src/hotspot/share/interpreter/linkResolver.cpp, line 782]
Event: 7.772 Thread 0x00000007c6de6550 Exception <a 'java/lang/NoSuchMethodError'{0x00000000c3305bf0}: 'void java.lang.invoke.DirectMethodHandle$Holder.invokeInterface(java.lang.Object, java.lang.Object, int)'> (0x00000000c3305bf0) 
thrown [./open/src/hotspot/share/interpreter/linkResolver.cpp, line 782]
Event: 7.778 Thread 0x00000007c6de6550 Exception <a 'java/lang/NoSuchMethodError'{0x00000000c3321450}: 'int java.lang.invoke.DirectMethodHandle$Holder.invokeVirtual(java.lang.Object, java.lang.Object)'> (0x00000000c3321450) 
thrown [./open/src/hotspot/share/interpreter/linkResolver.cpp, line 782]
Event: 7.791 Thread 0x00000007c6de6550 Exception <a 'java/lang/IncompatibleClassChangeError'{0x00000000c335ec30}: Found class java.lang.Object, but interface was expected> (0x00000000c335ec30) 
thrown [./open/src/hotspot/share/interpreter/linkResolver.cpp, line 848]
Event: 7.793 Thread 0x00000007c6de6550 Exception <a 'java/lang/NoSuchMethodError'{0x00000000c3364318}: 'void java.lang.invoke.DirectMethodHandle$Holder.invokeStatic(java.lang.Object, int, java.lang.Object)'> (0x00000000c3364318) 
thrown [./open/src/hotspot/share/interpreter/linkResolver.cpp, line 782]
Event: 7.805 Thread 0x00000007c6de6550 Exception <a 'java/lang/NoSuchMethodError'{0x00000000c3395080}: 'int java.lang.invoke.DirectMethodHandle$Holder.invokeSpecial(java.lang.Object, java.lang.Object, int)'> (0x00000000c3395080) 
thrown [./open/src/hotspot/share/interpreter/linkResolver.cpp, line 782]
Event: 8.073 Thread 0x00000007c6de6550 Exception <a 'java/lang/NoSuchMethodError'{0x00000000c2f979c8}: 'java.lang.Object java.lang.invoke.DirectMethodHandle$Holder.invokeStaticInit(java.lang.Object, int, int, int, int)'> (0x00000000c2f979c8) 
thrown [./open/src/hotspot/share/interpreter/linkResolver.cpp, line 782]
Event: 8.211 Thread 0x00000007c6de6550 Exception <a 'java/lang/NoSuchMethodError'{0x00000000c2e7c3f0}: 'java.lang.Object java.lang.invoke.DirectMethodHandle$Holder.invokeStaticInit(java.lang.Object, java.lang.Object, int, int, int, int)'> (0x00000000c2e7c3f0) 
thrown [./open/src/hotspot/share/interpreter/linkResolver.cpp, line 782]
Event: 8.691 Thread 0x00000007c6de6550 Implicit null exception at 0x00000007d2345a08 to 0x00000007d234741c
Event: 9.237 Thread 0x00000007c6de6550 Exception <a 'java/io/FileNotFoundException'{0x00000000c328af38}> (0x00000000c328af38) 
thrown [./open/src/hotspot/share/prims/jni.cpp, line 578]
Event: 9.332 Thread 0x00000007c6de6550 Exception <a 'java/lang/NoSuchMethodError'{0x00000000c304bfb8}: 'int java.lang.invoke.DirectMethodHandle$Holder.invokeInterface(java.lang.Object, java.lang.Object, java.lang.Object, java.lang.Object)'> (0x00000000c304bfb8) 
thrown [./open/src/hotspot/share/interpreter/linkResolver.cpp, line 782]
Event: 9.459 Thread 0x00000007c6de6550 Exception <a 'java/io/FileNotFoundException'{0x00000000c50f0fb0}> (0x00000000c50f0fb0) 
thrown [./open/src/hotspot/share/prims/jni.cpp, line 578]
Event: 10.220 Thread 0x00000007c6de6550 Exception <a 'sun/nio/fs/WindowsException'{0x00000000c38c23d8}> (0x00000000c38c23d8) 
thrown [./open/src/hotspot/share/prims/jni.cpp, line 578]
Event: 10.580 Thread 0x00000007c6de6550 Exception <a 'java/lang/NoSuchMethodError'{0x00000000c3475118}: 'java.lang.Object java.lang.invoke.DirectMethodHandle$Holder.invokeStaticInit(java.lang.Object, java.lang.Object, java.lang.Object, java.lang.Object)'> (0x00000000c3475118) 
thrown [./open/src/hotspot/share/interpreter/linkResolver.cpp, line 782]
Event: 10.847 Thread 0x00000007c6de6550 Implicit null exception at 0x00000007d23838cb to 0x00000007d2383be8

Events (20 events):
Event: 12.224 loading class java/time/temporal/TemporalQueries$3
Event: 12.224 loading class java/time/temporal/TemporalQueries$3 done
Event: 12.224 loading class java/time/temporal/TemporalQueries$4
Event: 12.224 loading class java/time/temporal/TemporalQueries$4 done
Event: 12.224 loading class java/time/temporal/TemporalQueries$5
Event: 12.224 loading class java/time/temporal/TemporalQueries$5 done
Event: 12.224 loading class java/time/temporal/TemporalQueries$6
Event: 12.225 loading class java/time/temporal/TemporalQueries$6 done
Event: 12.225 loading class java/time/temporal/TemporalQueries$7
Event: 12.225 loading class java/time/temporal/TemporalQueries$7 done
Event: 12.349 loading class javax/xml/stream/XMLEventReader
Event: 12.349 loading class javax/xml/stream/XMLEventReader done
Event: 12.367 loading class javax/xml/stream/XMLEventFactory
Event: 12.367 loading class javax/xml/stream/XMLEventFactory done
Event: 12.368 loading class javax/xml/stream/FactoryFinder
Event: 12.368 loading class javax/xml/stream/FactoryFinder done
Event: 12.371 loading class javax/xml/stream/FactoryFinder$1
Event: 12.371 loading class javax/xml/stream/FactoryFinder$1 done
Event: 12.372 loading class com/sun/xml/internal/stream/events/XMLEventFactoryImpl
Event: 12.373 loading class com/sun/xml/internal/stream/events/XMLEventFactoryImpl done


Dynamic libraries:
0x00007ff682960000 - 0x00007ff68296d000 	C:\Users\Таня\.p2\pool\plugins\org.eclipse.justj.openjdk.hotspot.jre.full.win32.x86_64_15.0.2.v20210201-0955\jre\bin\javaw.exe
0x00007ffd922d0000 - 0x00007ffd9247a000 	C:\WINDOWS\SYSTEM32\ntdll.dll
0x00007ffd8fca0000 - 0x00007ffd8fdda000 	C:\WINDOWS\system32\KERNEL32.DLL
0x00007ffd7b690000 - 0x00007ffd7b6a3000 	C:\Program Files\AVAST Software\Avast\aswhook.dll
0x00007ffd8f7b0000 - 0x00007ffd8f8bf000 	C:\WINDOWS\system32\KERNELBASE.dll
0x00007ffd7ff80000 - 0x00007ffd7ff98000 	C:\Users\Таня\.p2\pool\plugins\org.eclipse.justj.openjdk.hotspot.jre.full.win32.x86_64_15.0.2.v20210201-0955\jre\bin\jli.dll
0x00007ffd7fef0000 - 0x00007ffd7ff09000 	C:\Users\Таня\.p2\pool\plugins\org.eclipse.justj.openjdk.hotspot.jre.full.win32.x86_64_15.0.2.v20210201-0955\jre\bin\VCRUNTIME140.dll
0x00007ffd83650000 - 0x00007ffd83654000 	C:\Users\Таня\.p2\pool\plugins\org.eclipse.justj.openjdk.hotspot.jre.full.win32.x86_64_15.0.2.v20210201-0955\jre\bin\api-ms-win-crt-stdio-l1-1-0.dll
0x00007ffd82ea0000 - 0x00007ffd82ea4000 	C:\Users\Таня\.p2\pool\plugins\org.eclipse.justj.openjdk.hotspot.jre.full.win32.x86_64_15.0.2.v20210201-0955\jre\bin\api-ms-win-crt-runtime-l1-1-0.dll
0x00007ffd82530000 - 0x00007ffd82533000 	C:\Users\Таня\.p2\pool\plugins\org.eclipse.justj.openjdk.hotspot.jre.full.win32.x86_64_15.0.2.v20210201-0955\jre\bin\api-ms-win-crt-environment-l1-1-0.dll
0x00007ffd811d0000 - 0x00007ffd811d5000 	C:\Users\Таня\.p2\pool\plugins\org.eclipse.justj.openjdk.hotspot.jre.full.win32.x86_64_15.0.2.v20210201-0955\jre\bin\api-ms-win-crt-math-l1-1-0.dll
0x00007ffd80ff0000 - 0x00007ffd80ff3000 	C:\Users\Таня\.p2\pool\plugins\org.eclipse.justj.openjdk.hotspot.jre.full.win32.x86_64_15.0.2.v20210201-0955\jre\bin\api-ms-win-crt-locale-l1-1-0.dll
0x00007ffd7ff70000 - 0x00007ffd7ff73000 	C:\Users\Таня\.p2\pool\plugins\org.eclipse.justj.openjdk.hotspot.jre.full.win32.x86_64_15.0.2.v20210201-0955\jre\bin\api-ms-win-crt-heap-l1-1-0.dll
0x00007ffd8d560000 - 0x00007ffd8d7ba000 	C:\WINDOWS\WinSxS\amd64_microsoft.windows.common-controls_6595b64144ccf1df_6.0.9600.17031_none_6242a4b3ecbb55a1\COMCTL32.dll
0x00007ffd91c30000 - 0x00007ffd91da1000 	C:\WINDOWS\system32\USER32.dll
0x00007ffd7fee0000 - 0x00007ffd7fee3000 	C:\Users\Таня\.p2\pool\plugins\org.eclipse.justj.openjdk.hotspot.jre.full.win32.x86_64_15.0.2.v20210201-0955\jre\bin\api-ms-win-crt-filesystem-l1-1-0.dll
0x00007ffd7fed0000 - 0x00007ffd7fed4000 	C:\Users\Таня\.p2\pool\plugins\org.eclipse.justj.openjdk.hotspot.jre.full.win32.x86_64_15.0.2.v20210201-0955\jre\bin\api-ms-win-crt-string-l1-1-0.dll
0x00007ffd7fec0000 - 0x00007ffd7fec4000 	C:\Users\Таня\.p2\pool\plugins\org.eclipse.justj.openjdk.hotspot.jre.full.win32.x86_64_15.0.2.v20210201-0955\jre\bin\api-ms-win-crt-convert-l1-1-0.dll
0x00007ffd91720000 - 0x00007ffd917c7000 	C:\WINDOWS\system32\msvcrt.dll
0x00007ffd8fb50000 - 0x00007ffd8fc94000 	C:\WINDOWS\system32\GDI32.dll
0x00007ffd74660000 - 0x00007ffd7475a000 	C:\Users\Таня\.p2\pool\plugins\org.eclipse.justj.openjdk.hotspot.jre.full.win32.x86_64_15.0.2.v20210201-0955\jre\bin\ucrtbase.DLL
0x00007ffd91db0000 - 0x00007ffd91de4000 	C:\WINDOWS\system32\IMM32.DLL
0x00007ffd8fe40000 - 0x00007ffd8ff79000 	C:\WINDOWS\system32\MSCTF.dll
0x00007ffd7feb0000 - 0x00007ffd7febc000 	C:\Users\Таня\.p2\pool\plugins\org.eclipse.justj.openjdk.hotspot.jre.full.win32.x86_64_15.0.2.v20210201-0955\jre\bin\vcruntime140_1.dll
0x00007ffd73370000 - 0x00007ffd73401000 	C:\Users\Таня\.p2\pool\plugins\org.eclipse.justj.openjdk.hotspot.jre.full.win32.x86_64_15.0.2.v20210201-0955\jre\bin\msvcp140.dll
0x00007ffd7fea0000 - 0x00007ffd7fea3000 	C:\Users\Таня\.p2\pool\plugins\org.eclipse.justj.openjdk.hotspot.jre.full.win32.x86_64_15.0.2.v20210201-0955\jre\bin\api-ms-win-crt-time-l1-1-0.dll
0x00007ffd7fe90000 - 0x00007ffd7fe93000 	C:\Users\Таня\.p2\pool\plugins\org.eclipse.justj.openjdk.hotspot.jre.full.win32.x86_64_15.0.2.v20210201-0955\jre\bin\api-ms-win-crt-utility-l1-1-0.dll
0x00007ffd550d0000 - 0x00007ffd55c2e000 	C:\Users\Таня\.p2\pool\plugins\org.eclipse.justj.openjdk.hotspot.jre.full.win32.x86_64_15.0.2.v20210201-0955\jre\bin\server\jvm.dll
0x00007ffd91470000 - 0x00007ffd91515000 	C:\WINDOWS\system32\ADVAPI32.dll
0x00007ffd88040000 - 0x00007ffd88049000 	C:\WINDOWS\SYSTEM32\WSOCK32.dll
0x00007ffd82b50000 - 0x00007ffd82b6f000 	C:\WINDOWS\SYSTEM32\WINMM.dll
0x00007ffd8c940000 - 0x00007ffd8c94a000 	C:\WINDOWS\SYSTEM32\VERSION.dll
0x00007ffd8ff80000 - 0x00007ffd8ff87000 	C:\WINDOWS\system32\PSAPI.DLL
0x00007ffd91410000 - 0x00007ffd91467000 	C:\WINDOWS\SYSTEM32\sechost.dll
0x00007ffd91840000 - 0x00007ffd91977000 	C:\WINDOWS\system32\RPCRT4.dll
0x00007ffd916c0000 - 0x00007ffd91718000 	C:\WINDOWS\system32\WS2_32.dll
0x00007ffd82b20000 - 0x00007ffd82b4a000 	C:\WINDOWS\SYSTEM32\WINMMBASE.dll
0x00007ffd91830000 - 0x00007ffd91839000 	C:\WINDOWS\system32\NSI.dll
0x00007ffd8f760000 - 0x00007ffd8f7aa000 	C:\WINDOWS\SYSTEM32\cfgmgr32.dll
0x00007ffd8e160000 - 0x00007ffd8e186000 	C:\WINDOWS\SYSTEM32\DEVOBJ.dll
0x00007ffd837e0000 - 0x00007ffd837ea000 	C:\Users\Таня\.p2\pool\plugins\org.eclipse.justj.openjdk.hotspot.jre.full.win32.x86_64_15.0.2.v20210201-0955\jre\bin\jimage.dll
0x00007ffd8a020000 - 0x00007ffd8a1a8000 	C:\WINDOWS\SYSTEM32\DBGHELP.DLL
0x00007ffd83540000 - 0x00007ffd83565000 	C:\Users\Таня\.p2\pool\plugins\org.eclipse.justj.openjdk.hotspot.jre.full.win32.x86_64_15.0.2.v20210201-0955\jre\bin\java.dll
0x00007ffd836d0000 - 0x00007ffd836e8000 	C:\Users\Таня\.p2\pool\plugins\org.eclipse.justj.openjdk.hotspot.jre.full.win32.x86_64_15.0.2.v20210201-0955\jre\bin\zip.dll
0x00007ffd8fff0000 - 0x00007ffd9140f000 	C:\WINDOWS\system32\SHELL32.dll
0x00007ffd91990000 - 0x00007ffd91b66000 	C:\WINDOWS\SYSTEM32\combase.dll
0x00007ffd917d0000 - 0x00007ffd91821000 	C:\WINDOWS\system32\SHLWAPI.dll
0x00007ffd8ebc0000 - 0x00007ffd8ec5f000 	C:\WINDOWS\SYSTEM32\SHCORE.dll
0x00007ffd8f640000 - 0x00007ffd8f654000 	C:\WINDOWS\SYSTEM32\profapi.dll
0x00007ffd83520000 - 0x00007ffd83539000 	C:\Users\Таня\.p2\pool\plugins\org.eclipse.justj.openjdk.hotspot.jre.full.win32.x86_64_15.0.2.v20210201-0955\jre\bin\net.dll
0x00007ffd87a10000 - 0x00007ffd87ad5000 	C:\WINDOWS\SYSTEM32\WINHTTP.dll
0x00007ffd8eb40000 - 0x00007ffd8eb98000 	C:\WINDOWS\system32\mswsock.dll
0x00007ffd82ef0000 - 0x00007ffd82f02000 	C:\Users\Таня\.p2\pool\plugins\org.eclipse.justj.openjdk.hotspot.jre.full.win32.x86_64_15.0.2.v20210201-0955\jre\bin\nio.dll
0x00007ffd837d0000 - 0x00007ffd837e0000 	C:\Users\Таня\.p2\pool\plugins\org.eclipse.justj.openjdk.hotspot.jre.full.win32.x86_64_15.0.2.v20210201-0955\jre\bin\verify.dll
0x00007ffd7fe00000 - 0x00007ffd7fe09000 	C:\Users\Таня\.p2\pool\plugins\org.eclipse.justj.openjdk.hotspot.jre.full.win32.x86_64_15.0.2.v20210201-0955\jre\bin\management.dll
0x00007ffd7fdf0000 - 0x00007ffd7fdfb000 	C:\Users\Таня\.p2\pool\plugins\org.eclipse.justj.openjdk.hotspot.jre.full.win32.x86_64_15.0.2.v20210201-0955\jre\bin\management_ext.dll
0x00007ffd82820000 - 0x00007ffd82834000 	C:\WINDOWS\system32\napinsp.dll
0x00007ffd82800000 - 0x00007ffd82819000 	C:\WINDOWS\system32\pnrpnsp.dll
0x00007ffd89d60000 - 0x00007ffd89d79000 	C:\WINDOWS\system32\NLAapi.dll
0x00007ffd8e950000 - 0x00007ffd8e9f3000 	C:\WINDOWS\SYSTEM32\DNSAPI.dll
0x00007ffd827f0000 - 0x00007ffd827fc000 	C:\WINDOWS\System32\winrnr.dll
0x00007ffd827d0000 - 0x00007ffd827e3000 	C:\WINDOWS\system32\wshbth.dll
0x00007ffd827c0000 - 0x00007ffd827c9000 	C:\Windows\System32\rasadhlp.dll
0x00007ffd89ca0000 - 0x00007ffd89cc9000 	C:\WINDOWS\SYSTEM32\IPHLPAPI.DLL
0x00007ffd89c80000 - 0x00007ffd89c8a000 	C:\WINDOWS\SYSTEM32\WINNSI.DLL
0x00007ffd88c10000 - 0x00007ffd88c78000 	C:\WINDOWS\System32\fwpuclnt.dll
0x00007ffd8eba0000 - 0x00007ffd8ebbe000 	C:\WINDOWS\SYSTEM32\CRYPTSP.dll
0x0000000073300000 - 0x0000000073311000 	C:\Program Files\Common Files\Crypto Pro\AppCompat\cpadvai.dll
0x0000000073320000 - 0x0000000073327000 	C:\Program Files\Common Files\Crypto Pro\AppCompat\detoured.dll
0x00007ffd8e7e0000 - 0x00007ffd8e815000 	C:\WINDOWS\system32\rsaenh.dll
0x00007ffd8f130000 - 0x00007ffd8f156000 	C:\WINDOWS\SYSTEM32\bcrypt.dll
0x00007ffd8e8f0000 - 0x00007ffd8e90e000 	C:\WINDOWS\SYSTEM32\USERENV.dll
0x00007ffd8f450000 - 0x00007ffd8f4b0000 	C:\WINDOWS\system32\bcryptprimitives.dll
0x00007ffd8f4b0000 - 0x00007ffd8f4ba000 	C:\WINDOWS\SYSTEM32\CRYPTBASE.dll
0x00007ffd888d0000 - 0x00007ffd888e4000 	C:\WINDOWS\SYSTEM32\dhcpcsvc6.DLL
0x00007ffd88bf0000 - 0x00007ffd88c09000 	C:\WINDOWS\SYSTEM32\dhcpcsvc.DLL
0x00007ffd837b0000 - 0x00007ffd837bd000 	C:\Users\Таня\.p2\pool\plugins\org.eclipse.justj.openjdk.hotspot.jre.full.win32.x86_64_15.0.2.v20210201-0955\jre\bin\sunmscapi.dll
0x00007ffd8f8c0000 - 0x00007ffd8fa97000 	C:\WINDOWS\system32\CRYPT32.dll
0x00007ffd8f100000 - 0x00007ffd8f124000 	C:\WINDOWS\SYSTEM32\ncrypt.dll
0x00007ffd8f6f0000 - 0x00007ffd8f702000 	C:\WINDOWS\system32\MSASN1.dll
0x00007ffd8f0c0000 - 0x00007ffd8f0fa000 	C:\WINDOWS\SYSTEM32\NTASN1.dll
0x0000000073330000 - 0x000000007334f000 	C:\Program Files\Common Files\Crypto Pro\AppCompat\cpcrypt.dll

dbghelp: loaded successfully - version: 4.0.5 - missing functions: none
symbol engine: initialized successfully - sym options: 0x614 - pdb path: .;srv*c:\Symbols*http://msdl.microsoft.com/download/symbols;C:\Users\Таня\.p2\pool\plugins\org.eclipse.justj.openjdk.hotspot.jre.full.win32.x86_64_15.0.2.v20210201-0955\jre\bin;C:\WINDOWS\SYSTEM32;C:\Program Files\AVAST Software\Avast;C:\WINDOWS\WinSxS\amd64_microsoft.windows.common-controls_6595b64144ccf1df_6.0.9600.17031_none_6242a4b3ecbb55a1;C:\Users\Таня\.p2\pool\plugins\org.eclipse.justj.openjdk.hotspot.jre.full.win32.x86_64_15.0.2.v20210201-0955\jre\bin\server;C:\Program Files\Common Files\Crypto Pro\AppCompat

VM Arguments:
jvm_args: -Dfile.encoding=UTF-8 -XX:+ShowCodeDetailsInExceptionMessages 
java_command: com.java.happyZoo_app.HappyZooAppApplication
java_class_path (initial): D:\happyZoo_app\happyZoo_app\target\classes;C:\Users\Таня\.m2\repository\org\springframework\boot\spring-boot-starter-data-jpa\2.5.1\spring-boot-starter-data-jpa-2.5.1.jar;C:\Users\Таня\.m2\repository\org\springframework\boot\spring-boot-starter-aop\2.5.1\spring-boot-starter-aop-2.5.1.jar;C:\Users\Таня\.m2\repository\org\springframework\spring-aop\5.3.8\spring-aop-5.3.8.jar;C:\Users\Таня\.m2\repository\org\aspectj\aspectjweaver\1.9.6\aspectjweaver-1.9.6.jar;C:\Users\Таня\.m2\repository\org\springframework\boot\spring-boot-starter-jdbc\2.5.1\spring-boot-starter-jdbc-2.5.1.jar;C:\Users\Таня\.m2\repository\com\zaxxer\HikariCP\4.0.3\HikariCP-4.0.3.jar;C:\Users\Таня\.m2\repository\jakarta\transaction\jakarta.transaction-api\1.3.3\jakarta.transaction-api-1.3.3.jar;C:\Users\Таня\.m2\repository\jakarta\persistence\jakarta.persistence-api\2.2.3\jakarta.persistence-api-2.2.3.jar;C:\Users\Таня\.m2\repository\org\hibernate\hibernate-core\5.4.32.Final\hibernate-core-5.4.32.Final.jar;C:\Users\Таня\.m2\repository\org\jboss\logging\jboss-logging\3.4.2.Final\jboss-logging-3.4.2.Final.jar;C:\Users\Таня\.m2\repository\org\javassist\javassist\3.27.0-GA\javassist-3.27.0-GA.jar;C:\Users\Таня\.m2\repository\net\bytebuddy\byte-buddy\1.10.22\byte-buddy-1.10.22.jar;C:\Users\Таня\.m2\repository\antlr\antlr\2.7.7\antlr-2.7.7.jar;C:\Users\Таня\.m2\repository\org\jboss\jandex\2.2.3.Final\jandex-2.2.3.Final.jar;C:\Users\Таня\.m2\repository\com\fasterxml\classmate\1.5.1\classmate-1.5.1.jar;C:\Users\Таня\.m2\repository\org\dom4j\dom4j\2.1.3\dom4j-2.1.3.jar;C:\Users\Таня\.m2\repository\org\hibernate\common\hibernate-commons-annotations\5.1.2.Final\hibernate-commons-annotations-5.1.2.Final.jar;C:\Users\Таня\.m2\repository\org\glassfish\jaxb\jaxb-runtime\2.3.4\jaxb-runtime-2.3.4.jar;C:\Users\Таня\.m2\repository\org\glassfish\jaxb\txw2\2.3.4\txw2-2.3.4.jar;C:\Users\Таня\.m2\repository\com\sun\istack\istack-commons-runtime\3.0.12\istack-commons-runtime-3.0.12.jar;C:\Users\Та
Launcher Type: SUN_STANDARD

[Global flags]
     intx CICompilerCount                          = 3                                         {product} {ergonomic}
     uint ConcGCThreads                            = 1                                         {product} {ergonomic}
     uint G1ConcRefinementThreads                  = 4                                         {product} {ergonomic}
   size_t G1HeapRegionSize                         = 1048576                                   {product} {ergonomic}
    uintx GCDrainStackTargetSize                   = 64                                        {product} {ergonomic}
   size_t InitialHeapSize                          = 67108864                                  {product} {ergonomic}
   size_t MarkStackSize                            = 4194304                                   {product} {ergonomic}
   size_t MaxHeapSize                              = 1054867456                                {product} {ergonomic}
   size_t MaxNewSize                               = 632291328                                 {product} {ergonomic}
   size_t MinHeapDeltaBytes                        = 1048576                                   {product} {ergonomic}
   size_t MinHeapSize                              = 8388608                                   {product} {ergonomic}
    uintx NonNMethodCodeHeapSize                   = 5832780                                {pd product} {ergonomic}
    uintx NonProfiledCodeHeapSize                  = 122912730                              {pd product} {ergonomic}
    uintx ProfiledCodeHeapSize                     = 122912730                              {pd product} {ergonomic}
    uintx ReservedCodeCacheSize                    = 251658240                              {pd product} {ergonomic}
     bool SegmentedCodeCache                       = true                                      {product} {ergonomic}
     bool ShowCodeDetailsInExceptionMessages       = true                                   {manageable} {command line}
   size_t SoftMaxHeapSize                          = 1054867456                             {manageable} {ergonomic}
     bool UseCompressedClassPointers               = true                                 {lp64_product} {ergonomic}
     bool UseCompressedOops                        = true                                 {lp64_product} {ergonomic}
     bool UseG1GC                                  = true                                      {product} {ergonomic}
     bool UseLargePagesIndividualAllocation        = false                                  {pd product} {ergonomic}

Logging:
Log output configuration:
 #0: stdout all=warning uptime,level,tags
 #1: stderr all=off uptime,level,tags

Environment Variables:
JAVA_HOME=C:\Program Files\Java\jdk-16.0.1
PATH=C:/Users/Таня/.p2/pool/plugins/org.eclipse.justj.openjdk.hotspot.jre.full.win32.x86_64_15.0.2.v20210201-0955/jre/bin/server;C:/Users/Таня/.p2/pool/plugins/org.eclipse.justj.openjdk.hotspot.jre.full.win32.x86_64_15.0.2.v20210201-0955/jre/bin;C:\Program Files\Common Files\Oracle\Java\javapath;C:\ProgramData\Oracle\Java\javapath;C:\Program Files (x86)\Lenovo\FusionEngine;C:\Program Files (x86)\Intel\iCLS Client\;C:\Program Files\Intel\iCLS Client\;C:\WINDOWS\system32;C:\WINDOWS;C:\WINDOWS\System32\Wbem;C:\WINDOWS\System32\WindowsPowerShell\v1.0\;C:\Program Files\Intel\Intel(R) Management Engine Components\DAL;C:\Program Files\Intel\Intel(R) Management Engine Components\IPT;C:\Program Files (x86)\Intel\Intel(R) Management Engine Components\DAL;C:\Program Files (x86)\Intel\Intel(R) Management Engine Components\IPT;C:\Program Files (x86)\ATI Technologies\ATI.ACE\Core-Static;C:\Program Files (x86)\Common Files\lenovo\easyplussdk\bin;C:\Program Files (x86)\Lenovo\Password Manager\;C:\Program Files\Microsoft SQL Server\110\Tools\Binn\;C:\Program Files (x86)\Microsoft SDKs\TypeScript\1.0\;C:\Program Files\MATLAB\R20;C:\Program Files\Git\cmd;C:\Program Files\nodejs\;C:\Program Files (x86)\QuickTime\QTSystem\;C:\Program Files\dotnet\;C:\Program Files\Microsoft SQL Server\130\Tools\Binn\;c:\altera\11.0sp1\modelsim_ase\win32aloem;C:\Users\Таня\AppData\Roaming\npm;C:\Users\Таня\AppData\Local\Programs\Microsoft VS Code\bin;C:\Users\Таня\.dotnet\tools;C:\Users\Таня\Desktop;
USERNAME=Таня
OS=Windows_NT
PROCESSOR_IDENTIFIER=Intel64 Family 6 Model 69 Stepping 1, GenuineIntel



---------------  S Y S T E M  ---------------

OS:
 Windows 8.1 , 64 bit Build 9600 (6.3.9600.17056)
OS uptime: 0 days 20:20 hours

CPU: total 4 (initial active 4) (2 cores per cpu, 2 threads per core) family 6 model 69 stepping 1 microcode 0x17, cmov, cx8, fxsr, mmx, sse, sse2, sse3, ssse3, sse4.1, sse4.2, popcnt, vzeroupper, avx, avx2, aes, clmul, erms, lzcnt, ht, tsc, tscinvbit, bmi1, bmi2, fma, clflush

Memory: 4k page, system-wide physical 4016M (178M free)
TotalPageFile size 7040M (AvailPageFile size 69M)
current process WorkingSet (physical memory assigned to process): 180M, peak: 180M
current process commit charge ("private bytes"): 203M, peak: 213M

vm_info: OpenJDK 64-Bit Server VM (15.0.2+7-27) for windows-amd64 JRE (15.0.2+7-27), built on Dec  7 2020 20:02:38 by "mach5one" with unknown MS VC++:1925

END.
