#
# There is insufficient memory for the Java Runtime Environment to continue.
# Native memory allocation (malloc) failed to allocate 32744 bytes for ChunkPool::allocate
# Possible reasons:
#   The system is out of physical RAM or swap space
#   The process is running with CompressedOops enabled, and the Java Heap may be blocking the growth of the native heap
# Possible solutions:
#   Reduce memory load on the system
#   Increase physical memory or swap space
#   Check if swap backing store is full
#   Decrease Java heap size (-Xmx/-Xms)
#   Decrease number of Java threads
#   Decrease Java thread stack sizes (-Xss)
#   Set larger code cache with -XX:ReservedCodeCacheSize=
#   JVM is running with Unscaled Compressed Oops mode in which the Java heap is
#     placed in the first 4GB address space. The Java Heap base address is the
#     maximum limit for the native heap growth. Please use -XX:HeapBaseMinAddress
#     to set the Java Heap base and to place the Java Heap above 4GB virtual address.
# This output file may be truncated or incomplete.
#
#  Out of Memory Error (./open/src/hotspot/share/memory/arena.cpp:79), pid=8340, tid=5620
#
# JRE version: OpenJDK Runtime Environment (15.0.2+7) (build 15.0.2+7-27)
# Java VM: OpenJDK 64-Bit Server VM (15.0.2+7-27, mixed mode, tiered, compressed oops, g1 gc, windows-amd64)
# No core dump will be written. Minidumps are not enabled by default on client versions of Windows
#

---------------  S U M M A R Y ------------

Command Line: -Dfile.encoding=UTF-8 -XX:+ShowCodeDetailsInExceptionMessages com.java.happyZoo_app.HappyZooAppApplication

Host: Intel(R) Core(TM) i5-4210U CPU @ 1.70GHz, 4 cores, 3G,  Windows 8.1 , 64 bit Build 9600 (6.3.9600.17056)
Time: Wed Jul  7 06:51:34 2021 Naoaianeia a?aiy (ceia) elapsed time: 0.489959 seconds (0d 0h 0m 0s)

---------------  T H R E A D  ---------------

Current thread (0x0000005015bb8430):  JavaThread "C2 CompilerThread0" daemon [_thread_in_native, id=5620, stack(0x0000005016760000,0x0000005016860000)]


Current CompileTask:
C2:    490  133       4       java.util.zip.ZipCoder$UTF8ZipCoder::normalizedHash (81 bytes)

Stack: [0x0000005016760000,0x0000005016860000]
Native frames: (J=compiled Java code, j=interpreted, Vv=VM code, C=native code)
V  [jvm.dll+0x62ae9a]
V  [jvm.dll+0x7817a9]
V  [jvm.dll+0x782f03]
V  [jvm.dll+0x783563]
V  [jvm.dll+0x216325]
V  [jvm.dll+0x982cf]
V  [jvm.dll+0x980ad]
V  [jvm.dll+0x609d14]
V  [jvm.dll+0x6552ca]
V  [jvm.dll+0x18e47d]
V  [jvm.dll+0x1ea822]
V  [jvm.dll+0x1e996e]
V  [jvm.dll+0x178567]
V  [jvm.dll+0x1f9225]
V  [jvm.dll+0x1f72cc]
V  [jvm.dll+0x74495d]
V  [jvm.dll+0x73d75a]
V  [jvm.dll+0x629c56]
C  [ucrtbase.DLL+0x1d912]
C  [KERNEL32.DLL+0x16ad]
C  [ntdll.dll+0x734a5]


---------------  P R O C E S S  ---------------

Threads class SMR info:
_java_thread_list=0x0000005015d599d0, length=11, elements={
0x000000507d8e6550, 0x000000501520fc80, 0x0000005015b9a450, 0x000000501527e710,
0x0000005015ba78f0, 0x0000005015bb23c0, 0x0000005015bb8430, 0x0000005015bb8fd0,
0x0000005015bc2290, 0x0000005015d360d0, 0x0000005015d365a0
}

Java Threads: ( => current thread )
  0x000000507d8e6550 JavaThread "main" [_thread_blocked, id=3480, stack(0x000000507cf80000,0x000000507d080000)]
  0x000000501520fc80 JavaThread "Reference Handler" daemon [_thread_blocked, id=6864, stack(0x0000005015f80000,0x0000005016080000)]
  0x0000005015b9a450 JavaThread "Finalizer" daemon [_thread_blocked, id=7056, stack(0x0000005016080000,0x0000005016180000)]
  0x000000501527e710 JavaThread "Signal Dispatcher" daemon [_thread_blocked, id=8480, stack(0x0000005016460000,0x0000005016560000)]
  0x0000005015ba78f0 JavaThread "Attach Listener" daemon [_thread_blocked, id=5524, stack(0x0000005016560000,0x0000005016660000)]
  0x0000005015bb23c0 JavaThread "Service Thread" daemon [_thread_blocked, id=6436, stack(0x0000005016660000,0x0000005016760000)]
=>0x0000005015bb8430 JavaThread "C2 CompilerThread0" daemon [_thread_in_native, id=5620, stack(0x0000005016760000,0x0000005016860000)]
  0x0000005015bb8fd0 JavaThread "C1 CompilerThread0" daemon [_thread_blocked, id=8240, stack(0x0000005016860000,0x0000005016960000)]
  0x0000005015bc2290 JavaThread "Sweeper thread" daemon [_thread_blocked, id=4180, stack(0x0000005016960000,0x0000005016a60000)]
  0x0000005015d360d0 JavaThread "Notification Thread" daemon [_thread_blocked, id=8376, stack(0x0000005016a60000,0x0000005016b60000)]
  0x0000005015d365a0 JavaThread "Common-Cleaner" daemon [_thread_blocked, id=5544, stack(0x0000005016c60000,0x0000005016d60000)]

Other Threads:
  0x000000501520f370 VMThread "VM Thread" [stack: 0x0000005015a80000,0x0000005015b80000] [id=8904]
  0x00000050151e1ef0 WatcherThread [stack: 0x0000005016b60000,0x0000005016c60000] [id=4460]
  0x000000507d914bc0 GCTaskThread "GC Thread#0" [stack: 0x000000507d6d0000,0x000000507d7d0000] [id=3996]
  0x0000005015d24dc0 GCTaskThread "GC Thread#1" [stack: 0x0000005017360000,0x0000005017460000] [id=4164]
  0x000000507d91f7a0 ConcurrentGCThread "G1 Main Marker" [stack: 0x000000507ff00000,0x0000005080000000] [id=2792]
  0x000000507d9257d0 ConcurrentGCThread "G1 Conc#0" [stack: 0x0000005012940000,0x0000005012a40000] [id=5568]
  0x000000507d9738f0 ConcurrentGCThread "G1 Refine#0" [stack: 0x0000005014e80000,0x0000005014f80000] [id=8808]
  0x000000507d9744f0 ConcurrentGCThread "G1 Young RemSet Sampling" [stack: 0x0000005014f80000,0x0000005015080000] [id=4356]

Threads with active compile tasks:
C2 CompilerThread0      868  133       4       java.util.zip.ZipCoder$UTF8ZipCoder::normalizedHash (81 bytes)

VM state: at safepoint (normal execution)

VM Mutex/Monitor currently owned by a thread:  ([mutex/lock_event])
[0x000000507d8e3830] Threads_lock - owner thread: 0x000000501520f370
[0x000000507d8e2240] Heap_lock - owner thread: 0x000000507d8e6550

Heap address: 0x00000000c1200000, size: 1006 MB, Compressed Oops mode: 32-bit
CDS disabled.
Compressed class space mapped at: 0x0000000100000000-0x0000000140000000, size: 1073741824
Narrow klass base: 0x0000000000000000, Narrow klass shift: 3, Narrow klass range: 0x140000000

GC Precious Log:
 CPUs: 4 total, 4 available
 Memory: 4016M
 Large Page Support: Disabled
 NUMA Support: Disabled
 Compressed Oops: Enabled (32-bit)
 Heap Region Size: 1M
 Heap Min Capacity: 8M
 Heap Initial Capacity: 64M
 Heap Max Capacity: 1006M
 Pre-touch: Disabled
 Parallel Workers: 4
 Concurrent Workers: 1
 Concurrent Refinement Workers: 4
 Periodic GC: Disabled

Heap:
 garbage-first heap   total 65536K, used 838K [0x00000000c1200000, 0x0000000100000000)
  region size 1024K, 1 young (1024K), 1 survivors (1024K)
 Metaspace       used 4702K, capacity 4734K, committed 4864K, reserved 1064960K
  class space    used 397K, capacity 426K, committed 512K, reserved 1048576K

Heap Regions: E=young(eden), S=young(survivor), O=old, HS=humongous(starts), HC=humongous(continues), CS=collection set, F=free, OA=open archive, CA=closed archive, TAMS=top-at-mark-start (previous, next)
|   0|0x00000000c1200000, 0x00000000c1200000, 0x00000000c1300000|  0%| F|  |TAMS 0x00000000c1200000, 0x00000000c1200000| Untracked 
|   1|0x00000000c1300000, 0x00000000c1300000, 0x00000000c1400000|  0%| F|  |TAMS 0x00000000c1300000, 0x00000000c1300000| Untracked 
|   2|0x00000000c1400000, 0x00000000c1400000, 0x00000000c1500000|  0%| F|  |TAMS 0x00000000c1400000, 0x00000000c1400000| Untracked 
|   3|0x00000000c1500000, 0x00000000c1500000, 0x00000000c1600000|  0%| F|  |TAMS 0x00000000c1500000, 0x00000000c1500000| Untracked 
|   4|0x00000000c1600000, 0x00000000c1600000, 0x00000000c1700000|  0%| F|  |TAMS 0x00000000c1600000, 0x00000000c1600000| Untracked 
|   5|0x00000000c1700000, 0x00000000c1700000, 0x00000000c1800000|  0%| F|  |TAMS 0x00000000c1700000, 0x00000000c1700000| Untracked 
|   6|0x00000000c1800000, 0x00000000c1800000, 0x00000000c1900000|  0%| F|  |TAMS 0x00000000c1800000, 0x00000000c1800000| Untracked 
|   7|0x00000000c1900000, 0x00000000c1900000, 0x00000000c1a00000|  0%| F|  |TAMS 0x00000000c1900000, 0x00000000c1900000| Untracked 
|   8|0x00000000c1a00000, 0x00000000c1a00000, 0x00000000c1b00000|  0%| F|  |TAMS 0x00000000c1a00000, 0x00000000c1a00000| Untracked 
|   9|0x00000000c1b00000, 0x00000000c1b00000, 0x00000000c1c00000|  0%| F|  |TAMS 0x00000000c1b00000, 0x00000000c1b00000| Untracked 
|  10|0x00000000c1c00000, 0x00000000c1c00000, 0x00000000c1d00000|  0%| F|  |TAMS 0x00000000c1c00000, 0x00000000c1c00000| Untracked 
|  11|0x00000000c1d00000, 0x00000000c1d00000, 0x00000000c1e00000|  0%| F|  |TAMS 0x00000000c1d00000, 0x00000000c1d00000| Untracked 
|  12|0x00000000c1e00000, 0x00000000c1e00000, 0x00000000c1f00000|  0%| F|  |TAMS 0x00000000c1e00000, 0x00000000c1e00000| Untracked 
|  13|0x00000000c1f00000, 0x00000000c1f00000, 0x00000000c2000000|  0%| F|  |TAMS 0x00000000c1f00000, 0x00000000c1f00000| Untracked 
|  14|0x00000000c2000000, 0x00000000c2000000, 0x00000000c2100000|  0%| F|  |TAMS 0x00000000c2000000, 0x00000000c2000000| Untracked 
|  15|0x00000000c2100000, 0x00000000c2100000, 0x00000000c2200000|  0%| F|  |TAMS 0x00000000c2100000, 0x00000000c2100000| Untracked 
|  16|0x00000000c2200000, 0x00000000c2200000, 0x00000000c2300000|  0%| F|  |TAMS 0x00000000c2200000, 0x00000000c2200000| Untracked 
|  17|0x00000000c2300000, 0x00000000c2300000, 0x00000000c2400000|  0%| F|  |TAMS 0x00000000c2300000, 0x00000000c2300000| Untracked 
|  18|0x00000000c2400000, 0x00000000c2400000, 0x00000000c2500000|  0%| F|  |TAMS 0x00000000c2400000, 0x00000000c2400000| Untracked 
|  19|0x00000000c2500000, 0x00000000c2500000, 0x00000000c2600000|  0%| F|  |TAMS 0x00000000c2500000, 0x00000000c2500000| Untracked 
|  20|0x00000000c2600000, 0x00000000c2600000, 0x00000000c2700000|  0%| F|  |TAMS 0x00000000c2600000, 0x00000000c2600000| Untracked 
|  21|0x00000000c2700000, 0x00000000c2700000, 0x00000000c2800000|  0%| F|  |TAMS 0x00000000c2700000, 0x00000000c2700000| Untracked 
|  22|0x00000000c2800000, 0x00000000c2800000, 0x00000000c2900000|  0%| F|  |TAMS 0x00000000c2800000, 0x00000000c2800000| Untracked 
|  23|0x00000000c2900000, 0x00000000c2900000, 0x00000000c2a00000|  0%| F|  |TAMS 0x00000000c2900000, 0x00000000c2900000| Untracked 
|  24|0x00000000c2a00000, 0x00000000c2a00000, 0x00000000c2b00000|  0%| F|  |TAMS 0x00000000c2a00000, 0x00000000c2a00000| Untracked 
|  25|0x00000000c2b00000, 0x00000000c2b00000, 0x00000000c2c00000|  0%| F|  |TAMS 0x00000000c2b00000, 0x00000000c2b00000| Untracked 
|  26|0x00000000c2c00000, 0x00000000c2c00000, 0x00000000c2d00000|  0%| F|  |TAMS 0x00000000c2c00000, 0x00000000c2c00000| Untracked 
|  27|0x00000000c2d00000, 0x00000000c2d00000, 0x00000000c2e00000|  0%| F|  |TAMS 0x00000000c2d00000, 0x00000000c2d00000| Untracked 
|  28|0x00000000c2e00000, 0x00000000c2e00000, 0x00000000c2f00000|  0%| F|  |TAMS 0x00000000c2e00000, 0x00000000c2e00000| Untracked 
|  29|0x00000000c2f00000, 0x00000000c2f00000, 0x00000000c3000000|  0%| F|  |TAMS 0x00000000c2f00000, 0x00000000c2f00000| Untracked 
|  30|0x00000000c3000000, 0x00000000c3000000, 0x00000000c3100000|  0%| F|  |TAMS 0x00000000c3000000, 0x00000000c3000000| Untracked 
|  31|0x00000000c3100000, 0x00000000c3100000, 0x00000000c3200000|  0%| F|  |TAMS 0x00000000c3100000, 0x00000000c3100000| Untracked 
|  32|0x00000000c3200000, 0x00000000c3200000, 0x00000000c3300000|  0%| F|  |TAMS 0x00000000c3200000, 0x00000000c3200000| Untracked 
|  33|0x00000000c3300000, 0x00000000c3300000, 0x00000000c3400000|  0%| F|  |TAMS 0x00000000c3300000, 0x00000000c3300000| Untracked 
|  34|0x00000000c3400000, 0x00000000c3400000, 0x00000000c3500000|  0%| F|  |TAMS 0x00000000c3400000, 0x00000000c3400000| Untracked 
|  35|0x00000000c3500000, 0x00000000c3500000, 0x00000000c3600000|  0%| F|  |TAMS 0x00000000c3500000, 0x00000000c3500000| Untracked 
|  36|0x00000000c3600000, 0x00000000c3600000, 0x00000000c3700000|  0%| F|  |TAMS 0x00000000c3600000, 0x00000000c3600000| Untracked 
|  37|0x00000000c3700000, 0x00000000c3700000, 0x00000000c3800000|  0%| F|  |TAMS 0x00000000c3700000, 0x00000000c3700000| Untracked 
|  38|0x00000000c3800000, 0x00000000c3800000, 0x00000000c3900000|  0%| F|  |TAMS 0x00000000c3800000, 0x00000000c3800000| Untracked 
|  39|0x00000000c3900000, 0x00000000c3900000, 0x00000000c3a00000|  0%| F|  |TAMS 0x00000000c3900000, 0x00000000c3900000| Untracked 
|  40|0x00000000c3a00000, 0x00000000c3a00000, 0x00000000c3b00000|  0%| F|  |TAMS 0x00000000c3a00000, 0x00000000c3a00000| Untracked 
|  41|0x00000000c3b00000, 0x00000000c3b00000, 0x00000000c3c00000|  0%| F|  |TAMS 0x00000000c3b00000, 0x00000000c3b00000| Untracked 
|  42|0x00000000c3c00000, 0x00000000c3c00000, 0x00000000c3d00000|  0%| F|  |TAMS 0x00000000c3c00000, 0x00000000c3c00000| Untracked 
|  43|0x00000000c3d00000, 0x00000000c3d00000, 0x00000000c3e00000|  0%| F|  |TAMS 0x00000000c3d00000, 0x00000000c3d00000| Untracked 
|  44|0x00000000c3e00000, 0x00000000c3e00000, 0x00000000c3f00000|  0%| F|  |TAMS 0x00000000c3e00000, 0x00000000c3e00000| Untracked 
|  45|0x00000000c3f00000, 0x00000000c3f00000, 0x00000000c4000000|  0%| F|  |TAMS 0x00000000c3f00000, 0x00000000c3f00000| Untracked 
|  46|0x00000000c4000000, 0x00000000c4000000, 0x00000000c4100000|  0%| F|  |TAMS 0x00000000c4000000, 0x00000000c4000000| Untracked 
|  47|0x00000000c4100000, 0x00000000c4100000, 0x00000000c4200000|  0%| F|  |TAMS 0x00000000c4100000, 0x00000000c4100000| Untracked 
|  48|0x00000000c4200000, 0x00000000c4200000, 0x00000000c4300000|  0%| F|  |TAMS 0x00000000c4200000, 0x00000000c4200000| Untracked 
|  49|0x00000000c4300000, 0x00000000c4300000, 0x00000000c4400000|  0%| F|  |TAMS 0x00000000c4300000, 0x00000000c4300000| Untracked 
|  50|0x00000000c4400000, 0x00000000c4400000, 0x00000000c4500000|  0%| F|  |TAMS 0x00000000c4400000, 0x00000000c4400000| Untracked 
|  51|0x00000000c4500000, 0x00000000c4500000, 0x00000000c4600000|  0%| F|  |TAMS 0x00000000c4500000, 0x00000000c4500000| Untracked 
|  52|0x00000000c4600000, 0x00000000c4600000, 0x00000000c4700000|  0%| F|  |TAMS 0x00000000c4600000, 0x00000000c4600000| Untracked 
|  53|0x00000000c4700000, 0x00000000c4700000, 0x00000000c4800000|  0%| F|  |TAMS 0x00000000c4700000, 0x00000000c4700000| Untracked 
|  54|0x00000000c4800000, 0x00000000c4800000, 0x00000000c4900000|  0%| F|  |TAMS 0x00000000c4800000, 0x00000000c4800000| Untracked 
|  55|0x00000000c4900000, 0x00000000c4900000, 0x00000000c4a00000|  0%| F|  |TAMS 0x00000000c4900000, 0x00000000c4900000| Untracked 
|  56|0x00000000c4a00000, 0x00000000c4a00000, 0x00000000c4b00000|  0%| F|  |TAMS 0x00000000c4a00000, 0x00000000c4a00000| Untracked 
|  57|0x00000000c4b00000, 0x00000000c4b00000, 0x00000000c4c00000|  0%| F|  |TAMS 0x00000000c4b00000, 0x00000000c4b00000| Untracked 
|  58|0x00000000c4c00000, 0x00000000c4c00000, 0x00000000c4d00000|  0%| F|  |TAMS 0x00000000c4c00000, 0x00000000c4c00000| Untracked 
|  59|0x00000000c4d00000, 0x00000000c4d00000, 0x00000000c4e00000|  0%| F|  |TAMS 0x00000000c4d00000, 0x00000000c4d00000| Untracked 
|  60|0x00000000c4e00000, 0x00000000c4e00000, 0x00000000c4f00000|  0%| F|  |TAMS 0x00000000c4e00000, 0x00000000c4e00000| Untracked 
|  61|0x00000000c4f00000, 0x00000000c4fd19f0, 0x00000000c5000000| 81%| S|CS|TAMS 0x00000000c4f00000, 0x00000000c4f00000| Complete 
|  62|0x00000000c5000000, 0x00000000c5000000, 0x00000000c5100000|  0%| F|  |TAMS 0x00000000c5000000, 0x00000000c5000000| Untracked 
|  63|0x00000000c5100000, 0x00000000c5100000, 0x00000000c5200000|  0%| F|  |TAMS 0x00000000c5100000, 0x00000000c5100000| Untracked 

Card table byte_map: [0x000000507db80000,0x000000507dd80000] _byte_map_base: 0x000000507d577000

Marking Bits (Prev, Next): (CMBitMap*) 0x000000507d915430, (CMBitMap*) 0x000000507d915470
 Prev Bits: [0x000000507df80000, 0x000000507ef38000)
 Next Bits: [0x000000507ef40000, 0x000000507fef8000)

Polling page: 0x000000507b710000

Metaspace:

Usage:
  Non-class:      4.21 MB capacity,     4.20 MB (>99%) used,     2.80 KB ( <1%) free+waste,   576 bytes ( <1%) overhead. 
      Class:    426.00 KB capacity,   397.90 KB ( 93%) used,    27.66 KB (  6%) free+waste,   448 bytes ( <1%) overhead. 
       Both:      4.62 MB capacity,     4.59 MB (>99%) used,    30.46 KB ( <1%) free+waste,     1.00 KB ( <1%) overhead. 

Virtual space:
  Non-class space:       16.00 MB reserved,       4.25 MB ( 27%) committed 
      Class space:        1.00 GB reserved,     512.00 KB ( <1%) committed 
             Both:        1.02 GB reserved,       4.75 MB ( <1%) committed 

Chunk freelists:
   Non-Class:  44.00 KB
       Class:  22.00 KB
        Both:  66.00 KB

MaxMetaspaceSize: 17179869184.00 GB
CompressedClassSpaceSize: 1.00 GB

CodeHeap 'non-profiled nmethods': size=120000Kb used=27Kb max_used=27Kb free=119972Kb
 bounds [0x000000500b410000, 0x000000500b680000, 0x0000005012940000]
CodeHeap 'profiled nmethods': size=120000Kb used=166Kb max_used=166Kb free=119833Kb
 bounds [0x0000005003ee0000, 0x0000005004150000, 0x000000500b410000]
CodeHeap 'non-nmethods': size=5760Kb used=1067Kb max_used=1080Kb free=4692Kb
 bounds [0x0000005003940000, 0x0000005003bb0000, 0x0000005003ee0000]
 total_blobs=426 nmethods=133 adapters=206
 compilation: enabled
              stopped_count=0, restarted_count=0
 full_count=0

Compilation events (20 events):
Event: 0.240 Thread 0x0000005015bb8fd0 nmethod 124 0x0000005003f06490 code [0x0000005003f06660, 0x0000005003f069a8]
Event: 0.240 Thread 0x0000005015bb8fd0  126       3       java.util.zip.ZipUtils::CENHOW (9 bytes)
Event: 0.240 Thread 0x0000005015bb8fd0 nmethod 126 0x0000005003f06b90 code [0x0000005003f06d40, 0x0000005003f06ed8]
Event: 0.240 Thread 0x0000005015bb8fd0  127       3       java.util.zip.ZipUtils::CENEXT (9 bytes)
Event: 0.240 Thread 0x0000005015bb8fd0 nmethod 127 0x0000005003f07010 code [0x0000005003f071c0, 0x0000005003f07358]
Event: 0.240 Thread 0x0000005015bb8fd0  128       3       java.util.zip.ZipUtils::CENCOM (9 bytes)
Event: 0.240 Thread 0x0000005015bb8fd0 nmethod 128 0x0000005003f07490 code [0x0000005003f07640, 0x0000005003f077d8]
Event: 0.240 Thread 0x0000005015bb8fd0  129       3       java.util.zip.ZipUtils::CENSIG (8 bytes)
Event: 0.241 Thread 0x0000005015bb8fd0 nmethod 129 0x0000005003f07910 code [0x0000005003f07ac0, 0x0000005003f07d98]
Event: 0.241 Thread 0x0000005015bb8fd0  125       3       sun.nio.fs.WindowsPathParser::isInvalidPathChar (22 bytes)
Event: 0.241 Thread 0x0000005015bb8430  133       4       java.util.zip.ZipCoder$UTF8ZipCoder::normalizedHash (81 bytes)
Event: 0.241 Thread 0x0000005015bb8fd0 nmethod 125 0x0000005003f07f10 code [0x0000005003f080e0, 0x0000005003f08408]
Event: 0.241 Thread 0x0000005015bb8fd0  130       3       java.util.zip.ZipUtils::CENFLG (9 bytes)
Event: 0.241 Thread 0x0000005015bb8fd0 nmethod 130 0x0000005003f08510 code [0x0000005003f086c0, 0x0000005003f08858]
Event: 0.241 Thread 0x0000005015bb8fd0  132       3       java.util.zip.ZipFile$Source::isMetaName (141 bytes)
Event: 0.242 Thread 0x0000005015bb8fd0 nmethod 132 0x0000005003f08990 code [0x0000005003f08b60, 0x0000005003f09058]
Event: 0.242 Thread 0x0000005015bb8fd0  131       3       java.util.zip.ZipFile$Source::addEntry (33 bytes)
Event: 0.242 Thread 0x0000005015bb8fd0 nmethod 131 0x0000005003f09210 code [0x0000005003f093a0, 0x0000005003f09518]
Event: 0.243 Thread 0x0000005015bb8fd0  135       3       java.lang.System::getSecurityManager (12 bytes)
Event: 0.243 Thread 0x0000005015bb8fd0 nmethod 135 0x0000005003f09610 code [0x0000005003f097c0, 0x0000005003f09938]

GC Heap History (2 events):
Event: 0.246 GC heap before
{Heap before GC invocations=0 (full 0):
 garbage-first heap   total 65536K, used 1024K [0x00000000c1200000, 0x0000000100000000)
  region size 1024K, 2 young (2048K), 0 survivors (0K)
 Metaspace       used 4702K, capacity 4734K, committed 4864K, reserved 1062912K
  class space    used 397K, capacity 426K, committed 512K, reserved 1048576K
}
Event: 0.248 GC heap after
{Heap after GC invocations=1 (full 0):
 garbage-first heap   total 65536K, used 838K [0x00000000c1200000, 0x0000000100000000)
  region size 1024K, 1 young (1024K), 1 survivors (1024K)
 Metaspace       used 4702K, capacity 4734K, committed 4864K, reserved 1062912K
  class space    used 397K, capacity 426K, committed 512K, reserved 1048576K
}

Deoptimization events (4 events):
Event: 0.166 Thread 0x000000507d8e6550 Uncommon trap: trap_request=0xffffff45 fr.pc=0x000000500b4158b0 relative=0x0000000000000210
Event: 0.166 Thread 0x000000507d8e6550 Uncommon trap: reason=unstable_if action=reinterpret pc=0x000000500b4158b0 method=java.lang.String.hashCode()I @ 42 c2
Event: 0.166 Thread 0x000000507d8e6550 DEOPT PACKING pc=0x000000500b4158b0 sp=0x000000507d07d910
Event: 0.166 Thread 0x000000507d8e6550 DEOPT UNPACKING pc=0x000000500398e42f sp=0x000000507d07d8a8 mode 2

Classes unloaded (0 events):
No events

Classes redefined (0 events):
No events

Internal exceptions (0 events):
No events

Events (20 events):
Event: 0.235 loading class java/util/zip/Inflater$InflaterZStreamRef
Event: 0.235 loading class java/util/zip/Inflater$InflaterZStreamRef done
Event: 0.235 loading class java/util/zip/ZipFile$InflaterCleanupAction
Event: 0.236 loading class java/util/zip/ZipFile$InflaterCleanupAction done
Event: 0.244 loading class java/util/TreeSet
Event: 0.244 loading class java/util/NavigableSet
Event: 0.244 loading class java/util/SortedSet
Event: 0.245 loading class java/util/SortedSet done
Event: 0.245 loading class java/util/NavigableSet done
Event: 0.245 loading class java/util/TreeSet done
Event: 0.245 loading class java/util/TreeMap
Event: 0.245 loading class java/util/NavigableMap
Event: 0.245 loading class java/util/SortedMap
Event: 0.245 loading class java/util/SortedMap done
Event: 0.245 loading class java/util/NavigableMap done
Event: 0.246 loading class java/util/TreeMap done
Event: 0.246 loading class java/util/TreeMap$Entry
Event: 0.246 loading class java/util/TreeMap$Entry done
Event: 0.246 loading class java/util/TreeMap$KeySet
Event: 0.246 Executing VM operation: CollectForMetadataAllocation


Dynamic libraries:
0x00007ff73bf70000 - 0x00007ff73bf7d000 	C:\Users\Таня\.p2\pool\plugins\org.eclipse.justj.openjdk.hotspot.jre.full.win32.x86_64_15.0.2.v20210201-0955\jre\bin\javaw.exe
0x00007fff5ed10000 - 0x00007fff5eeba000 	C:\WINDOWS\SYSTEM32\ntdll.dll
0x00007fff5e340000 - 0x00007fff5e47a000 	C:\WINDOWS\system32\KERNEL32.DLL
0x00007fff42660000 - 0x00007fff42673000 	C:\Program Files\AVAST Software\Avast\aswhook.dll
0x00007fff5c330000 - 0x00007fff5c43f000 	C:\WINDOWS\system32\KERNELBASE.dll
0x00007fff56710000 - 0x00007fff56728000 	C:\Users\Таня\.p2\pool\plugins\org.eclipse.justj.openjdk.hotspot.jre.full.win32.x86_64_15.0.2.v20210201-0955\jre\bin\jli.dll
0x00007fff50320000 - 0x00007fff50339000 	C:\Users\Таня\.p2\pool\plugins\org.eclipse.justj.openjdk.hotspot.jre.full.win32.x86_64_15.0.2.v20210201-0955\jre\bin\VCRUNTIME140.dll
0x00007fff54c00000 - 0x00007fff54c04000 	C:\Users\Таня\.p2\pool\plugins\org.eclipse.justj.openjdk.hotspot.jre.full.win32.x86_64_15.0.2.v20210201-0955\jre\bin\api-ms-win-crt-stdio-l1-1-0.dll
0x00007fff505f0000 - 0x00007fff505f4000 	C:\Users\Таня\.p2\pool\plugins\org.eclipse.justj.openjdk.hotspot.jre.full.win32.x86_64_15.0.2.v20210201-0955\jre\bin\api-ms-win-crt-runtime-l1-1-0.dll
0x00007fff50310000 - 0x00007fff50313000 	C:\Users\Таня\.p2\pool\plugins\org.eclipse.justj.openjdk.hotspot.jre.full.win32.x86_64_15.0.2.v20210201-0955\jre\bin\api-ms-win-crt-environment-l1-1-0.dll
0x00007fff50300000 - 0x00007fff50305000 	C:\Users\Таня\.p2\pool\plugins\org.eclipse.justj.openjdk.hotspot.jre.full.win32.x86_64_15.0.2.v20210201-0955\jre\bin\api-ms-win-crt-math-l1-1-0.dll
0x00007fff502f0000 - 0x00007fff502f3000 	C:\Users\Таня\.p2\pool\plugins\org.eclipse.justj.openjdk.hotspot.jre.full.win32.x86_64_15.0.2.v20210201-0955\jre\bin\api-ms-win-crt-locale-l1-1-0.dll
0x00007fff502e0000 - 0x00007fff502e3000 	C:\Users\Таня\.p2\pool\plugins\org.eclipse.justj.openjdk.hotspot.jre.full.win32.x86_64_15.0.2.v20210201-0955\jre\bin\api-ms-win-crt-heap-l1-1-0.dll
0x00007fff59fa0000 - 0x00007fff5a1fa000 	C:\WINDOWS\WinSxS\amd64_microsoft.windows.common-controls_6595b64144ccf1df_6.0.9600.17031_none_6242a4b3ecbb55a1\COMCTL32.dll
0x00007fff5c770000 - 0x00007fff5c8e1000 	C:\WINDOWS\system32\USER32.dll
0x00007fff502d0000 - 0x00007fff502d3000 	C:\Users\Таня\.p2\pool\plugins\org.eclipse.justj.openjdk.hotspot.jre.full.win32.x86_64_15.0.2.v20210201-0955\jre\bin\api-ms-win-crt-filesystem-l1-1-0.dll
0x00007fff502c0000 - 0x00007fff502c4000 	C:\Users\Таня\.p2\pool\plugins\org.eclipse.justj.openjdk.hotspot.jre.full.win32.x86_64_15.0.2.v20210201-0955\jre\bin\api-ms-win-crt-string-l1-1-0.dll
0x00007fff502b0000 - 0x00007fff502b4000 	C:\Users\Таня\.p2\pool\plugins\org.eclipse.justj.openjdk.hotspot.jre.full.win32.x86_64_15.0.2.v20210201-0955\jre\bin\api-ms-win-crt-convert-l1-1-0.dll
0x00007fff5ec50000 - 0x00007fff5ecf7000 	C:\WINDOWS\system32\msvcrt.dll
0x00007fff5eac0000 - 0x00007fff5ec04000 	C:\WINDOWS\system32\GDI32.dll
0x00007fff501b0000 - 0x00007fff502aa000 	C:\Users\Таня\.p2\pool\plugins\org.eclipse.justj.openjdk.hotspot.jre.full.win32.x86_64_15.0.2.v20210201-0955\jre\bin\ucrtbase.DLL
0x00007fff5ec10000 - 0x00007fff5ec44000 	C:\WINDOWS\system32\IMM32.DLL
0x00007fff5cae0000 - 0x00007fff5cc19000 	C:\WINDOWS\system32\MSCTF.dll
0x00007fff501a0000 - 0x00007fff501ac000 	C:\Users\Таня\.p2\pool\plugins\org.eclipse.justj.openjdk.hotspot.jre.full.win32.x86_64_15.0.2.v20210201-0955\jre\bin\vcruntime140_1.dll
0x00007fff4fda0000 - 0x00007fff4fe31000 	C:\Users\Таня\.p2\pool\plugins\org.eclipse.justj.openjdk.hotspot.jre.full.win32.x86_64_15.0.2.v20210201-0955\jre\bin\msvcp140.dll
0x00007fff50190000 - 0x00007fff50193000 	C:\Users\Таня\.p2\pool\plugins\org.eclipse.justj.openjdk.hotspot.jre.full.win32.x86_64_15.0.2.v20210201-0955\jre\bin\api-ms-win-crt-time-l1-1-0.dll
0x00007fff50180000 - 0x00007fff50183000 	C:\Users\Таня\.p2\pool\plugins\org.eclipse.justj.openjdk.hotspot.jre.full.win32.x86_64_15.0.2.v20210201-0955\jre\bin\api-ms-win-crt-utility-l1-1-0.dll
0x00007fff3ed30000 - 0x00007fff3f88e000 	C:\Users\Таня\.p2\pool\plugins\org.eclipse.justj.openjdk.hotspot.jre.full.win32.x86_64_15.0.2.v20210201-0955\jre\bin\server\jvm.dll
0x00007fff5cce0000 - 0x00007fff5cd85000 	C:\WINDOWS\system32\ADVAPI32.dll
0x00007fff54a80000 - 0x00007fff54a89000 	C:\WINDOWS\SYSTEM32\WSOCK32.dll
0x00007fff57260000 - 0x00007fff5727f000 	C:\WINDOWS\SYSTEM32\WINMM.dll
0x00007fff59a10000 - 0x00007fff59a1a000 	C:\WINDOWS\SYSTEM32\VERSION.dll
0x00007fff5e330000 - 0x00007fff5e337000 	C:\WINDOWS\system32\PSAPI.DLL
0x00007fff5ca80000 - 0x00007fff5cad7000 	C:\WINDOWS\SYSTEM32\sechost.dll
0x00007fff5e7c0000 - 0x00007fff5e8f7000 	C:\WINDOWS\system32\RPCRT4.dll
0x00007fff5e2d0000 - 0x00007fff5e328000 	C:\WINDOWS\system32\WS2_32.dll
0x00007fff559b0000 - 0x00007fff559da000 	C:\WINDOWS\SYSTEM32\WINMMBASE.dll
0x00007fff5c8f0000 - 0x00007fff5c8f9000 	C:\WINDOWS\system32\NSI.dll
0x00007fff5c4f0000 - 0x00007fff5c53a000 	C:\WINDOWS\SYSTEM32\cfgmgr32.dll
0x00007fff5ab80000 - 0x00007fff5aba6000 	C:\WINDOWS\SYSTEM32\DEVOBJ.dll
0x00007fff49080000 - 0x00007fff4908a000 	C:\Users\Таня\.p2\pool\plugins\org.eclipse.justj.openjdk.hotspot.jre.full.win32.x86_64_15.0.2.v20210201-0955\jre\bin\jimage.dll
0x00007fff56a60000 - 0x00007fff56be8000 	C:\WINDOWS\SYSTEM32\DBGHELP.DLL
0x00007fff49050000 - 0x00007fff49075000 	C:\Users\Таня\.p2\pool\plugins\org.eclipse.justj.openjdk.hotspot.jre.full.win32.x86_64_15.0.2.v20210201-0955\jre\bin\java.dll
0x00007fff49030000 - 0x00007fff49048000 	C:\Users\Таня\.p2\pool\plugins\org.eclipse.justj.openjdk.hotspot.jre.full.win32.x86_64_15.0.2.v20210201-0955\jre\bin\zip.dll
0x00007fff5cd90000 - 0x00007fff5e1af000 	C:\WINDOWS\system32\SHELL32.dll
0x00007fff5c590000 - 0x00007fff5c766000 	C:\WINDOWS\SYSTEM32\combase.dll
0x00007fff5cc80000 - 0x00007fff5ccd1000 	C:\WINDOWS\system32\SHLWAPI.dll
0x00007fff5b600000 - 0x00007fff5b69f000 	C:\WINDOWS\SYSTEM32\SHCORE.dll
0x00007fff5c080000 - 0x00007fff5c094000 	C:\WINDOWS\SYSTEM32\profapi.dll
0x00007fff48fb0000 - 0x00007fff48fc9000 	C:\Users\Таня\.p2\pool\plugins\org.eclipse.justj.openjdk.hotspot.jre.full.win32.x86_64_15.0.2.v20210201-0955\jre\bin\net.dll
0x00007fff54450000 - 0x00007fff54515000 	C:\WINDOWS\SYSTEM32\WINHTTP.dll
0x00007fff5b580000 - 0x00007fff5b5d8000 	C:\WINDOWS\system32\mswsock.dll
0x00007fff48f50000 - 0x00007fff48f62000 	C:\Users\Таня\.p2\pool\plugins\org.eclipse.justj.openjdk.hotspot.jre.full.win32.x86_64_15.0.2.v20210201-0955\jre\bin\nio.dll

dbghelp: loaded successfully - version: 4.0.5 - missing functions: none
symbol engine: initialized successfully - sym options: 0x614 - pdb path: .;srv*c:\Symbols*http://msdl.microsoft.com/download/symbols;C:\Users\Таня\.p2\pool\plugins\org.eclipse.justj.openjdk.hotspot.jre.full.win32.x86_64_15.0.2.v20210201-0955\jre\bin;C:\WINDOWS\SYSTEM32;C:\Program Files\AVAST Software\Avast;C:\WINDOWS\WinSxS\amd64_microsoft.windows.common-controls_6595b64144ccf1df_6.0.9600.17031_none_6242a4b3ecbb55a1;C:\Users\Таня\.p2\pool\plugins\org.eclipse.justj.openjdk.hotspot.jre.full.win32.x86_64_15.0.2.v20210201-0955\jre\bin\server

VM Arguments:
jvm_args: -Dfile.encoding=UTF-8 -XX:+ShowCodeDetailsInExceptionMessages 
java_command: com.java.happyZoo_app.HappyZooAppApplication
java_class_path (initial): D:\happyZoo_app\happyZoo_app\target\classes;C:\Users\Таня\.m2\repository\org\springframework\boot\spring-boot-starter-data-jpa\2.5.1\spring-boot-starter-data-jpa-2.5.1.jar;C:\Users\Таня\.m2\repository\org\springframework\boot\spring-boot-starter-aop\2.5.1\spring-boot-starter-aop-2.5.1.jar;C:\Users\Таня\.m2\repository\org\springframework\spring-aop\5.3.8\spring-aop-5.3.8.jar;C:\Users\Таня\.m2\repository\org\aspectj\aspectjweaver\1.9.6\aspectjweaver-1.9.6.jar;C:\Users\Таня\.m2\repository\org\springframework\boot\spring-boot-starter-jdbc\2.5.1\spring-boot-starter-jdbc-2.5.1.jar;C:\Users\Таня\.m2\repository\com\zaxxer\HikariCP\4.0.3\HikariCP-4.0.3.jar;C:\Users\Таня\.m2\repository\jakarta\transaction\jakarta.transaction-api\1.3.3\jakarta.transaction-api-1.3.3.jar;C:\Users\Таня\.m2\repository\jakarta\persistence\jakarta.persistence-api\2.2.3\jakarta.persistence-api-2.2.3.jar;C:\Users\Таня\.m2\repository\org\hibernate\hibernate-core\5.4.32.Final\hibernate-core-5.4.32.Final.jar;C:\Users\Таня\.m2\repository\org\jboss\logging\jboss-logging\3.4.2.Final\jboss-logging-3.4.2.Final.jar;C:\Users\Таня\.m2\repository\org\javassist\javassist\3.27.0-GA\javassist-3.27.0-GA.jar;C:\Users\Таня\.m2\repository\net\bytebuddy\byte-buddy\1.10.22\byte-buddy-1.10.22.jar;C:\Users\Таня\.m2\repository\antlr\antlr\2.7.7\antlr-2.7.7.jar;C:\Users\Таня\.m2\repository\org\jboss\jandex\2.2.3.Final\jandex-2.2.3.Final.jar;C:\Users\Таня\.m2\repository\com\fasterxml\classmate\1.5.1\classmate-1.5.1.jar;C:\Users\Таня\.m2\repository\org\dom4j\dom4j\2.1.3\dom4j-2.1.3.jar;C:\Users\Таня\.m2\repository\org\hibernate\common\hibernate-commons-annotations\5.1.2.Final\hibernate-commons-annotations-5.1.2.Final.jar;C:\Users\Таня\.m2\repository\org\glassfish\jaxb\jaxb-runtime\2.3.4\jaxb-runtime-2.3.4.jar;C:\Users\Таня\.m2\repository\org\glassfish\jaxb\txw2\2.3.4\txw2-2.3.4.jar;C:\Users\Таня\.m2\repository\com\sun\istack\istack-commons-runtime\3.0.12\istack-commons-runtime-3.0.12.jar;C:\Users\Та
Launcher Type: SUN_STANDARD

[Global flags]
     intx CICompilerCount                          = 3                                         {product} {ergonomic}
     uint ConcGCThreads                            = 1                                         {product} {ergonomic}
     uint G1ConcRefinementThreads                  = 4                                         {product} {ergonomic}
   size_t G1HeapRegionSize                         = 1048576                                   {product} {ergonomic}
    uintx GCDrainStackTargetSize                   = 64                                        {product} {ergonomic}
   size_t InitialHeapSize                          = 67108864                                  {product} {ergonomic}
   size_t MarkStackSize                            = 4194304                                   {product} {ergonomic}
   size_t MaxHeapSize                              = 1054867456                                {product} {ergonomic}
   size_t MaxNewSize                               = 632291328                                 {product} {ergonomic}
   size_t MinHeapDeltaBytes                        = 1048576                                   {product} {ergonomic}
   size_t MinHeapSize                              = 8388608                                   {product} {ergonomic}
    uintx NonNMethodCodeHeapSize                   = 5832780                                {pd product} {ergonomic}
    uintx NonProfiledCodeHeapSize                  = 122912730                              {pd product} {ergonomic}
    uintx ProfiledCodeHeapSize                     = 122912730                              {pd product} {ergonomic}
    uintx ReservedCodeCacheSize                    = 251658240                              {pd product} {ergonomic}
     bool SegmentedCodeCache                       = true                                      {product} {ergonomic}
     bool ShowCodeDetailsInExceptionMessages       = true                                   {manageable} {command line}
   size_t SoftMaxHeapSize                          = 1054867456                             {manageable} {ergonomic}
     bool UseCompressedClassPointers               = true                                 {lp64_product} {ergonomic}
     bool UseCompressedOops                        = true                                 {lp64_product} {ergonomic}
     bool UseG1GC                                  = true                                      {product} {ergonomic}
     bool UseLargePagesIndividualAllocation        = false                                  {pd product} {ergonomic}

Logging:
Log output configuration:
 #0: stdout all=warning uptime,level,tags
 #1: stderr all=off uptime,level,tags

Environment Variables:
JAVA_HOME=C:\Program Files\Java\jdk-16.0.1
PATH=C:/Users/Таня/.p2/pool/plugins/org.eclipse.justj.openjdk.hotspot.jre.full.win32.x86_64_15.0.2.v20210201-0955/jre/bin/server;C:/Users/Таня/.p2/pool/plugins/org.eclipse.justj.openjdk.hotspot.jre.full.win32.x86_64_15.0.2.v20210201-0955/jre/bin;C:\Program Files\Common Files\Oracle\Java\javapath;C:\ProgramData\Oracle\Java\javapath;C:\Program Files (x86)\Lenovo\FusionEngine;C:\Program Files (x86)\Intel\iCLS Client\;C:\Program Files\Intel\iCLS Client\;C:\WINDOWS\system32;C:\WINDOWS;C:\WINDOWS\System32\Wbem;C:\WINDOWS\System32\WindowsPowerShell\v1.0\;C:\Program Files\Intel\Intel(R) Management Engine Components\DAL;C:\Program Files\Intel\Intel(R) Management Engine Components\IPT;C:\Program Files (x86)\Intel\Intel(R) Management Engine Components\DAL;C:\Program Files (x86)\Intel\Intel(R) Management Engine Components\IPT;C:\Program Files (x86)\ATI Technologies\ATI.ACE\Core-Static;C:\Program Files (x86)\Common Files\lenovo\easyplussdk\bin;C:\Program Files (x86)\Lenovo\Password Manager\;C:\Program Files\Microsoft SQL Server\110\Tools\Binn\;C:\Program Files (x86)\Microsoft SDKs\TypeScript\1.0\;C:\Program Files\MATLAB\R20;C:\Program Files\Git\cmd;C:\Program Files\nodejs\;C:\Program Files (x86)\QuickTime\QTSystem\;C:\Program Files\dotnet\;C:\Program Files\Microsoft SQL Server\130\Tools\Binn\;c:\altera\11.0sp1\modelsim_ase\win32aloem;C:\Users\Таня\AppData\Roaming\npm;C:\Users\Таня\AppData\Local\Programs\Microsoft VS Code\bin;C:\Users\Таня\.dotnet\tools;C:\Users\Таня\Desktop;
USERNAME=Таня
OS=Windows_NT
PROCESSOR_IDENTIFIER=Intel64 Family 6 Model 69 Stepping 1, GenuineIntel



---------------  S Y S T E M  ---------------

OS:
 Windows 8.1 , 64 bit Build 9600 (6.3.9600.17056)
OS uptime: 0 days 20:21 hours

CPU: total 4 (initial active 4) (2 cores per cpu, 2 threads per core) family 6 model 69 stepping 1 microcode 0x17, cmov, cx8, fxsr, mmx, sse, sse2, sse3, ssse3, sse4.1, sse4.2, popcnt, vzeroupper, avx, avx2, aes, clmul, erms, lzcnt, ht, tsc, tscinvbit, bmi1, bmi2, fma, clflush

Memory: 4k page, system-wide physical 4016M (225M free)
TotalPageFile size 7040M (AvailPageFile size 4M)
current process WorkingSet (physical memory assigned to process): 31M, peak: 31M
current process commit charge ("private bytes"): 128M, peak: 129M

vm_info: OpenJDK 64-Bit Server VM (15.0.2+7-27) for windows-amd64 JRE (15.0.2+7-27), built on Dec  7 2020 20:02:38 by "mach5one" with unknown MS VC++:1925

END.
