, pid=6932, tid=8968
#
# JRE version: OpenJDK Runtime Environment (15.0.2+7) (build 15.0.2+7-27)
# Java VM: OpenJDK 64-Bit Server VM (15.0.2+7-27, mixed mode, tiered, compressed oops, g1 gc, windows-amd64)
# No core dump will be written. Minidumps are not enabled by default on client versions of Windows
#

---------------  S U M M A R Y ------------

Command Line: -Dfile.encoding=UTF-8 -XX:+ShowCodeDetailsInExceptionMessages com.java.happyZoo_app.HappyZooAppApplication

Host: Intel(R) Core(TM) i5-4210U CPU @ 1.70GHz, 4 cores, 3G,  Windows 8.1 , 64 bit Build 9600 (6.3.9600.17056)
Time: Wed Jul  7 06:53:44 2021 Naoaianeia a?aiy (ceia) elapsed time: 91.504757 seconds (0d 0h 1m 31s)

---------------  T H R E A D  ---------------

Current thread (0x000000463e413150):  JavaThread "C2 CompilerThread0" daemon [_thread_in_native, id=8968, stack(0x000000463efb0000,0x000000463f0b0000)]


Current CompileTask:
C2:  91504 4288       4       org.springframework.core.annotation.TypeMappedAnnotations::get (52 bytes)

Stack: [0x000000463efb0000,0x000000463f0b0000]
Native frames: (J=compiled Java code, j=interpreted, Vv=VM code, C=native code)
V  [jvm.dll+0x62ae9a]
V  [jvm.dll+0x7817a9]
V  [jvm.dll+0x782f03]
V  [jvm.dll+0x783563]
V  [jvm.dll+0x216325]
V  [jvm.dll+0x982cf]
V  [jvm.dll+0x980ad]
V  [jvm.dll+0x609d14]
V  [jvm.dll+0x6552ea]
V  [jvm.dll+0x18e47d]
V  [jvm.dll+0x1ea822]
V  [jvm.dll+0x1e996e]
V  [jvm.dll+0x178567]
V  [jvm.dll+0x1f9225]
V  [jvm.dll+0x1f72cc]
V  [jvm.dll+0x74495d]
V  [jvm.dll+0x73d75a]
V  [jvm.dll+0x629c56]
C  [ucrtbase.DLL+0x1d912]
C  [KERNEL32.DLL+0x16ad]
C  [ntdll.dll+0x734a5]


---------------  P R O C E S S  ---------------

Threads class SMR info:
_java_thread_list=0x0000004644329a00, length=16, elements={
0x0000004626136550, 0x000000463e3e5010, 0x000000463e3edb10, 0x000000463e409930,
0x000000463e40c300, 0x000000463e40edc0, 0x000000463e413150, 0x000000463e4144d0,
0x000000463e424fa0, 0x000000463e591870, 0x000000463e596920, 0x00000046468e78a0,
0x0000004647acfa30, 0x000000464483d2f0, 0x00000046445cc030, 0x0000004643dcfe90
}

Java Threads: ( => current thread )
  0x0000004626136550 JavaThread "main" [_thread_in_vm, id=5272, stack(0x00000046257d0000,0x00000046258d0000)]
  0x000000463e3e5010 JavaThread "Reference Handler" daemon [_thread_blocked, id=1652, stack(0x000000463e7d0000,0x000000463e8d0000)]
  0x000000463e3edb10 JavaThread "Finalizer" daemon [_thread_blocked, id=7080, stack(0x000000463e8d0000,0x000000463e9d0000)]
  0x000000463e409930 JavaThread "Signal Dispatcher" daemon [_thread_blocked, id=4288, stack(0x000000463ecb0000,0x000000463edb0000)]
  0x000000463e40c300 JavaThread "Attach Listener" daemon [_thread_blocked, id=7412, stack(0x000000463edb0000,0x000000463eeb0000)]
  0x000000463e40edc0 JavaThread "Service Thread" daemon [_thread_blocked, id=6504, stack(0x000000463eeb0000,0x000000463efb0000)]
=>0x000000463e413150 JavaThread "C2 CompilerThread0" daemon [_thread_in_native, id=8968, stack(0x000000463efb0000,0x000000463f0b0000)]
  0x000000463e4144d0 JavaThread "C1 CompilerThread0" daemon [_thread_in_native, id=5928, stack(0x000000463f0b0000,0x000000463f1b0000)]
  0x000000463e424fa0 JavaThread "Sweeper thread" daemon [_thread_blocked, id=2236, stack(0x000000463f1b0000,0x000000463f2b0000)]
  0x000000463e591870 JavaThread "Notification Thread" daemon [_thread_blocked, id=8672, stack(0x000000463f2b0000,0x000000463f3b0000)]
  0x000000463e596920 JavaThread "Common-Cleaner" daemon [_thread_blocked, id=6244, stack(0x000000463f4b0000,0x000000463f5b0000)]
  0x00000046468e78a0 JavaThread "Catalina-utility-1" [_thread_blocked, id=4652, stack(0x0000004648d80000,0x0000004648e80000)]
  0x0000004647acfa30 JavaThread "Catalina-utility-2" [_thread_blocked, id=7736, stack(0x0000004648e80000,0x0000004648f80000)]
  0x000000464483d2f0 JavaThread "container-0" [_thread_blocked, id=3820, stack(0x0000004648f80000,0x0000004649080000)]
  0x00000046445cc030 JavaThread "HikariPool-1 housekeeper" daemon [_thread_blocked, id=7092, stack(0x0000004648c80000,0x0000004648d80000)]
  0x0000004643dcfe90 JavaThread "C2 CompilerThread1" daemon [_thread_in_native, id=5604, stack(0x0000004649580000,0x0000004649680000)]

Other Threads:
  0x000000463da99460 VMThread "VM Thread" [stack: 0x000000463e2d0000,0x000000463e3d0000] [id=8244]
  0x000000463e591d40 WatcherThread [stack: 0x000000463f3b0000,0x000000463f4b0000] [id=6912]
  0x0000004626164bc0 GCTaskThread "GC Thread#0" [stack: 0x0000004625f40000,0x0000004626040000] [id=2592]
  0x000000463f8736a0 GCTaskThread "GC Thread#1" [stack: 0x0000004644ca0000,0x0000004644da0000] [id=4468]
  0x000000463f873370 GCTaskThread "GC Thread#2" [stack: 0x0000004645b80000,0x0000004645c80000] [id=4316]
  0x000000463f871060 GCTaskThread "GC Thread#3" [stack: 0x0000004645c80000,0x0000004645d80000] [id=8560]
  0x000000462616e810 ConcurrentGCThread "G1 Main Marker" [stack: 0x000000463b090000,0x000000463b190000] [id=8228]
  0x0000004626170490 ConcurrentGCThread "G1 Conc#0" [stack: 0x000000463b190000,0x000000463b290000] [id=452]
  0x00000046261c63c0 ConcurrentGCThread "G1 Refine#0" [stack: 0x000000463d6d0000,0x000000463d7d0000] [id=8440]
  0x000000463fb5aad0 ConcurrentGCThread "G1 Refine#1" [stack: 0x0000004644da0000,0x0000004644ea0000] [id=6560]
  0x00000046261c7fd0 ConcurrentGCThread "G1 Young RemSet Sampling" [stack: 0x000000463d7d0000,0x000000463d8d0000] [id=7976]

Threads with active compile tasks:
C2 CompilerThread0    91699 4288       4       org.springframework.core.annotation.TypeMappedAnnotations::get (52 bytes)
C1 CompilerThread0    91699 4326       3       java.util.HashMap$Values::iterator (12 bytes)
C2 CompilerThread1    91699 4293       4       org.springframework.core.annotation.AnnotationsScanner::process (43 bytes)

VM state: not at safepoint (normal execution)

VM Mutex/Monitor currently owned by a thread: None

Heap address: 0x00000000c1200000, size: 1006 MB, Compressed Oops mode: 32-bit
CDS disabled.
Compressed class space mapped at: 0x0000000100000000-0x0000000140000000, size: 1073741824
Narrow klass base: 0x0000000000000000, Narrow klass shift: 3, Narrow klass range: 0x140000000

GC Precious Log:
 CPUs: 4 total, 4 available
 Memory: 4016M
 Large Page Support: Disabled
 NUMA Support: Disabled
 Compressed Oops: Enabled (32-bit)
 Heap Region Size: 1M
 Heap Min Capacity: 8M
 Heap Initial Capacity: 64M
 Heap Max Capacity: 1006M
 Pre-touch: Disabled
 Parallel Workers: 4
 Concurrent Workers: 1
 Concurrent Refinement Workers: 4
 Periodic GC: Disabled

Heap:
 garbage-first heap   total 41984K, used 20082K [0x00000000c1200000, 0x0000000100000000)
  region size 1024K, 2 young (2048K), 1 survivors (1024K)
 Metaspace       used 54872K, capacity 55307K, committed 55552K, reserved 1103872K
  class space    used 6750K, capacity 6884K, committed 6912K, reserved 1048576K

Heap Regions: E=young(eden), S=young(survivor), O=old, HS=humongous(starts), HC=humongous(continues), CS=collection set, F=free, OA=open archive, CA=closed archive, TAMS=top-at-mark-start (previous, next)
|   0|0x00000000c1200000, 0x00000000c1300000, 0x00000000c1300000|100%|HS|  |TAMS 0x00000000c1300000, 0x00000000c1300000| Complete 
|   1|0x00000000c1300000, 0x00000000c1400000, 0x00000000c1400000|100%| O|  |TAMS 0x00000000c1400000, 0x00000000c1400000| Untracked 
|   2|0x00000000c1400000, 0x00000000c1500000, 0x00000000c1500000|100%| O|  |TAMS 0x00000000c1500000, 0x00000000c1500000| Untracked 
|   3|0x00000000c1500000, 0x00000000c1600000, 0x00000000c1600000|100%| O|  |TAMS 0x00000000c1600000, 0x00000000c1600000| Untracked 
|   4|0x00000000c1600000, 0x00000000c1700000, 0x00000000c1700000|100%| O|  |TAMS 0x00000000c1700000, 0x00000000c1700000| Untracked 
|   5|0x00000000c1700000, 0x00000000c1800000, 0x00000000c1800000|100%| O|  |TAMS 0x00000000c1800000, 0x00000000c1800000| Untracked 
|   6|0x00000000c1800000, 0x00000000c1821c00, 0x00000000c1900000| 13%| O|  |TAMS 0x00000000c1821c00, 0x00000000c1821c00| Untracked 
|   7|0x00000000c1900000, 0x00000000c1a00000, 0x00000000c1a00000|100%| O|  |TAMS 0x00000000c1a00000, 0x00000000c1a00000| Untracked 
|   8|0x00000000c1a00000, 0x00000000c1b00000, 0x00000000c1b00000|100%| O|  |TAMS 0x00000000c1b00000, 0x00000000c1b00000| Untracked 
|   9|0x00000000c1b00000, 0x00000000c1c00000, 0x00000000c1c00000|100%| O|  |TAMS 0x00000000c1c00000, 0x00000000c1c00000| Untracked 
|  10|0x00000000c1c00000, 0x00000000c1d00000, 0x00000000c1d00000|100%| O|  |TAMS 0x00000000c1d00000, 0x00000000c1d00000| Untracked 
|  11|0x00000000c1d00000, 0x00000000c1e00000, 0x00000000c1e00000|100%| O|  |TAMS 0x00000000c1e00000, 0x00000000c1e00000| Untracked 
|  12|0x00000000c1e00000, 0x00000000c1f00000, 0x00000000c1f00000|100%| O|  |TAMS 0x00000000c1f00000, 0x00000000c1f00000| Untracked 
|  13|0x00000000c1f00000, 0x00000000c2000000, 0x00000000c2000000|100%| O|  |TAMS 0x00000000c1fa1a00, 0x00000000c2000000| Untracked 
|  14|0x00000000c2000000, 0x00000000c2100000, 0x00000000c2100000|100%| O|  |TAMS 0x00000000c2000000, 0x00000000c2100000| Untracked 
|  15|0x00000000c2100000, 0x00000000c2200000, 0x00000000c2200000|100%| O|  |TAMS 0x00000000c2100000, 0x00000000c2200000| Untracked 
|  16|0x00000000c2200000, 0x00000000c2300000, 0x00000000c2300000|100%| O|  |TAMS 0x00000000c2200000, 0x00000000c2300000| Untracked 
|  17|0x00000000c2300000, 0x00000000c2400000, 0x00000000c2400000|100%| O|  |TAMS 0x00000000c2300000, 0x00000000c2400000| Untracked 
|  18|0x00000000c2400000, 0x00000000c2500000, 0x00000000c2500000|100%| O|  |TAMS 0x00000000c2400000, 0x00000000c2446e00| Untracked 
|  19|0x00000000c2500000, 0x00000000c2600000, 0x00000000c2600000|100%| O|  |TAMS 0x00000000c2500000, 0x00000000c2500000| Untracked 
|  20|0x00000000c2600000, 0x00000000c2615600, 0x00000000c2700000|  8%| O|  |TAMS 0x00000000c2600000, 0x00000000c2600000| Untracked 
|  21|0x00000000c2700000, 0x00000000c2700000, 0x00000000c2800000|  0%| F|  |TAMS 0x00000000c2700000, 0x00000000c2700000| Untracked 
|  22|0x00000000c2800000, 0x00000000c2800000, 0x00000000c2900000|  0%| F|  |TAMS 0x00000000c2800000, 0x00000000c2800000| Untracked 
|  23|0x00000000c2900000, 0x00000000c2900000, 0x00000000c2a00000|  0%| F|  |TAMS 0x00000000c2900000, 0x00000000c2900000| Untracked 
|  24|0x00000000c2a00000, 0x00000000c2a00000, 0x00000000c2b00000|  0%| F|  |TAMS 0x00000000c2a00000, 0x00000000c2a00000| Untracked 
|  25|0x00000000c2b00000, 0x00000000c2b00000, 0x00000000c2c00000|  0%| F|  |TAMS 0x00000000c2b00000, 0x00000000c2b00000| Untracked 
|  26|0x00000000c2c00000, 0x00000000c2c00000, 0x00000000c2d00000|  0%| F|  |TAMS 0x00000000c2c00000, 0x00000000c2c00000| Untracked 
|  27|0x00000000c2d00000, 0x00000000c2d00000, 0x00000000c2e00000|  0%| F|  |TAMS 0x00000000c2d00000, 0x00000000c2d00000| Untracked 
|  28|0x00000000c2e00000, 0x00000000c2e00000, 0x00000000c2f00000|  0%| F|  |TAMS 0x00000000c2e00000, 0x00000000c2e00000| Untracked 
|  29|0x00000000c2f00000, 0x00000000c2f00000, 0x00000000c3000000|  0%| F|  |TAMS 0x00000000c2f00000, 0x00000000c2f00000| Untracked 
|  30|0x00000000c3000000, 0x00000000c3000000, 0x00000000c3100000|  0%| F|  |TAMS 0x00000000c3000000, 0x00000000c3000000| Untracked 
|  31|0x00000000c3100000, 0x00000000c3100000, 0x00000000c3200000|  0%| F|  |TAMS 0x00000000c3100000, 0x00000000c3100000| Untracked 
|  32|0x00000000c3200000, 0x00000000c3200000, 0x00000000c3300000|  0%| F|  |TAMS 0x00000000c3200000, 0x00000000c3200000| Untracked 
|  33|0x00000000c3300000, 0x00000000c3300000, 0x00000000c3400000|  0%| F|  |TAMS 0x00000000c3300000, 0x00000000c3300000| Untracked 
|  34|0x00000000c3400000, 0x00000000c3400000, 0x00000000c3500000|  0%| F|  |TAMS 0x00000000c3400000, 0x00000000c3400000| Untracked 
|  35|0x00000000c3500000, 0x00000000c3500000, 0x00000000c3600000|  0%| F|  |TAMS 0x00000000c3500000, 0x00000000c3500000| Untracked 
|  36|0x00000000c3600000, 0x00000000c3600000, 0x00000000c3700000|  0%| F|  |TAMS 0x00000000c3600000, 0x00000000c3600000| Untracked 
|  57|0x00000000c4b00000, 0x00000000c4b00000, 0x00000000c4c00000|  0%| F|  |TAMS 0x00000000c4b00000, 0x00000000c4b00000| Untracked 
|  58|0x00000000c4c00000, 0x00000000c4c656a8, 0x00000000c4d00000| 39%| S|CS|TAMS 0x00000000c4c00000, 0x00000000c4c00000| Complete 
|  59|0x00000000c4d00000, 0x00000000c4d00000, 0x00000000c4e00000|  0%| F|  |TAMS 0x00000000c4d00000, 0x00000000c4d00000| Untracked 
|  63|0x00000000c5100000, 0x00000000c516cd60, 0x00000000c5200000| 42%| E|  |TAMS 0x00000000c5100000, 0x00000000c5100000| Complete 

Card table byte_map: [0x0000004638d10000,0x0000004638f10000] _byte_map_base: 0x0000004638707000

Marking Bits (Prev, Next): (CMBitMap*) 0x0000004626165430, (CMBitMap*) 0x0000004626165470
 Prev Bits: [0x0000004639110000, 0x000000463a0c8000)
 Next Bits: [0x000000463a0d0000, 0x000000463b088000)

Polling page: 0x0000004623fa0000

Metaspace:

Usage:
  Non-class:     47.29 MB capacity,    46.99 MB (>99%) used,   234.74 KB ( <1%) free+waste,    66.00 KB ( <1%) overhead. 
      Class:      6.72 MB capacity,     6.59 MB ( 98%) used,   109.78 KB (  2%) free+waste,    23.88 KB ( <1%) overhead. 
       Both:     54.01 MB capacity,    53.59 MB (>99%) used,   344.52 KB ( <1%) free+waste,    89.88 KB ( <1%) overhead. 

Virtual space:
  Non-class space:       54.00 MB reserved,      47.50 MB ( 88%) committed 
      Class space:        1.00 GB reserved,       6.75 MB ( <1%) committed 
             Both:        1.05 GB reserved,      54.25 MB (  5%) committed 

Chunk freelists:
   Non-Class:  25.00 KB
       Class:  28.00 KB
        Both:  53.00 KB

MaxMetaspaceSize: 17179869184.00 GB
CompressedClassSpaceSize: 1.00 GB

CodeHeap 'non-profiled nmethods': size=120000Kb used=2688Kb max_used=2688Kb free=117311Kb
 bounds [0x00000046315e0000, 0x0000004631890000, 0x0000004638b10000]
CodeHeap 'profiled nmethods': size=120000Kb used=8899Kb max_used=8899Kb free=111100Kb
 bounds [0x000000462a0b0000, 0x000000462a970000, 0x00000046315e0000]
CodeHeap 'non-nmethods': size=5760Kb used=1261Kb max_used=1289Kb free=4498Kb
 bounds [0x0000004629b10000, 0x0000004629d80000, 0x000000462a0b0000]
 total_blobs=4849 nmethods=4310 adapters=451
 compilation: enabled
              stopped_count=0, restarted_count=0
 full_count=0

Compilation events (20 events):
Event: 91.225 Thread 0x000000463e4144d0 4318       3       org.springframework.beans.factory.support.AbstractBeanDefinition::hasPropertyValues (23 bytes)
Event: 91.226 Thread 0x000000463e4144d0 nmethod 4318 0x000000462a959910 code [0x000000462a959ac0, 0x000000462a959e08]
Event: 91.226 Thread 0x000000463e4144d0 4317       3       java.util.Spliterators$ArraySpliterator::estimateSize (11 bytes)
Event: 91.226 Thread 0x000000463e4144d0 nmethod 4317 0x000000462a959f10 code [0x000000462a95a0a0, 0x000000462a95a1b8]
Event: 91.226 Thread 0x000000463e4144d0 4316       3       org.springframework.core.convert.support.GenericConversionService$Converters::addToClassHierarchy (34 bytes)
Event: 91.226 Thread 0x000000463e4144d0 nmethod 4316 0x000000462a95a290 code [0x000000462a95a460, 0x000000462a95a848]
Event: 91.372 Thread 0x000000463e4144d0 4319       3       java.lang.reflect.Constructor::checkCanSetAccessible (29 bytes)
Event: 91.372 Thread 0x000000463e4144d0 nmethod 4319 0x000000462a95aa10 code [0x000000462a95abe0, 0x000000462a95ae98]
Event: 91.389 Thread 0x000000463e4144d0 4320       3       sun.reflect.generics.visitor.Reifier::reifyTypeArguments (38 bytes)
Event: 91.389 Thread 0x000000463e4144d0 nmethod 4320 0x000000462a95b010 code [0x000000462a95b1e0, 0x000000462a95b6c8]
Event: 91.390 Thread 0x000000463e4144d0 4321       3       sun.reflect.generics.parser.SignatureParser::parseTypeArgument (135 bytes)
Event: 91.391 Thread 0x000000463e4144d0 nmethod 4321 0x000000462a95b890 code [0x000000462a95bbc0, 0x000000462a95d2a8]
Event: 91.400 Thread 0x000000463e4144d0 4322       3       java.util.stream.Collectors$CollectorImpl::<init> (13 bytes)
Event: 91.401 Thread 0x000000463e4144d0 nmethod 4322 0x000000462a95d810 code [0x000000462a95da00, 0x000000462a95df78]
Event: 91.401 Thread 0x000000463e4144d0 4323       3       java.util.stream.Collectors::castingIdentity (6 bytes)
Event: 91.401 Thread 0x000000463e4144d0 nmethod 4323 0x000000462a95e110 code [0x000000462a95e2c0, 0x000000462a95e4f8]
Event: 91.495 Thread 0x000000463e4144d0 4324       3       java.lang.invoke.DirectMethodHandle::shouldBeInitialized (127 bytes)
Event: 91.497 Thread 0x000000463e4144d0 nmethod 4324 0x000000462a95e610 code [0x000000462a95e9a0, 0x000000462a95fe38]
Event: 91.497 Thread 0x000000463e4144d0 4325       3       java.util.HashMap::forEach (112 bytes)
Event: 91.498 Thread 0x000000463e4144d0 nmethod 4325 0x000000462a960410 code [0x000000462a960600, 0x000000462a960c08]

GC Heap History (20 events):
Event: 50.375 GC heap before
{Heap before GC invocations=9 (full 0):
 garbage-first heap   total 41984K, used 29712K [0x00000000c1200000, 0x0000000100000000)
  region size 1024K, 21 young (21504K), 3 survivors (3072K)
 Metaspace       used 31812K, capacity 32161K, committed 32512K, reserved 1077248K
  class space    used 3603K, capacity 3720K, committed 3840K, reserved 1048576K
}
Event: 50.386 GC heap after
{Heap after GC invocations=10 (full 0):
 garbage-first heap   total 41984K, used 13116K [0x00000000c1200000, 0x0000000100000000)
  region size 1024K, 3 young (3072K), 3 survivors (3072K)
 Metaspace       used 31812K, capacity 32161K, committed 32512K, reserved 1077248K
  class space    used 3603K, capacity 3720K, committed 3840K, reserved 1048576K
}
Event: 54.005 GC heap before
{Heap before GC invocations=10 (full 0):
 garbage-first heap   total 41984K, used 29500K [0x00000000c1200000, 0x0000000100000000)
  region size 1024K, 20 young (20480K), 3 survivors (3072K)
 Metaspace       used 34737K, capacity 35024K, committed 35328K, reserved 1081344K
  class space    used 3920K, capacity 4014K, committed 4096K, reserved 1048576K
}
Event: 54.014 GC heap after
{Heap after GC invocations=11 (full 0):
 garbage-first heap   total 41984K, used 14369K [0x00000000c1200000, 0x0000000100000000)
  region size 1024K, 2 young (2048K), 2 survivors (2048K)
 Metaspace       used 34737K, capacity 35024K, committed 35328K, reserved 1081344K
  class space    used 3920K, capacity 4014K, committed 4096K, reserved 1048576K
}
Event: 54.018 GC heap before
{Heap before GC invocations=11 (full 0):
 garbage-first heap   total 41984K, used 28705K [0x00000000c1200000, 0x0000000100000000)
  region size 1024K, 17 young (17408K), 2 survivors (2048K)
 Metaspace       used 34737K, capacity 35024K, committed 35328K, reserved 1081344K
  class space    used 3920K, capacity 4014K, committed 4096K, reserved 1048576K
}
Event: 54.021 GC heap after
{Heap after GC invocations=12 (full 0):
 garbage-first heap   total 41984K, used 14414K [0x00000000c1200000, 0x0000000100000000)
  region size 1024K, 2 young (2048K), 2 survivors (2048K)
 Metaspace       used 34737K, capacity 35024K, committed 35328K, reserved 1081344K
  class space    used 3920K, capacity 4014K, committed 4096K, reserved 1048576K
}
Event: 54.027 GC heap before
{Heap before GC invocations=12 (full 0):
 garbage-first heap   total 41984K, used 29774K [0x00000000c1200000, 0x0000000100000000)
  region size 1024K, 18 young (18432K), 2 survivors (2048K)
 Metaspace       used 34741K, capacity 35024K, committed 35328K, reserved 1081344K
  class space    used 3920K, capacity 4014K, committed 4096K, reserved 1048576K
}
Event: 54.030 GC heap after
{Heap after GC invocations=13 (full 0):
 garbage-first heap   total 41984K, used 14360K [0x00000000c1200000, 0x0000000100000000)
  region size 1024K, 2 young (2048K), 2 survivors (2048K)
 Metaspace       used 34741K, capacity 35024K, committed 35328K, reserved 1081344K
  class space    used 3920K, capacity 4014K, committed 4096K, reserved 1048576K
}
Event: 54.863 GC heap before
{Heap before GC invocations=13 (full 0):
 garbage-first heap   total 41984K, used 21528K [0x00000000c1200000, 0x0000000100000000)
  region size 1024K, 10 young (10240K), 2 survivors (2048K)
 Metaspace       used 35399K, capacity 35699K, committed 35840K, reserved 1081344K
  class space    used 3999K, capacity 4111K, committed 4224K, reserved 1048576K
}
Event: 54.867 GC heap after
{Heap after GC invocations=14 (full 0):
 garbage-first heap   total 41984K, used 14441K [0x00000000c1200000, 0x0000000100000000)
  region size 1024K, 2 young (2048K), 2 survivors (2048K)
 Metaspace       used 35399K, capacity 35699K, committed 35840K, reserved 1081344K
  class space    used 3999K, capacity 4111K, committed 4224K, reserved 1048576K
}
Event: 63.015 GC heap before
{Heap before GC invocations=15 (full 0):
 garbage-first heap   total 41984K, used 30825K [0x00000000c1200000, 0x0000000100000000)
  region size 1024K, 19 young (19456K), 2 survivors (2048K)
 Metaspace       used 39740K, capacity 40122K, committed 40320K, reserved 1085440K
  class space    used 4511K, capacity 4625K, committed 4736K, reserved 1048576K
}
Event: 63.020 GC heap after
{Heap after GC invocations=16 (full 0):
 garbage-first heap   total 41984K, used 15922K [0x00000000c1200000, 0x0000000100000000)
  region size 1024K, 3 young (3072K), 3 survivors (3072K)
 Metaspace       used 39740K, capacity 40122K, committed 40320K, reserved 1085440K
  class space    used 4511K, capacity 4625K, committed 4736K, reserved 1048576K
}
Event: 79.623 GC heap before
{Heap before GC invocations=16 (full 0):
 garbage-first heap   total 41984K, used 32306K [0x00000000c1200000, 0x0000000100000000)
  region size 1024K, 19 young (19456K), 3 survivors (3072K)
 Metaspace       used 43331K, capacity 43768K, committed 43904K, reserved 1087488K
  class space    used 5042K, capacity 5174K, committed 5248K, reserved 1048576K
}
Event: 79.629 GC heap after
{Heap after GC invocations=17 (full 0):
 garbage-first heap   total 41984K, used 17012K [0x00000000c1200000, 0x0000000100000000)
  region size 1024K, 3 young (3072K), 3 survivors (3072K)
 Metaspace       used 43331K, capacity 43768K, committed 43904K, reserved 1087488K
  class space    used 5042K, capacity 5174K, committed 5248K, reserved 1048576K
}
Event: 85.843 GC heap before
{Heap before GC invocations=17 (full 0):
 garbage-first heap   total 41984K, used 32372K [0x00000000c1200000, 0x0000000100000000)
  region size 1024K, 18 young (18432K), 3 survivors (3072K)
 Metaspace       used 47749K, capacity 48091K, committed 48384K, reserved 1091584K
  class space    used 5746K, capacity 5847K, committed 5888K, reserved 1048576K
}
Event: 85.848 GC heap after
{Heap after GC invocations=18 (full 0):
 garbage-first heap   total 41984K, used 18020K [0x00000000c1200000, 0x0000000100000000)
  region size 1024K, 3 young (3072K), 3 survivors (3072K)
 Metaspace       used 47749K, capacity 48091K, committed 48384K, reserved 1091584K
  class space    used 5746K, capacity 5847K, committed 5888K, reserved 1048576K
}
Event: 88.819 GC heap before
{Heap before GC invocations=18 (full 0):
 garbage-first heap   total 41984K, used 30308K [0x00000000c1200000, 0x0000000100000000)
  region size 1024K, 16 young (16384K), 3 survivors (3072K)
 Metaspace       used 51597K, capacity 51978K, committed 52096K, reserved 1095680K
  class space    used 6334K, capacity 6459K, committed 6528K, reserved 1048576K
}
Event: 88.824 GC heap after
{Heap after GC invocations=19 (full 0):
 garbage-first heap   total 41984K, used 18657K [0x00000000c1200000, 0x0000000100000000)
  region size 1024K, 2 young (2048K), 2 survivors (2048K)
 Metaspace       used 51597K, capacity 51978K, committed 52096K, reserved 1095680K
  class space    used 6334K, capacity 6459K, committed 6528K, reserved 1048576K
}
Event: 91.460 GC heap before
{Heap before GC invocations=19 (full 0):
 garbage-first heap   total 41984K, used 31969K [0x00000000c1200000, 0x0000000100000000)
  region size 1024K, 15 young (15360K), 2 survivors (2048K)
 Metaspace       used 54475K, capacity 54923K, committed 55040K, reserved 1097728K
  class space    used 6695K, capacity 6820K, committed 6912K, reserved 1048576K
}
Event: 91.465 GC heap after
{Heap after GC invocations=20 (full 0):
 garbage-first heap   total 41984K, used 19698K [0x00000000c1200000, 0x0000000100000000)
  region size 1024K, 2 young (2048K), 2 survivors (2048K)
 Metaspace       used 54475K, capacity 54923K, committed 55040K, reserved 1097728K
  class space    used 6695K, capacity 6820K, committed 6912K, reserved 1048576K
}

Deoptimization events (20 events):
Event: 91.091 Thread 0x0000004626136550 Uncommon trap: trap_request=0xffffff45 fr.pc=0x00000046317af1e0 relative=0x0000000000000720
Event: 91.091 Thread 0x0000004626136550 Uncommon trap: reason=unstable_if action=reinterpret pc=0x00000046317af1e0 method=java.lang.PublicMethods$MethodList.filter([Ljava/lang/reflect/Method;Ljava/lang/String;[Ljava/lang/Class;Z)Ljava/lang/PublicMethods$MethodList; @ 43 c2
Event: 91.091 Thread 0x0000004626136550 DEOPT PACKING pc=0x00000046317af1e0 sp=0x00000046258cd3f0
Event: 91.091 Thread 0x0000004626136550 DEOPT UNPACKING pc=0x0000004629b5e42f sp=0x00000046258cd3b0 mode 2
Event: 91.099 Thread 0x0000004626136550 Uncommon trap: trap_request=0xffffff45 fr.pc=0x000000463183f3ec relative=0x00000000000001cc
Event: 91.099 Thread 0x0000004626136550 Uncommon trap: reason=unstable_if action=reinterpret pc=0x000000463183f3ec method=java.util.ArrayDeque.addLast(Ljava/lang/Object;)V @ 42 c2
Event: 91.099 Thread 0x0000004626136550 DEOPT PACKING pc=0x000000463183f3ec sp=0x00000046258cdb50
Event: 91.099 Thread 0x0000004626136550 DEOPT UNPACKING pc=0x0000004629b5e42f sp=0x00000046258cdaa8 mode 2
Event: 91.214 Thread 0x0000004626136550 Uncommon trap: trap_request=0xffffff45 fr.pc=0x0000004631784a94 relative=0x0000000000000fd4
Event: 91.214 Thread 0x0000004626136550 Uncommon trap: reason=unstable_if action=reinterpret pc=0x0000004631784a94 method=java.util.concurrent.ConcurrentHashMap.putVal(Ljava/lang/Object;Ljava/lang/Object;Z)Ljava/lang/Object; @ 401 c2
Event: 91.214 Thread 0x0000004626136550 DEOPT PACKING pc=0x0000004631784a94 sp=0x00000046258cd6b0
Event: 91.214 Thread 0x0000004626136550 DEOPT UNPACKING pc=0x0000004629b5e42f sp=0x00000046258cd630 mode 2
Event: 91.367 Thread 0x0000004626136550 Uncommon trap: trap_request=0xffffffde fr.pc=0x0000004631753c68 relative=0x0000000000003ee8
Event: 91.367 Thread 0x0000004626136550 Uncommon trap: reason=class_check action=maybe_recompile pc=0x0000004631753c68 method=org.springframework.beans.factory.support.AbstractBeanFactory.isTypeMatch(Ljava/lang/String;Lorg/springframework/core/ResolvableType;Z)Z @ 53 c2
Event: 91.367 Thread 0x0000004626136550 DEOPT PACKING pc=0x0000004631753c68 sp=0x00000046258cd210
Event: 91.367 Thread 0x0000004626136550 DEOPT UNPACKING pc=0x0000004629b5e42f sp=0x00000046258cd1c0 mode 2
Event: 91.444 Thread 0x0000004626136550 Uncommon trap: trap_request=0xffffff45 fr.pc=0x00000046317d9ab0 relative=0x0000000000000110
Event: 91.444 Thread 0x0000004626136550 Uncommon trap: reason=unstable_if action=reinterpret pc=0x00000046317d9ab0 method=jdk.internal.org.objectweb.asm.ByteVector.putInt(I)Ljdk/internal/org/objectweb/asm/ByteVector; @ 13 c2
Event: 91.444 Thread 0x0000004626136550 DEOPT PACKING pc=0x00000046317d9ab0 sp=0x00000046258cb780
Event: 91.444 Thread 0x0000004626136550 DEOPT UNPACKING pc=0x0000004629b5e42f sp=0x00000046258cb718 mode 2

Classes unloaded (0 events):
No events

Classes redefined (0 events):
No events

Internal exceptions (20 events):
Event: 91.056 Thread 0x0000004626136550 Exception <a 'java/lang/ClassNotFoundException'{0x00000000c343e290}: java/lang/ObjectCustomizer> (0x00000000c343e290) 
thrown [./open/src/hotspot/share/classfile/systemDictionary.cpp, line 295]
Event: 91.057 Thread 0x0000004626136550 Exception <a 'java/lang/ClassNotFoundException'{0x00000000c3444af8}: org/springframework/data/repository/core/support/RepositoryFactoryBeanSupportCustomizer> (0x00000000c3444af8) 
thrown [./open/src/hotspot/share/classfile/systemDictionary.cpp, line 295]
Event: 91.060 Thread 0x0000004626136550 Exception <a 'java/lang/ClassNotFoundException'{0x00000000c346be20}: org/springframework/data/repository/core/support/TransactionalRepositoryFactoryBeanSupportCustomizer> (0x00000000c346be20) 
thrown [./open/src/hotspot/share/classfile/systemDictionary.cpp, line 295]
Event: 91.062 Thread 0x0000004626136550 Exception <a 'java/lang/ClassNotFoundException'{0x00000000c3478740}: org/springframework/data/jpa/repository/support/JpaRepositoryFactoryBeanCustomizer> (0x00000000c3478740) 
thrown [./open/src/hotspot/share/classfile/systemDictionary.cpp, line 295]
Event: 91.065 Thread 0x0000004626136550 Exception <a 'java/lang/ClassNotFoundException'{0x00000000c34a6468}: org/springframework/beans/factory/BeanFactoryAwareCustomizer> (0x00000000c34a6468) 
thrown [./open/src/hotspot/share/classfile/systemDictionary.cpp, line 295]
Event: 91.065 Thread 0x0000004626136550 Exception <a 'java/lang/ClassNotFoundException'{0x00000000c34aa548}: org/springframework/beans/factory/AwareCustomizer> (0x00000000c34aa548) 
thrown [./open/src/hotspot/share/classfile/systemDictionary.cpp, line 295]
Event: 91.065 Thread 0x0000004626136550 Exception <a 'java/lang/ClassNotFoundException'{0x00000000c34ad210}: org/springframework/beans/factory/InitializingBeanCustomizer> (0x00000000c34ad210) 
thrown [./open/src/hotspot/share/classfile/systemDictionary.cpp, line 295]
Event: 91.066 Thread 0x0000004626136550 Exception <a 'java/lang/ClassNotFoundException'{0x00000000c34b0f50}: org/springframework/data/repository/core/support/RepositoryFactoryInformationCustomizer> (0x00000000c34b0f50) 
thrown [./open/src/hotspot/share/classfile/systemDictionary.cpp, line 295]
Event: 91.066 Thread 0x0000004626136550 Exception <a 'java/lang/ClassNotFoundException'{0x00000000c34ba458}: org/springframework/beans/factory/FactoryBeanCustomizer> (0x00000000c34ba458) 
thrown [./open/src/hotspot/share/classfile/systemDictionary.cpp, line 295]
Event: 91.067 Thread 0x0000004626136550 Exception <a 'java/lang/ClassNotFoundException'{0x00000000c34c1640}: org/springframework/beans/factory/BeanClassLoaderAwareCustomizer> (0x00000000c34c1640) 
thrown [./open/src/hotspot/share/classfile/systemDictionary.cpp, line 295]
Event: 91.067 Thread 0x0000004626136550 Exception <a 'java/lang/ClassNotFoundException'{0x00000000c34c4fd0}: org/springframework/beans/factory/AwareCustomizer> (0x00000000c34c4fd0) 
thrown [./open/src/hotspot/share/classfile/systemDictionary.cpp, line 295]
Event: 91.067 Thread 0x0000004626136550 Exception <a 'java/lang/ClassNotFoundException'{0x00000000c34c7c30}: org/springframework/beans/factory/BeanFactoryAwareCustomizer> (0x00000000c34c7c30) 
thrown [./open/src/hotspot/share/classfile/systemDictionary.cpp, line 295]
Event: 91.068 Thread 0x0000004626136550 Exception <a 'java/lang/ClassNotFoundException'{0x00000000c34cbd10}: org/springframework/beans/factory/AwareCustomizer> (0x00000000c34cbd10) 
thrown [./open/src/hotspot/share/classfile/systemDictionary.cpp, line 295]
Event: 91.068 Thread 0x0000004626136550 Exception <a 'java/lang/ClassNotFoundException'{0x00000000c34cea90}: org/springframework/context/ApplicationEventPublisherAwareCustomizer> (0x00000000c34cea90) 
thrown [./open/src/hotspot/share/classfile/systemDictionary.cpp, line 295]
Event: 91.068 Thread 0x0000004626136550 Exception <a 'java/lang/ClassNotFoundException'{0x00000000c34d2b68}: org/springframework/beans/factory/AwareCustomizer> (0x00000000c34d2b68) 
thrown [./open/src/hotspot/share/classfile/systemDictionary.cpp, line 295]
Event: 91.074 Thread 0x0000004626136550 Exception <a 'java/lang/ClassNotFoundException'{0x00000000c3306080}: java/lang/ObjectCustomizer> (0x00000000c3306080) 
thrown [./open/src/hotspot/share/classfile/systemDictionary.cpp, line 295]
Event: 91.075 Thread 0x0000004626136550 Exception <a 'java/lang/ClassNotFoundException'{0x00000000c330cb60}: org/springframework/core/io/support/PropertiesLoaderSupportCustomizer> (0x00000000c330cb60) 
thrown [./open/src/hotspot/share/classfile/systemDictionary.cpp, line 295]
Event: 91.076 Thread 0x0000004626136550 Exception <a 'java/lang/ClassNotFoundException'{0x00000000c3318888}: org/springframework/beans/factory/config/PropertiesFactoryBeanCustomizer> (0x00000000c3318888) 
thrown [./open/src/hotspot/share/classfile/systemDictionary.cpp, line 295]
Event: 91.078 Thread 0x0000004626136550 Exception <a 'java/lang/ClassNotFoundException'{0x00000000c332c678}: org/springframework/beans/factory/FactoryBeanCustomizer> (0x00000000c332c678) 
thrown [./open/src/hotspot/share/classfile/systemDictionary.cpp, line 295]
Event: 91.078 Thread 0x0000004626136550 Exception <a 'java/lang/ClassNotFoundException'{0x00000000c3332238}: org/springframework/beans/factory/InitializingBeanCustomizer> (0x00000000c3332238) 
thrown [./open/src/hotspot/share/classfile/systemDictionary.cpp, line 295]

Events (20 events):
Event: 89.735 loading class java/io/ObjectInputFilter$FilterInfo done
Event: 89.735 loading class java/io/ObjectInputFilter$Status
Event: 89.735 loading class java/io/ObjectInputFilter$Status done
Event: 91.045 loading class javax/naming/Reference
Event: 91.045 loading class javax/naming/Reference done
Event: 91.056 loading class java/lang/ObjectCustomizer
Event: 91.056 loading class java/lang/ObjectCustomizer done
Event: 91.056 loading class java/lang/ObjectCustomizer
Event: 91.056 loading class java/lang/ObjectCustomizer done
Event: 91.074 loading class java/lang/ObjectCustomizer
Event: 91.074 loading class java/lang/ObjectCustomizer done
Event: 91.074 loading class java/lang/ObjectCustomizer
Event: 91.074 loading class java/lang/ObjectCustomizer done
Event: 91.082 Thread 0x0000004643dcfe90 Thread added: 0x0000004643dcfe90
Event: 91.215 loading class java/util/concurrent/ConcurrentHashMap$TreeNode
Event: 91.215 loading class java/util/concurrent/ConcurrentHashMap$TreeNode done
Event: 91.215 loading class java/util/concurrent/ConcurrentHashMap$TreeBin
Event: 91.215 loading class java/util/concurrent/ConcurrentHashMap$TreeBin done
Event: 91.460 Executing VM operation: G1CollectForAllocation
Event: 91.465 Executing VM operation: G1CollectForAllocation done


Dynamic libraries:
0x00007ff73bf70000 - 0x00007ff73bf7d000 	C:\Users\Таня\.p2\pool\plugins\org.eclipse.justj.openjdk.hotspot.jre.full.win32.x86_64_15.0.2.v20210201-0955\jre\bin\javaw.exe
0x00007fff5ed10000 - 0x00007fff5eeba000 	C:\WINDOWS\SYSTEM32\ntdll.dll
0x00007fff5e340000 - 0x00007fff5e47a000 	C:\WINDOWS\system32\KERNEL32.DLL
0x00007fff42660000 - 0x00007fff42673000 	C:\Program Files\AVAST Software\Avast\aswhook.dll
0x00007fff5c330000 - 0x00007fff5c43f000 	C:\WINDOWS\system32\KERNELBASE.dll
0x00007fff56710000 - 0x00007fff56728000 	C:\Users\Таня\.p2\pool\plugins\org.eclipse.justj.openjdk.hotspot.jre.full.win32.x86_64_15.0.2.v20210201-0955\jre\bin\jli.dll
0x00007fff50320000 - 0x00007fff50339000 	C:\Users\Таня\.p2\pool\plugins\org.eclipse.justj.openjdk.hotspot.jre.full.win32.x86_64_15.0.2.v20210201-0955\jre\bin\VCRUNTIME140.dll
0x00007fff54c00000 - 0x00007fff54c04000 	C:\Users\Таня\.p2\pool\plugins\org.eclipse.justj.openjdk.hotspot.jre.full.win32.x86_64_15.0.2.v20210201-0955\jre\bin\api-ms-win-crt-stdio-l1-1-0.dll
0x00007fff505f0000 - 0x00007fff505f4000 	C:\Users\Таня\.p2\pool\plugins\org.eclipse.justj.openjdk.hotspot.jre.full.win32.x86_64_15.0.2.v20210201-0955\jre\bin\api-ms-win-crt-runtime-l1-1-0.dll
0x00007fff50310000 - 0x00007fff50313000 	C:\Users\Таня\.p2\pool\plugins\org.eclipse.justj.openjdk.hotspot.jre.full.win32.x86_64_15.0.2.v20210201-0955\jre\bin\api-ms-win-crt-environment-l1-1-0.dll
0x00007fff50300000 - 0x00007fff50305000 	C:\Users\Таня\.p2\pool\plugins\org.eclipse.justj.openjdk.hotspot.jre.full.win32.x86_64_15.0.2.v20210201-0955\jre\bin\api-ms-win-crt-math-l1-1-0.dll
0x00007fff502f0000 - 0x00007fff502f3000 	C:\Users\Таня\.p2\pool\plugins\org.eclipse.justj.openjdk.hotspot.jre.full.win32.x86_64_15.0.2.v20210201-0955\jre\bin\api-ms-win-crt-locale-l1-1-0.dll
0x00007fff502e0000 - 0x00007fff502e3000 	C:\Users\Таня\.p2\pool\plugins\org.eclipse.justj.openjdk.hotspot.jre.full.win32.x86_64_15.0.2.v20210201-0955\jre\bin\api-ms-win-crt-heap-l1-1-0.dll
0x00007fff59fa0000 - 0x00007fff5a1fa000 	C:\WINDOWS\WinSxS\amd64_microsoft.windows.common-controls_6595b64144ccf1df_6.0.9600.17031_none_6242a4b3ecbb55a1\COMCTL32.dll
0x00007fff5c770000 - 0x00007fff5c8e1000 	C:\WINDOWS\system32\USER32.dll
0x00007fff502d0000 - 0x00007fff502d3000 	C:\Users\Таня\.p2\pool\plugins\org.eclipse.justj.openjdk.hotspot.jre.full.win32.x86_64_15.0.2.v20210201-0955\jre\bin\api-ms-win-crt-filesystem-l1-1-0.dll
0x00007fff502c0000 - 0x00007fff502c4000 	C:\Users\Таня\.p2\pool\plugins\org.eclipse.justj.openjdk.hotspot.jre.full.win32.x86_64_15.0.2.v20210201-0955\jre\bin\api-ms-win-crt-string-l1-1-0.dll
0x00007fff502b0000 - 0x00007fff502b4000 	C:\Users\Таня\.p2\pool\plugins\org.eclipse.justj.openjdk.hotspot.jre.full.win32.x86_64_15.0.2.v20210201-0955\jre\bin\api-ms-win-crt-convert-l1-1-0.dll
0x00007fff5ec50000 - 0x00007fff5ecf7000 	C:\WINDOWS\system32\msvcrt.dll
0x00007fff5eac0000 - 0x00007fff5ec04000 	C:\WINDOWS\system32\GDI32.dll
0x00007fff501b0000 - 0x00007fff502aa000 	C:\Users\Таня\.p2\pool\plugins\org.eclipse.justj.openjdk.hotspot.jre.full.win32.x86_64_15.0.2.v20210201-0955\jre\bin\ucrtbase.DLL
0x00007fff5ec10000 - 0x00007fff5ec44000 	C:\WINDOWS\system32\IMM32.DLL
0x00007fff5cae0000 - 0x00007fff5cc19000 	C:\WINDOWS\system32\MSCTF.dll
0x00007fff501a0000 - 0x00007fff501ac000 	C:\Users\Таня\.p2\pool\plugins\org.eclipse.justj.openjdk.hotspot.jre.full.win32.x86_64_15.0.2.v20210201-0955\jre\bin\vcruntime140_1.dll
0x00007fff4fda0000 - 0x00007fff4fe31000 	C:\Users\Таня\.p2\pool\plugins\org.eclipse.justj.openjdk.hotspot.jre.full.win32.x86_64_15.0.2.v20210201-0955\jre\bin\msvcp140.dll
0x00007fff50190000 - 0x00007fff50193000 	C:\Users\Таня\.p2\pool\plugins\org.eclipse.justj.openjdk.hotspot.jre.full.win32.x86_64_15.0.2.v20210201-0955\jre\bin\api-ms-win-crt-time-l1-1-0.dll
0x00007fff50180000 - 0x00007fff50183000 	C:\Users\Таня\.p2\pool\plugins\org.eclipse.justj.openjdk.hotspot.jre.full.win32.x86_64_15.0.2.v20210201-0955\jre\bin\api-ms-win-crt-utility-l1-1-0.dll
0x00007fff3ed30000 - 0x00007fff3f88e000 	C:\Users\Таня\.p2\pool\plugins\org.eclipse.justj.openjdk.hotspot.jre.full.win32.x86_64_15.0.2.v20210201-0955\jre\bin\server\jvm.dll
0x00007fff5cce0000 - 0x00007fff5cd85000 	C:\WINDOWS\system32\ADVAPI32.dll
0x00007fff54a80000 - 0x00007fff54a89000 	C:\WINDOWS\SYSTEM32\WSOCK32.dll
0x00007fff57260000 - 0x00007fff5727f000 	C:\WINDOWS\SYSTEM32\WINMM.dll
0x00007fff59a10000 - 0x00007fff59a1a000 	C:\WINDOWS\SYSTEM32\VERSION.dll
0x00007fff5e330000 - 0x00007fff5e337000 	C:\WINDOWS\system32\PSAPI.DLL
0x00007fff5ca80000 - 0x00007fff5cad7000 	C:\WINDOWS\SYSTEM32\sechost.dll
0x00007fff5e7c0000 - 0x00007fff5e8f7000 	C:\WINDOWS\system32\RPCRT4.dll
0x00007fff5e2d0000 - 0x00007fff5e328000 	C:\WINDOWS\system32\WS2_32.dll
0x00007fff559b0000 - 0x00007fff559da000 	C:\WINDOWS\SYSTEM32\WINMMBASE.dll
0x00007fff5c8f0000 - 0x00007fff5c8f9000 	C:\WINDOWS\system32\NSI.dll
0x00007fff5c4f0000 - 0x00007fff5c53a000 	C:\WINDOWS\SYSTEM32\cfgmgr32.dll
0x00007fff5ab80000 - 0x00007fff5aba6000 	C:\WINDOWS\SYSTEM32\DEVOBJ.dll
0x00007fff49080000 - 0x00007fff4908a000 	C:\Users\Таня\.p2\pool\plugins\org.eclipse.justj.openjdk.hotspot.jre.full.win32.x86_64_15.0.2.v20210201-0955\jre\bin\jimage.dll
0x00007fff56a60000 - 0x00007fff56be8000 	C:\WINDOWS\SYSTEM32\DBGHELP.DLL
0x00007fff49050000 - 0x00007fff49075000 	C:\Users\Таня\.p2\pool\plugins\org.eclipse.justj.openjdk.hotspot.jre.full.win32.x86_64_15.0.2.v20210201-0955\jre\bin\java.dll
0x00007fff49030000 - 0x00007fff49048000 	C:\Users\Таня\.p2\pool\plugins\org.eclipse.justj.openjdk.hotspot.jre.full.win32.x86_64_15.0.2.v20210201-0955\jre\bin\zip.dll
0x00007fff5cd90000 - 0x00007fff5e1af000 	C:\WINDOWS\system32\SHELL32.dll
0x00007fff5c590000 - 0x00007fff5c766000 	C:\WINDOWS\SYSTEM32\combase.dll
0x00007fff5cc80000 - 0x00007fff5ccd1000 	C:\WINDOWS\system32\SHLWAPI.dll
0x00007fff5b600000 - 0x00007fff5b69f000 	C:\WINDOWS\SYSTEM32\SHCORE.dll
0x00007fff5c080000 - 0x00007fff5c094000 	C:\WINDOWS\SYSTEM32\profapi.dll
0x00007fff48fb0000 - 0x00007fff48fc9000 	C:\Users\Таня\.p2\pool\plugins\org.eclipse.justj.openjdk.hotspot.jre.full.win32.x86_64_15.0.2.v20210201-0955\jre\bin\net.dll
0x00007fff54450000 - 0x00007fff54515000 	C:\WINDOWS\SYSTEM32\WINHTTP.dll
0x00007fff5b580000 - 0x00007fff5b5d8000 	C:\WINDOWS\system32\mswsock.dll
0x00007fff48f50000 - 0x00007fff48f62000 	C:\Users\Таня\.p2\pool\plugins\org.eclipse.justj.openjdk.hotspot.jre.full.win32.x86_64_15.0.2.v20210201-0955\jre\bin\nio.dll
0x00007fff48fa0000 - 0x00007fff48fb0000 	C:\Users\Таня\.p2\pool\plugins\org.eclipse.justj.openjdk.hotspot.jre.full.win32.x86_64_15.0.2.v20210201-0955\jre\bin\verify.dll
0x00007fff48de0000 - 0x00007fff48de9000 	C:\Users\Таня\.p2\pool\plugins\org.eclipse.justj.openjdk.hotspot.jre.full.win32.x86_64_15.0.2.v20210201-0955\jre\bin\management.dll
0x00007fff43210000 - 0x00007fff4321b000 	C:\Users\Таня\.p2\pool\plugins\org.eclipse.justj.openjdk.hotspot.jre.full.win32.x86_64_15.0.2.v20210201-0955\jre\bin\management_ext.dll
0x00007fff4f6d0000 - 0x00007fff4f6e4000 	C:\WINDOWS\system32\napinsp.dll
0x00007fff4f6b0000 - 0x00007fff4f6c9000 	C:\WINDOWS\system32\pnrpnsp.dll
0x00007fff567a0000 - 0x00007fff567b9000 	C:\WINDOWS\system32\NLAapi.dll
0x00007fff5b390000 - 0x00007fff5b433000 	C:\WINDOWS\SYSTEM32\DNSAPI.dll
0x00007fff4f6a0000 - 0x00007fff4f6ac000 	C:\WINDOWS\System32\winrnr.dll
0x00007fff4f680000 - 0x00007fff4f693000 	C:\WINDOWS\system32\wshbth.dll
0x00007fff4f670000 - 0x00007fff4f679000 	C:\Windows\System32\rasadhlp.dll
0x00007fff566b0000 - 0x00007fff566d9000 	C:\WINDOWS\SYSTEM32\IPHLPAPI.DLL
0x00007fff566a0000 - 0x00007fff566aa000 	C:\WINDOWS\SYSTEM32\WINNSI.DLL
0x00007fff55180000 - 0x00007fff551e8000 	C:\WINDOWS\System32\fwpuclnt.dll
0x00007fff5b5e0000 - 0x00007fff5b5fe000 	C:\WINDOWS\SYSTEM32\CRYPTSP.dll
0x0000000062180000 - 0x0000000062191000 	C:\Program Files\Common Files\Crypto Pro\AppCompat\cpadvai.dll
0x00000000621a0000 - 0x00000000621a7000 	C:\Program Files\Common Files\Crypto Pro\AppCompat\detoured.dll
0x00007fff5b220000 - 0x00007fff5b255000 	C:\WINDOWS\system32\rsaenh.dll
0x00007fff5bb70000 - 0x00007fff5bb96000 	C:\WINDOWS\SYSTEM32\bcrypt.dll
0x00007fff5b330000 - 0x00007fff5b34e000 	C:\WINDOWS\SYSTEM32\USERENV.dll
0x00007fff5be90000 - 0x00007fff5bef0000 	C:\WINDOWS\system32\bcryptprimitives.dll
0x00007fff5bef0000 - 0x00007fff5befa000 	C:\WINDOWS\SYSTEM32\CRYPTBASE.dll
0x00007fff55160000 - 0x00007fff55174000 	C:\WINDOWS\SYSTEM32\dhcpcsvc6.DLL
0x00007fff553e0000 - 0x00007fff553f9000 	C:\WINDOWS\SYSTEM32\dhcpcsvc.DLL

dbghelp: loaded successfully - version: 4.0.5 - missing functions: none
symbol engine: initialized successfully - sym options: 0x614 - pdb path: .;srv*c:\Symbols*http://msdl.microsoft.com/download/symbols;C:\Users\Таня\.p2\pool\plugins\org.eclipse.justj.openjdk.hotspot.jre.full.win32.x86_64_15.0.2.v20210201-0955\jre\bin;C:\WINDOWS\SYSTEM32;C:\Program Files\AVAST Software\Avast;C:\WINDOWS\WinSxS\amd64_microsoft.windows.common-controls_6595b64144ccf1df_6.0.9600.17031_none_6242a4b3ecbb55a1;C:\Users\Таня\.p2\pool\plugins\org.eclipse.justj.openjdk.hotspot.jre.full.win32.x86_64_15.0.2.v20210201-0955\jre\bin\server;C:\Program Files\Common Files\Crypto Pro\AppCompat

VM Arguments:
jvm_args: -Dfile.encoding=UTF-8 -XX:+ShowCodeDetailsInExceptionMessages 
java_command: com.java.happyZoo_app.HappyZooAppApplication
java_class_path (initial): D:\happyZoo_app\happyZoo_app\target\classes;C:\Users\Таня\.m2\repository\org\springframework\boot\spring-boot-starter-data-jpa\2.5.1\spring-boot-starter-data-jpa-2.5.1.jar;C:\Users\Таня\.m2\repository\org\springframework\boot\spring-boot-starter-aop\2.5.1\spring-boot-starter-aop-2.5.1.jar;C:\Users\Таня\.m2\repository\org\springframework\spring-aop\5.3.8\spring-aop-5.3.8.jar;C:\Users\Таня\.m2\repository\org\aspectj\aspectjweaver\1.9.6\aspectjweaver-1.9.6.jar;C:\Users\Таня\.m2\repository\org\springframework\boot\spring-boot-starter-jdbc\2.5.1\spring-boot-starter-jdbc-2.5.1.jar;C:\Users\Таня\.m2\repository\com\zaxxer\HikariCP\4.0.3\HikariCP-4.0.3.jar;C:\Users\Таня\.m2\repository\jakarta\transaction\jakarta.transaction-api\1.3.3\jakarta.transaction-api-1.3.3.jar;C:\Users\Таня\.m2\repository\jakarta\persistence\jakarta.persistence-api\2.2.3\jakarta.persistence-api-2.2.3.jar;C:\Users\Таня\.m2\repository\org\hibernate\hibernate-core\5.4.32.Final\hibernate-core-5.4.32.Final.jar;C:\Users\Таня\.m2\repository\org\jboss\logging\jboss-logging\3.4.2.Final\jboss-logging-3.4.2.Final.jar;C:\Users\Таня\.m2\repository\org\javassist\javassist\3.27.0-GA\javassist-3.27.0-GA.jar;C:\Users\Таня\.m2\repository\net\bytebuddy\byte-buddy\1.10.22\byte-buddy-1.10.22.jar;C:\Users\Таня\.m2\repository\antlr\antlr\2.7.7\antlr-2.7.7.jar;C:\Users\Таня\.m2\repository\org\jboss\jandex\2.2.3.Final\jandex-2.2.3.Final.jar;C:\Users\Таня\.m2\repository\com\fasterxml\classmate\1.5.1\classmate-1.5.1.jar;C:\Users\Таня\.m2\repository\org\dom4j\dom4j\2.1.3\dom4j-2.1.3.jar;C:\Users\Таня\.m2\repository\org\hibernate\common\hibernate-commons-annotations\5.1.2.Final\hibernate-commons-annotations-5.1.2.Final.jar;C:\Users\Таня\.m2\repository\org\glassfish\jaxb\jaxb-runtime\2.3.4\jaxb-runtime-2.3.4.jar;C:\Users\Таня\.m2\repository\org\glassfish\jaxb\txw2\2.3.4\txw2-2.3.4.jar;C:\Users\Таня\.m2\repository\com\sun\istack\istack-commons-runtime\3.0.12\istack-commons-runtime-3.0.12.jar;C:\Users\Та
Launcher Type: SUN_STANDARD

[Global flags]
     intx CICompilerCount                          = 3                                         {product} {ergonomic}
     uint ConcGCThreads                            = 1                                         {product} {ergonomic}
     uint G1ConcRefinementThreads                  = 4                                         {product} {ergonomic}
   size_t G1HeapRegionSize                         = 1048576                                   {product} {ergonomic}
    uintx GCDrainStackTargetSize                   = 64                                        {product} {ergonomic}
   size_t InitialHeapSize                          = 67108864                                  {product} {ergonomic}
   size_t MarkStackSize                            = 4194304                                   {product} {ergonomic}
   size_t MaxHeapSize                              = 1054867456                                {product} {ergonomic}
   size_t MaxNewSize                               = 632291328                                 {product} {ergonomic}
   size_t MinHeapDeltaBytes                        = 1048576                                   {product} {ergonomic}
   size_t MinHeapSize                              = 8388608                                   {product} {ergonomic}
    uintx NonNMethodCodeHeapSize                   = 5832780                                {pd product} {ergonomic}
    uintx NonProfiledCodeHeapSize                  = 122912730                              {pd product} {ergonomic}
    uintx ProfiledCodeHeapSize                     = 122912730                              {pd product} {ergonomic}
    uintx ReservedCodeCacheSize                    = 251658240                              {pd product} {ergonomic}
     bool SegmentedCodeCache                       = true                                      {product} {ergonomic}
     bool ShowCodeDetailsInExceptionMessages       = true                                   {manageable} {command line}
   size_t SoftMaxHeapSize                          = 1054867456                             {manageable} {ergonomic}
     bool UseCompressedClassPointers               = true                                 {lp64_product} {ergonomic}
     bool UseCompressedOops                        = true                                 {lp64_product} {ergonomic}
     bool UseG1GC                                  = true                                      {product} {ergonomic}
     bool UseLargePagesIndividualAllocation        = false                                  {pd product} {ergonomic}

Logging:
Log output configuration:
 #0: stdout all=warning uptime,level,tags
 #1: stderr all=off uptime,level,tags

Environment Variables:
JAVA_HOME=C:\Program Files\Java\jdk-16.0.1
PATH=C:/Users/Таня/.p2/pool/plugins/org.eclipse.justj.openjdk.hotspot.jre.full.win32.x86_64_15.0.2.v20210201-0955/jre/bin/server;C:/Users/Таня/.p2/pool/plugins/org.eclipse.justj.openjdk.hotspot.jre.full.win32.x86_64_15.0.2.v20210201-0955/jre/bin;C:\Program Files\Common Files\Oracle\Java\javapath;C:\ProgramData\Oracle\Java\javapath;C:\Program Files (x86)\Lenovo\FusionEngine;C:\Program Files (x86)\Intel\iCLS Client\;C:\Program Files\Intel\iCLS Client\;C:\WINDOWS\system32;C:\WINDOWS;C:\WINDOWS\System32\Wbem;C:\WINDOWS\System32\WindowsPowerShell\v1.0\;C:\Program Files\Intel\Intel(R) Management Engine Components\DAL;C:\Program Files\Intel\Intel(R) Management Engine Components\IPT;C:\Program Files (x86)\Intel\Intel(R) Management Engine Components\DAL;C:\Program Files (x86)\Intel\Intel(R) Management Engine Components\IPT;C:\Program Files (x86)\ATI Technologies\ATI.ACE\Core-Static;C:\Program Files (x86)\Common Files\lenovo\easyplussdk\bin;C:\Program Files (x86)\Lenovo\Password Manager\;C:\Program Files\Microsoft SQL Server\110\Tools\Binn\;C:\Program Files (x86)\Microsoft SDKs\TypeScript\1.0\;C:\Program Files\MATLAB\R20;C:\Program Files\Git\cmd;C:\Program Files\nodejs\;C:\Program Files (x86)\QuickTime\QTSystem\;C:\Program Files\dotnet\;C:\Program Files\Microsoft SQL Server\130\Tools\Binn\;c:\altera\11.0sp1\modelsim_ase\win32aloem;C:\Users\Таня\AppData\Roaming\npm;C:\Users\Таня\AppData\Local\Programs\Microsoft VS Code\bin;C:\Users\Таня\.dotnet\tools;C:\Users\Таня\Desktop;
USERNAME=Таня
OS=Windows_NT
PROCESSOR_IDENTIFIER=Intel64 Family 6 Model 69 Stepping 1, GenuineIntel



---------------  S Y S T E M  ---------------

OS:
 Windows 8.1 , 64 bit Build 9600 (6.3.9600.17056)
OS uptime: 0 days 20:23 hours

CPU: total 4 (initial active 4) (2 cores per cpu, 2 threads per core) family 6 model 69 stepping 1 microcode 0x17, cmov, cx8, fxsr, mmx, sse, sse2, sse3, ssse3, sse4.1, sse4.2, popcnt, vzeroupper, avx, avx2, aes, clmul, erms, lzcnt, ht, tsc, tscinvbit, bmi1, bmi2, fma, clflush

Memory: 4k page, system-wide physical 4016M (895M free)
TotalPageFile size 7040M (AvailPageFile size 4M)
current process WorkingSet (physical memory assigned to process): 225M, peak: 225M
current process commit charge ("private bytes"): 251M, peak: 251M

vm_info: OpenJDK 64-Bit Server VM (15.0.2+7-27) for windows-amd64 JRE (15.0.2+7-27), built on Dec  7 2020 20:02:38 by "mach5one" with unknown MS VC++:1925

END.
