#
# There is insufficient memory for the Java Runtime Environment to continue.
# Native memory allocation (malloc) failed to allocate 2324976 bytes for Chunk::new
# Possible reasons:
#   The system is out of physical RAM or swap space
#   The process is running with CompressedOops enabled, and the Java Heap may be blocking the growth of the native heap
# Possible solutions:
#   Reduce memory load on the system
#   Increase physical memory or swap space
#   Check if swap backing store is full
#   Decrease Java heap size (-Xmx/-Xms)
#   Decrease number of Java threads
#   Decrease Java thread stack sizes (-Xss)
#   Set larger code cache with -XX:ReservedCodeCacheSize=
#   JVM is running with Unscaled Compressed Oops mode in which the Java heap is
#     placed in the first 4GB address space. The Java Heap base address is the
#     maximum limit for the native heap growth. Please use -XX:HeapBaseMinAddress
#     to set the Java Heap base and to place the Java Heap above 4GB virtual address.
# This output file may be truncated or incomplete.
#
#  Out of Memory Error (./open/src/hotspot/share/memory/arena.cpp:195), pid=7172, tid=9988
#
# JRE version: OpenJDK Runtime Environment (15.0.2+7) (build 15.0.2+7-27)
# Java VM: OpenJDK 64-Bit Server VM (15.0.2+7-27, mixed mode, tiered, compressed oops, g1 gc, windows-amd64)
# No core dump will be written. Minidumps are not enabled by default on client versions of Windows
#

---------------  S U M M A R Y ------------

Command Line: -Dfile.encoding=UTF-8 -XX:+ShowCodeDetailsInExceptionMessages com.java.happyZoo_app.HappyZooAppApplication

Host: Intel(R) Core(TM) i5-4210U CPU @ 1.70GHz, 4 cores, 3G,  Windows 8.1 , 64 bit Build 9600 (6.3.9600.17056)
Time: Sun Jul  4 10:35:48 2021 Naoaianeia a?aiy (ceia) elapsed time: 23.856775 seconds (0d 0h 0m 23s)

---------------  T H R E A D  ---------------

Current thread (0x000000672dfdf330):  JavaThread "C2 CompilerThread0" daemon [_thread_in_native, id=9988, stack(0x000000672eb80000,0x000000672ec80000)]


Current CompileTask:
C2:  23856 4510       4       org.springframework.core.annotation.TypeMappedAnnotations::get (52 bytes)

Stack: [0x000000672eb80000,0x000000672ec80000]
Native frames: (J=compiled Java code, j=interpreted, Vv=VM code, C=native code)
V  [jvm.dll+0x62ae9a]
V  [jvm.dll+0x7817a9]
V  [jvm.dll+0x782f03]
V  [jvm.dll+0x783563]
V  [jvm.dll+0x216325]
V  [jvm.dll+0x97f3a]
V  [jvm.dll+0x9861c]
V  [jvm.dll+0x32e305]
V  [jvm.dll+0x2f768a]
V  [jvm.dll+0x2f6a4a]
V  [jvm.dll+0x1ea705]
V  [jvm.dll+0x1e996e]
V  [jvm.dll+0x178567]
V  [jvm.dll+0x1f9225]
V  [jvm.dll+0x1f72cc]
V  [jvm.dll+0x74495d]
V  [jvm.dll+0x73d75a]
V  [jvm.dll+0x629c56]
C  [ucrtbase.DLL+0x1d912]
C  [KERNEL32.DLL+0x16ad]
C  [ntdll.dll+0x734a5]


---------------  P R O C E S S  ---------------

Threads class SMR info:
_java_thread_list=0x00000067366a9440, length=30, elements={
0x0000006715d06550, 0x000000672dfb5010, 0x000000672dfb59d0, 0x000000672d691cb0,
0x000000672d694680, 0x000000672dfd9130, 0x000000672dfdf330, 0x000000672dfdfde0,
0x000000672d694f40, 0x000000672e1614b0, 0x000000672e1750d0, 0x0000006734606f30,
0x00000067362f3a20, 0x00000067343759a0, 0x00000067343cf030, 0x000000673811cf70,
0x0000006736e55010, 0x000000673ba49a30, 0x00000067341ca000, 0x0000006734752cf0,
0x0000006736c6b3e0, 0x0000006737f7ce30, 0x0000006739a1cd50, 0x000000673836eeb0,
0x000000673836e9e0, 0x00000067383701f0, 0x000000673836f380, 0x0000006738371060,
0x00000067383706c0, 0x0000006738371530
}

Java Threads: ( => current thread )
  0x0000006715d06550 JavaThread "main" [_thread_blocked, id=8452, stack(0x00000067153a0000,0x00000067154a0000)]
  0x000000672dfb5010 JavaThread "Reference Handler" daemon [_thread_blocked, id=6640, stack(0x000000672e3a0000,0x000000672e4a0000)]
  0x000000672dfb59d0 JavaThread "Finalizer" daemon [_thread_blocked, id=9544, stack(0x000000672e4a0000,0x000000672e5a0000)]
  0x000000672d691cb0 JavaThread "Signal Dispatcher" daemon [_thread_blocked, id=9012, stack(0x000000672e880000,0x000000672e980000)]
  0x000000672d694680 JavaThread "Attach Listener" daemon [_thread_blocked, id=9560, stack(0x000000672e980000,0x000000672ea80000)]
  0x000000672dfd9130 JavaThread "Service Thread" daemon [_thread_blocked, id=9228, stack(0x000000672ea80000,0x000000672eb80000)]
=>0x000000672dfdf330 JavaThread "C2 CompilerThread0" daemon [_thread_in_native, id=9988, stack(0x000000672eb80000,0x000000672ec80000)]
  0x000000672dfdfde0 JavaThread "C1 CompilerThread0" daemon [_thread_blocked, id=9252, stack(0x000000672ec80000,0x000000672ed80000)]
  0x000000672d694f40 JavaThread "Sweeper thread" daemon [_thread_blocked, id=8296, stack(0x000000672ed80000,0x000000672ee80000)]
  0x000000672e1614b0 JavaThread "Notification Thread" daemon [_thread_blocked, id=8980, stack(0x000000672ee80000,0x000000672ef80000)]
  0x000000672e1750d0 JavaThread "Common-Cleaner" daemon [_thread_blocked, id=9528, stack(0x000000672f080000,0x000000672f180000)]
  0x0000006734606f30 JavaThread "Catalina-utility-1" [_thread_blocked, id=9084, stack(0x0000006735d50000,0x0000006735e50000)]
  0x00000067362f3a20 JavaThread "Catalina-utility-2" [_thread_blocked, id=9424, stack(0x0000006738830000,0x0000006738930000)]
  0x00000067343759a0 JavaThread "container-0" [_thread_blocked, id=9120, stack(0x0000006738930000,0x0000006738a30000)]
  0x00000067343cf030 JavaThread "HikariPool-1 housekeeper" daemon [_thread_blocked, id=8892, stack(0x0000006735450000,0x0000006735550000)]
  0x000000673811cf70 JavaThread "HikariPool-1 connection adder" daemon [_thread_blocked, id=2004, stack(0x0000006739030000,0x0000006739130000)]
  0x0000006736e55010 JavaThread "C2 CompilerThread1" daemon [_thread_in_native, id=6056, stack(0x0000006738f30000,0x0000006739030000)]
  0x000000673ba49a30 JavaThread "http-nio-8080-BlockPoller" daemon [_thread_in_native, id=9180, stack(0x0000006739730000,0x0000006739830000)]
  0x00000067341ca000 JavaThread "http-nio-8080-exec-1" daemon [_thread_blocked, id=8288, stack(0x000000673ac00000,0x000000673ad00000)]
  0x0000006734752cf0 JavaThread "http-nio-8080-exec-2" daemon [_thread_blocked, id=7112, stack(0x000000673c9b0000,0x000000673cab0000)]
  0x0000006736c6b3e0 JavaThread "http-nio-8080-exec-3" daemon [_thread_blocked, id=9168, stack(0x000000673cab0000,0x000000673cbb0000)]
  0x0000006737f7ce30 JavaThread "http-nio-8080-exec-4" daemon [_thread_blocked, id=864, stack(0x000000673cbb0000,0x000000673ccb0000)]
  0x0000006739a1cd50 JavaThread "http-nio-8080-exec-5" daemon [_thread_blocked, id=6960, stack(0x000000673ccb0000,0x000000673cdb0000)]
  0x000000673836eeb0 JavaThread "http-nio-8080-exec-6" daemon [_thread_blocked, id=8240, stack(0x000000673cdb0000,0x000000673ceb0000)]
  0x000000673836e9e0 JavaThread "http-nio-8080-exec-7" daemon [_thread_blocked, id=9856, stack(0x000000673ceb0000,0x000000673cfb0000)]
  0x00000067383701f0 JavaThread "http-nio-8080-exec-8" daemon [_thread_blocked, id=8384, stack(0x000000673cfb0000,0x000000673d0b0000)]
  0x000000673836f380 JavaThread "http-nio-8080-exec-9" daemon [_thread_blocked, id=9320, stack(0x000000673d0b0000,0x000000673d1b0000)]
  0x0000006738371060 JavaThread "http-nio-8080-exec-10" daemon [_thread_blocked, id=9184, stack(0x000000673d1b0000,0x000000673d2b0000)]
  0x00000067383706c0 JavaThread "http-nio-8080-ClientPoller" daemon [_thread_in_native, id=6460, stack(0x000000673d2b0000,0x000000673d3b0000)]
  0x0000006738371530 JavaThread "http-nio-8080-Acceptor" daemon [_thread_in_native, id=8284, stack(0x000000673d3b0000,0x000000673d4b0000)]

Other Threads:
  0x000000672d669340 VMThread "VM Thread" [stack: 0x000000672dea0000,0x000000672dfa0000] [id=6888]
  0x000000672e161980 WatcherThread [stack: 0x000000672ef80000,0x000000672f080000] [id=9308]
  0x0000006715d34bc0 GCTaskThread "GC Thread#0" [stack: 0x0000006715ac0000,0x0000006715bc0000] [id=7248]
  0x0000006732afdab0 GCTaskThread "GC Thread#1" [stack: 0x0000006734870000,0x0000006734970000] [id=4360]
  0x0000006732afd120 GCTaskThread "GC Thread#2" [stack: 0x0000006735750000,0x0000006735850000] [id=10044]
  0x0000006732afd780 GCTaskThread "GC Thread#3" [stack: 0x0000006735850000,0x0000006735950000] [id=2420]
  0x0000006715d3f7a0 ConcurrentGCThread "G1 Main Marker" [stack: 0x000000672ac60000,0x000000672ad60000] [id=4500]
  0x0000006715d417c0 ConcurrentGCThread "G1 Conc#0" [stack: 0x000000672ad60000,0x000000672ae60000] [id=4088]
  0x0000006715d92960 ConcurrentGCThread "G1 Refine#0" [stack: 0x000000672d2a0000,0x000000672d3a0000] [id=5976]
  0x0000006732eb7c30 ConcurrentGCThread "G1 Refine#1" [stack: 0x0000006734970000,0x0000006734a70000] [id=7912]
  0x0000006715d94480 ConcurrentGCThread "G1 Young RemSet Sampling" [stack: 0x000000672d3a0000,0x000000672d4a0000] [id=7108]

Threads with active compile tasks:
C2 CompilerThread0    24356 4510       4       org.springframework.core.annotation.TypeMappedAnnotations::get (52 bytes)
C2 CompilerThread1    24356 4530   !   4       org.springframework.core.annotation.AnnotationsScanner::processMethodHierarchy (276 bytes)

VM state: at safepoint (normal execution)

VM Mutex/Monitor currently owned by a thread:  ([mutex/lock_event])
[0x0000006715d02510] Threads_lock - owner thread: 0x000000672d669340
[0x0000006715d02ea0] Heap_lock - owner thread: 0x0000006715d06550

Heap address: 0x00000000c1200000, size: 1006 MB, Compressed Oops mode: 32-bit
CDS disabled.
Compressed class space mapped at: 0x0000000100000000-0x0000000140000000, size: 1073741824
Narrow klass base: 0x0000000000000000, Narrow klass shift: 3, Narrow klass range: 0x140000000

GC Precious Log:
 CPUs: 4 total, 4 available
 Memory: 4016M
 Large Page Support: Disabled
 NUMA Support: Disabled
 Compressed Oops: Enabled (32-bit)
 Heap Region Size: 1M
 Heap Min Capacity: 8M
 Heap Initial Capacity: 64M
 Heap Max Capacity: 1006M
 Pre-touch: Disabled
 Parallel Workers: 4
 Concurrent Workers: 1
 Concurrent Refinement Workers: 4
 Periodic GC: Disabled

Heap:
 garbage-first heap   total 45056K, used 23359K [0x00000000c1200000, 0x0000000100000000)
  region size 1024K, 1 young (1024K), 1 survivors (1024K)
 Metaspace       used 59553K, capacity 59990K, committed 60032K, reserved 1114112K
  class space    used 7377K, capacity 7546K, committed 7552K, reserved 1048576K

Heap Regions: E=young(eden), S=young(survivor), O=old, HS=humongous(starts), HC=humongous(continues), CS=collection set, F=free, OA=open archive, CA=closed archive, TAMS=top-at-mark-start (previous, next)
|   0|0x00000000c1200000, 0x00000000c1300000, 0x00000000c1300000|100%|HS|  |TAMS 0x00000000c1300000, 0x00000000c1300000| Complete 
|   1|0x00000000c1300000, 0x00000000c1400000, 0x00000000c1400000|100%| O|  |TAMS 0x00000000c1400000, 0x00000000c1400000| Untracked 
|   2|0x00000000c1400000, 0x00000000c1500000, 0x00000000c1500000|100%| O|  |TAMS 0x00000000c1500000, 0x00000000c1500000| Untracked 
|   3|0x00000000c1500000, 0x00000000c1600000, 0x00000000c1600000|100%| O|  |TAMS 0x00000000c1600000, 0x00000000c1600000| Untracked 
|   4|0x00000000c1600000, 0x00000000c1700000, 0x00000000c1700000|100%| O|  |TAMS 0x00000000c1700000, 0x00000000c1700000| Untracked 
|   5|0x00000000c1700000, 0x00000000c1800000, 0x00000000c1800000|100%| O|  |TAMS 0x00000000c1800000, 0x00000000c1800000| Untracked 
|   6|0x00000000c1800000, 0x00000000c1823000, 0x00000000c1900000| 13%| O|  |TAMS 0x00000000c1823000, 0x00000000c1823000| Untracked 
|   7|0x00000000c1900000, 0x00000000c1a00000, 0x00000000c1a00000|100%| O|  |TAMS 0x00000000c1a00000, 0x00000000c1a00000| Untracked 
|   8|0x00000000c1a00000, 0x00000000c1b00000, 0x00000000c1b00000|100%| O|  |TAMS 0x00000000c1b00000, 0x00000000c1b00000| Untracked 
|   9|0x00000000c1b00000, 0x00000000c1c00000, 0x00000000c1c00000|100%| O|  |TAMS 0x00000000c1c00000, 0x00000000c1c00000| Untracked 
|  10|0x00000000c1c00000, 0x00000000c1d00000, 0x00000000c1d00000|100%| O|  |TAMS 0x00000000c1d00000, 0x00000000c1d00000| Untracked 
|  11|0x00000000c1d00000, 0x00000000c1e00000, 0x00000000c1e00000|100%| O|  |TAMS 0x00000000c1e00000, 0x00000000c1e00000| Untracked 
|  12|0x00000000c1e00000, 0x00000000c1f00000, 0x00000000c1f00000|100%| O|  |TAMS 0x00000000c1f00000, 0x00000000c1f00000| Untracked 
|  13|0x00000000c1f00000, 0x00000000c2000000, 0x00000000c2000000|100%| O|  |TAMS 0x00000000c2000000, 0x00000000c2000000| Untracked 
|  14|0x00000000c2000000, 0x00000000c2100000, 0x00000000c2100000|100%| O|  |TAMS 0x00000000c20e5600, 0x00000000c2100000| Untracked 
|  15|0x00000000c2100000, 0x00000000c2200000, 0x00000000c2200000|100%| O|  |TAMS 0x00000000c2100000, 0x00000000c2200000| Untracked 
|  16|0x00000000c2200000, 0x00000000c2300000, 0x00000000c2300000|100%| O|  |TAMS 0x00000000c2200000, 0x00000000c2300000| Untracked 
|  17|0x00000000c2300000, 0x00000000c2400000, 0x00000000c2400000|100%| O|  |TAMS 0x00000000c2300000, 0x00000000c2400000| Untracked 
|  18|0x00000000c2400000, 0x00000000c2500000, 0x00000000c2500000|100%| O|  |TAMS 0x00000000c2400000, 0x00000000c2500000| Untracked 
|  19|0x00000000c2500000, 0x00000000c2600000, 0x00000000c2600000|100%| O|  |TAMS 0x00000000c2500000, 0x00000000c2600000| Untracked 
|  20|0x00000000c2600000, 0x00000000c2700000, 0x00000000c2700000|100%| O|  |TAMS 0x00000000c2600000, 0x00000000c261ec00| Untracked 
|  21|0x00000000c2700000, 0x00000000c2800000, 0x00000000c2800000|100%| O|  |TAMS 0x00000000c2700000, 0x00000000c2700000| Untracked 
|  22|0x00000000c2800000, 0x00000000c28c6400, 0x00000000c2900000| 77%| O|  |TAMS 0x00000000c2800000, 0x00000000c2800000| Untracked 
|  23|0x00000000c2900000, 0x00000000c2900000, 0x00000000c2a00000|  0%| F|  |TAMS 0x00000000c2900000, 0x00000000c2900000| Untracked 
|  24|0x00000000c2a00000, 0x00000000c2a00000, 0x00000000c2b00000|  0%| F|  |TAMS 0x00000000c2a00000, 0x00000000c2a00000| Untracked 
|  25|0x00000000c2b00000, 0x00000000c2b00000, 0x00000000c2c00000|  0%| F|  |TAMS 0x00000000c2b00000, 0x00000000c2b00000| Untracked 
|  26|0x00000000c2c00000, 0x00000000c2c00000, 0x00000000c2d00000|  0%| F|  |TAMS 0x00000000c2c00000, 0x00000000c2c00000| Untracked 
|  27|0x00000000c2d00000, 0x00000000c2d00000, 0x00000000c2e00000|  0%| F|  |TAMS 0x00000000c2d00000, 0x00000000c2d00000| Untracked 
|  28|0x00000000c2e00000, 0x00000000c2e00000, 0x00000000c2f00000|  0%| F|  |TAMS 0x00000000c2e00000, 0x00000000c2e00000| Untracked 
|  29|0x00000000c2f00000, 0x00000000c2f00000, 0x00000000c3000000|  0%| F|  |TAMS 0x00000000c2f00000, 0x00000000c2f00000| Untracked 
|  30|0x00000000c3000000, 0x00000000c3000000, 0x00000000c3100000|  0%| F|  |TAMS 0x00000000c3000000, 0x00000000c3000000| Untracked 
|  31|0x00000000c3100000, 0x00000000c3100000, 0x00000000c3200000|  0%| F|  |TAMS 0x00000000c3100000, 0x00000000c3100000| Untracked 
|  32|0x00000000c3200000, 0x00000000c3200000, 0x00000000c3300000|  0%| F|  |TAMS 0x00000000c3200000, 0x00000000c3200000| Untracked 
|  33|0x00000000c3300000, 0x00000000c3300000, 0x00000000c3400000|  0%| F|  |TAMS 0x00000000c3300000, 0x00000000c3300000| Untracked 
|  34|0x00000000c3400000, 0x00000000c3400000, 0x00000000c3500000|  0%| F|  |TAMS 0x00000000c3400000, 0x00000000c3400000| Untracked 
|  35|0x00000000c3500000, 0x00000000c35e6900, 0x00000000c3600000| 90%| S|CS|TAMS 0x00000000c3500000, 0x00000000c3500000| Complete 
|  36|0x00000000c3600000, 0x00000000c3600000, 0x00000000c3700000|  0%| F|  |TAMS 0x00000000c3600000, 0x00000000c3600000| Untracked 
|  37|0x00000000c3700000, 0x00000000c3700000, 0x00000000c3800000|  0%| F|  |TAMS 0x00000000c3700000, 0x00000000c3700000| Untracked 
|  38|0x00000000c3800000, 0x00000000c3800000, 0x00000000c3900000|  0%| F|  |TAMS 0x00000000c3800000, 0x00000000c3800000| Untracked 
|  57|0x00000000c4b00000, 0x00000000c4b00000, 0x00000000c4c00000|  0%| F|  |TAMS 0x00000000c4b00000, 0x00000000c4b00000| Untracked 
|  58|0x00000000c4c00000, 0x00000000c4c00000, 0x00000000c4d00000|  0%| F|  |TAMS 0x00000000c4c00000, 0x00000000c4c00000| Untracked 
|  59|0x00000000c4d00000, 0x00000000c4d00000, 0x00000000c4e00000|  0%| F|  |TAMS 0x00000000c4d00000, 0x00000000c4d00000| Untracked 
|  62|0x00000000c5000000, 0x00000000c5000000, 0x00000000c5100000|  0%| F|  |TAMS 0x00000000c5000000, 0x00000000c5000000| Untracked 
|  63|0x00000000c5100000, 0x00000000c5100000, 0x00000000c5200000|  0%| F|  |TAMS 0x00000000c5100000, 0x00000000c5100000| Untracked 

Card table byte_map: [0x00000067288e0000,0x0000006728ae0000] _byte_map_base: 0x00000067282d7000

Marking Bits (Prev, Next): (CMBitMap*) 0x0000006715d35430, (CMBitMap*) 0x0000006715d35470
 Prev Bits: [0x0000006728ce0000, 0x0000006729c98000)
 Next Bits: [0x0000006729ca0000, 0x000000672ac58000)

Polling page: 0x0000006713a80000

Metaspace:

Usage:
  Non-class:     51.21 MB capacity,    50.95 MB (>99%) used,   195.59 KB ( <1%) free+waste,    72.63 KB ( <1%) overhead. 
      Class:      7.37 MB capacity,     7.21 MB ( 98%) used,   141.54 KB (  2%) free+waste,    26.50 KB ( <1%) overhead. 
       Both:     58.58 MB capacity,    58.16 MB (>99%) used,   337.13 KB ( <1%) free+waste,    99.13 KB ( <1%) overhead. 

Virtual space:
  Non-class space:       64.00 MB reserved,      51.25 MB ( 80%) committed 
      Class space:        1.00 GB reserved,       7.38 MB ( <1%) committed 
             Both:        1.06 GB reserved,      58.63 MB (  5%) committed 

Chunk freelists:
   Non-Class:  36.00 KB
       Class:  6.00 KB
        Both:  42.00 KB

MaxMetaspaceSize: 17179869184.00 GB
CompressedClassSpaceSize: 1.00 GB

CodeHeap 'non-profiled nmethods': size=120000Kb used=3107Kb max_used=3107Kb free=116892Kb
 bounds [0x00000067211b0000, 0x00000067214c0000, 0x00000067286e0000]
CodeHeap 'profiled nmethods': size=120000Kb used=9416Kb max_used=9416Kb free=110583Kb
 bounds [0x0000006719c80000, 0x000000671a5c0000, 0x00000067211b0000]
CodeHeap 'non-nmethods': size=5760Kb used=1265Kb max_used=1324Kb free=4494Kb
 bounds [0x00000067196e0000, 0x0000006719950000, 0x0000006719c80000]
 total_blobs=5184 nmethods=4639 adapters=457
 compilation: enabled
              stopped_count=0, restarted_count=0
 full_count=0

Compilation events (20 events):
Event: 23.652 Thread 0x000000672dfdfde0 4631       2       org.springframework.aop.framework.autoproxy.ProxyCreationContext::setCurrentProxiedBeanName (21 bytes)
Event: 23.652 Thread 0x000000672dfdfde0 nmethod 4631 0x000000671a5a5310 code [0x000000671a5a54c0, 0x000000671a5a5618]
Event: 23.653 Thread 0x000000672dfdfde0 4632       2       org.springframework.aop.support.AopUtils::canApply (49 bytes)
Event: 23.653 Thread 0x000000672dfdfde0 nmethod 4632 0x000000671a5a5790 code [0x000000671a5a5960, 0x000000671a5a5c58]
Event: 23.655 Thread 0x000000672dfdfde0 4633       2       org.springframework.core.annotation.AnnotatedElementUtils::findMergedAnnotation (59 bytes)
Event: 23.656 Thread 0x000000672dfdfde0 nmethod 4633 0x000000671a5a5d90 code [0x000000671a5a5fe0, 0x000000671a5a65b8]
Event: 23.656 Thread 0x000000672dfdfde0 4634       2       org.springframework.core.annotation.AnnotatedElementUtils$$Lambda$788/0x00000001006c2b98::test (10 bytes)
Event: 23.656 Thread 0x000000672dfdfde0 nmethod 4634 0x000000671a5a6910 code [0x000000671a5a6ac0, 0x000000671a5a6c28]
Event: 23.658 Thread 0x000000672dfdfde0 4635       2       org.springframework.beans.factory.support.AbstractBeanFactory::getMergedBeanDefinition (44 bytes)
Event: 23.659 Thread 0x000000672dfdfde0 nmethod 4635 0x000000671a5a6d10 code [0x000000671a5a6f00, 0x000000671a5a72a8]
Event: 23.659 Thread 0x000000672dfdfde0 4636       2       org.springframework.core.MethodIntrospector$$Lambda$895/0x000000010070b078::doWith (17 bytes)
Event: 23.659 Thread 0x000000672dfdfde0 nmethod 4636 0x000000671a5a7490 code [0x000000671a5a7620, 0x000000671a5a7748]
Event: 23.659 Thread 0x000000672dfdfde0 4637       2       org.springframework.core.MethodIntrospector::lambda$selectMethods$0 (59 bytes)
Event: 23.659 Thread 0x000000672dfdfde0 nmethod 4637 0x000000671a5a7810 code [0x000000671a5a79e0, 0x000000671a5a7bc8]
Event: 23.659 Thread 0x000000672dfdfde0 4638       2       org.springframework.context.event.EventListenerMethodProcessor$$Lambda$935/0x000000010072b9b8::inspect (5 bytes)
Event: 23.659 Thread 0x000000672dfdfde0 nmethod 4638 0x000000671a5a7d10 code [0x000000671a5a7ec0, 0x000000671a5a8028]
Event: 23.663 Thread 0x000000672dfdfde0 4639       2       java.lang.reflect.Proxy::isProxyClass (22 bytes)
Event: 23.664 Thread 0x000000672dfdfde0 nmethod 4639 0x000000671a5a8110 code [0x000000671a5a8320, 0x000000671a5a87e8]
Event: 23.664 Thread 0x000000672dfdfde0 4640       2       org.springframework.core.annotation.AnnotationTypeMappings::isMappable (47 bytes)
Event: 23.665 Thread 0x000000672dfdfde0 nmethod 4640 0x000000671a5a8b10 code [0x000000671a5a8ce0, 0x000000671a5a8ed8]

GC Heap History (20 events):
Event: 15.369 GC heap before
{Heap before GC invocations=9 (full 0):
 garbage-first heap   total 45056K, used 31639K [0x00000000c1200000, 0x0000000100000000)
  region size 1024K, 23 young (23552K), 3 survivors (3072K)
 Metaspace       used 34715K, capacity 35023K, committed 35328K, reserved 1081344K
  class space    used 3919K, capacity 4014K, committed 4096K, reserved 1048576K
}
Event: 15.379 GC heap after
{Heap after GC invocations=10 (full 0):
 garbage-first heap   total 45056K, used 14383K [0x00000000c1200000, 0x0000000100000000)
  region size 1024K, 3 young (3072K), 3 survivors (3072K)
 Metaspace       used 34715K, capacity 35023K, committed 35328K, reserved 1081344K
  class space    used 3919K, capacity 4014K, committed 4096K, reserved 1048576K
}
Event: 15.384 GC heap before
{Heap before GC invocations=10 (full 0):
 garbage-first heap   total 45056K, used 31791K [0x00000000c1200000, 0x0000000100000000)
  region size 1024K, 21 young (21504K), 3 survivors (3072K)
 Metaspace       used 34715K, capacity 35023K, committed 35328K, reserved 1081344K
  class space    used 3919K, capacity 4014K, committed 4096K, reserved 1048576K
}
Event: 15.388 GC heap after
{Heap after GC invocations=11 (full 0):
 garbage-first heap   total 45056K, used 14420K [0x00000000c1200000, 0x0000000100000000)
  region size 1024K, 1 young (1024K), 1 survivors (1024K)
 Metaspace       used 34715K, capacity 35023K, committed 35328K, reserved 1081344K
  class space    used 3919K, capacity 4014K, committed 4096K, reserved 1048576K
}
Event: 15.574 GC heap before
{Heap before GC invocations=11 (full 0):
 garbage-first heap   total 45056K, used 32852K [0x00000000c1200000, 0x0000000100000000)
  region size 1024K, 20 young (20480K), 1 survivors (1024K)
 Metaspace       used 34729K, capacity 35087K, committed 35328K, reserved 1081344K
  class space    used 3919K, capacity 4014K, committed 4096K, reserved 1048576K
}
Event: 15.575 GC heap after
{Heap after GC invocations=12 (full 0):
 garbage-first heap   total 45056K, used 14550K [0x00000000c1200000, 0x0000000100000000)
  region size 1024K, 1 young (1024K), 1 survivors (1024K)
 Metaspace       used 34729K, capacity 35087K, committed 35328K, reserved 1081344K
  class space    used 3919K, capacity 4014K, committed 4096K, reserved 1048576K
}
Event: 15.857 GC heap before
{Heap before GC invocations=12 (full 0):
 garbage-first heap   total 45056K, used 19670K [0x00000000c1200000, 0x0000000100000000)
  region size 1024K, 7 young (7168K), 1 survivors (1024K)
 Metaspace       used 35390K, capacity 35698K, committed 35840K, reserved 1081344K
  class space    used 3999K, capacity 4111K, committed 4224K, reserved 1048576K
}
Event: 15.860 GC heap after
{Heap after GC invocations=13 (full 0):
 garbage-first heap   total 45056K, used 14736K [0x00000000c1200000, 0x0000000100000000)
  region size 1024K, 1 young (1024K), 1 survivors (1024K)
 Metaspace       used 35390K, capacity 35698K, committed 35840K, reserved 1081344K
  class space    used 3999K, capacity 4111K, committed 4224K, reserved 1048576K
}
Event: 18.109 GC heap before
{Heap before GC invocations=14 (full 0):
 garbage-first heap   total 45056K, used 34192K [0x00000000c1200000, 0x0000000100000000)
  region size 1024K, 21 young (21504K), 1 survivors (1024K)
 Metaspace       used 40461K, capacity 40863K, committed 41088K, reserved 1085440K
  class space    used 4583K, capacity 4722K, committed 4736K, reserved 1048576K
}
Event: 18.114 GC heap after
{Heap after GC invocations=15 (full 0):
 garbage-first heap   total 45056K, used 16346K [0x00000000c1200000, 0x0000000100000000)
  region size 1024K, 2 young (2048K), 2 survivors (2048K)
 Metaspace       used 40461K, capacity 40863K, committed 41088K, reserved 1085440K
  class space    used 4583K, capacity 4722K, committed 4736K, reserved 1048576K
}
Event: 19.793 GC heap before
{Heap before GC invocations=15 (full 0):
 garbage-first heap   total 45056K, used 34778K [0x00000000c1200000, 0x0000000100000000)
  region size 1024K, 20 young (20480K), 2 survivors (2048K)
 Metaspace       used 45018K, capacity 45434K, committed 45696K, reserved 1089536K
  class space    used 5367K, capacity 5495K, committed 5504K, reserved 1048576K
}
Event: 19.799 GC heap after
{Heap after GC invocations=16 (full 0):
 garbage-first heap   total 45056K, used 17523K [0x00000000c1200000, 0x0000000100000000)
  region size 1024K, 2 young (2048K), 2 survivors (2048K)
 Metaspace       used 45018K, capacity 45434K, committed 45696K, reserved 1089536K
  class space    used 5367K, capacity 5495K, committed 5504K, reserved 1048576K
}
Event: 21.672 GC heap before
{Heap before GC invocations=16 (full 0):
 garbage-first heap   total 45056K, used 34931K [0x00000000c1200000, 0x0000000100000000)
  region size 1024K, 19 young (19456K), 2 survivors (2048K)
 Metaspace       used 50131K, capacity 50525K, committed 50816K, reserved 1093632K
  class space    used 6041K, capacity 6168K, committed 6272K, reserved 1048576K
}
Event: 21.676 GC heap after
{Heap after GC invocations=17 (full 0):
 garbage-first heap   total 45056K, used 18487K [0x00000000c1200000, 0x0000000100000000)
  region size 1024K, 3 young (3072K), 3 survivors (3072K)
 Metaspace       used 50131K, capacity 50525K, committed 50816K, reserved 1093632K
  class space    used 6041K, capacity 6168K, committed 6272K, reserved 1048576K
}
Event: 22.429 GC heap before
{Heap before GC invocations=17 (full 0):
 garbage-first heap   total 45056K, used 34871K [0x00000000c1200000, 0x0000000100000000)
  region size 1024K, 19 young (19456K), 3 survivors (3072K)
 Metaspace       used 53759K, capacity 54145K, committed 54400K, reserved 1097728K
  class space    used 6626K, capacity 6754K, committed 6784K, reserved 1048576K
}
Event: 22.437 GC heap after
{Heap after GC invocations=18 (full 0):
 garbage-first heap   total 45056K, used 19730K [0x00000000c1200000, 0x0000000100000000)
  region size 1024K, 3 young (3072K), 3 survivors (3072K)
 Metaspace       used 53759K, capacity 54145K, committed 54400K, reserved 1097728K
  class space    used 6626K, capacity 6754K, committed 6784K, reserved 1048576K
}
Event: 22.967 GC heap before
{Heap before GC invocations=18 (full 0):
 garbage-first heap   total 45056K, used 35090K [0x00000000c1200000, 0x0000000100000000)
  region size 1024K, 18 young (18432K), 3 survivors (3072K)
 Metaspace       used 56089K, capacity 56465K, committed 56576K, reserved 1099776K
  class space    used 6938K, capacity 7078K, committed 7168K, reserved 1048576K
}
Event: 22.974 GC heap after
{Heap after GC invocations=19 (full 0):
 garbage-first heap   total 45056K, used 21050K [0x00000000c1200000, 0x0000000100000000)
  region size 1024K, 3 young (3072K), 3 survivors (3072K)
 Metaspace       used 56089K, capacity 56465K, committed 56576K, reserved 1099776K
  class space    used 6938K, capacity 7078K, committed 7168K, reserved 1048576K
}
Event: 23.590 GC heap before
{Heap before GC invocations=19 (full 0):
 garbage-first heap   total 45056K, used 35386K [0x00000000c1200000, 0x0000000100000000)
  region size 1024K, 17 young (17408K), 3 survivors (3072K)
 Metaspace       used 58108K, capacity 58558K, committed 58880K, reserved 1101824K
  class space    used 7206K, capacity 7346K, committed 7424K, reserved 1048576K
}
Event: 23.598 GC heap after
{Heap after GC invocations=20 (full 0):
 garbage-first heap   total 45056K, used 22770K [0x00000000c1200000, 0x0000000100000000)
  region size 1024K, 3 young (3072K), 3 survivors (3072K)
 Metaspace       used 58108K, capacity 58558K, committed 58880K, reserved 1101824K
  class space    used 7206K, capacity 7346K, committed 7424K, reserved 1048576K
}

Deoptimization events (20 events):
Event: 23.294 Thread 0x0000006715d06550 Uncommon trap: trap_request=0xffffffde fr.pc=0x00000067214a14f4 relative=0x0000000000003834
Event: 23.294 Thread 0x0000006715d06550 Uncommon trap: reason=class_check action=maybe_recompile pc=0x00000067214a14f4 method=org.springframework.core.annotation.AnnotationsScanner.processMethodHierarchy(Ljava/lang/Object;[ILjava/lang/Class;Lorg/springframework/core/annotation/AnnotationsProces
Event: 23.294 Thread 0x0000006715d06550 DEOPT PACKING pc=0x00000067214a14f4 sp=0x000000671549e1a0
Event: 23.294 Thread 0x0000006715d06550 DEOPT UNPACKING pc=0x000000671972e42f sp=0x000000671549e1e8 mode 2
Event: 23.294 Thread 0x0000006715d06550 Uncommon trap: trap_request=0xffffffde fr.pc=0x00000067214a14f4 relative=0x0000000000003834
Event: 23.294 Thread 0x0000006715d06550 Uncommon trap: reason=class_check action=maybe_recompile pc=0x00000067214a14f4 method=org.springframework.core.annotation.AnnotationsScanner.processMethodHierarchy(Ljava/lang/Object;[ILjava/lang/Class;Lorg/springframework/core/annotation/AnnotationsProces
Event: 23.294 Thread 0x0000006715d06550 DEOPT PACKING pc=0x00000067214a14f4 sp=0x000000671549e150
Event: 23.294 Thread 0x0000006715d06550 DEOPT UNPACKING pc=0x000000671972e42f sp=0x000000671549e198 mode 2
Event: 23.306 Thread 0x0000006715d06550 Uncommon trap: trap_request=0xffffff45 fr.pc=0x0000006721244048 relative=0x0000000000001268
Event: 23.306 Thread 0x0000006715d06550 Uncommon trap: reason=unstable_if action=reinterpret pc=0x0000006721244048 method=java.util.concurrent.ConcurrentHashMap.transfer([Ljava/util/concurrent/ConcurrentHashMap$Node;[Ljava/util/concurrent/ConcurrentHashMap$Node;)V @ 352 c2
Event: 23.306 Thread 0x0000006715d06550 DEOPT PACKING pc=0x0000006721244048 sp=0x000000671549df00
Event: 23.306 Thread 0x0000006715d06550 DEOPT UNPACKING pc=0x000000671972e42f sp=0x000000671549de88 mode 2
Event: 23.307 Thread 0x0000006715d06550 Uncommon trap: trap_request=0xffffff45 fr.pc=0x0000006721236640 relative=0x0000000000000fe0
Event: 23.307 Thread 0x0000006715d06550 Uncommon trap: reason=unstable_if action=reinterpret pc=0x0000006721236640 method=java.util.concurrent.ConcurrentHashMap.transfer([Ljava/util/concurrent/ConcurrentHashMap$Node;[Ljava/util/concurrent/ConcurrentHashMap$Node;)V @ 352 c2
Event: 23.307 Thread 0x0000006715d06550 DEOPT PACKING pc=0x0000006721236640 sp=0x000000671549df20
Event: 23.307 Thread 0x0000006715d06550 DEOPT UNPACKING pc=0x000000671972e42f sp=0x000000671549de88 mode 2
Event: 23.395 Thread 0x0000006715d06550 Uncommon trap: trap_request=0xfffffff4 fr.pc=0x00000067212f27d0 relative=0x0000000000000210
Event: 23.395 Thread 0x0000006715d06550 Uncommon trap: reason=null_check action=make_not_entrant pc=0x00000067212f27d0 method=org.springframework.util.ClassUtils.isAssignable(Ljava/lang/Class;Ljava/lang/Class;)Z @ 14 c2
Event: 23.395 Thread 0x0000006715d06550 DEOPT PACKING pc=0x00000067212f27d0 sp=0x000000671549bf00
Event: 23.395 Thread 0x0000006715d06550 DEOPT UNPACKING pc=0x000000671972e42f sp=0x000000671549be90 mode 2

Classes unloaded (0 events):
No events

Classes redefined (0 events):
No events

Internal exceptions (20 events):
Event: 22.248 Thread 0x0000006715d06550 Exception <a 'java/lang/ClassNotFoundException'{0x00000000c32b52d0}: org/springframework/beans/factory/InitializingBeanCustomizer> (0x00000000c32b52d0) 
thrown [./open/src/hotspot/share/classfile/systemDictionary.cpp, line 295]
Event: 22.309 Thread 0x0000006715d06550 Implicit null exception at 0x00000067213e726c to 0x00000067213ea3c0
Event: 22.534 Thread 0x0000006715d06550 Exception <a 'java/lang/ClassNotFoundException'{0x00000000c4c27368}: java/lang/ObjectCustomizer> (0x00000000c4c27368) 
thrown [./open/src/hotspot/share/classfile/systemDictionary.cpp, line 295]
Event: 22.535 Thread 0x0000006715d06550 Exception <a 'java/lang/ClassNotFoundException'{0x00000000c4c2d320}: com/java/happyZoo_app/entity/AnimalsCustomizer> (0x00000000c4c2d320) 
thrown [./open/src/hotspot/share/classfile/systemDictionary.cpp, line 295]
Event: 22.616 Thread 0x0000006715d06550 Exception <a 'java/lang/IncompatibleClassChangeError'{0x00000000c38d8080}: Found class java.lang.Object, but interface was expected> (0x00000000c38d8080) 
thrown [./open/src/hotspot/share/interpreter/linkResolver.cpp, line 848]
Event: 22.806 Thread 0x0000006715d06550 Exception <a 'java/lang/ClassNotFoundException'{0x00000000c310bca0}: java/lang/ObjectCustomizer> (0x00000000c310bca0) 
thrown [./open/src/hotspot/share/classfile/systemDictionary.cpp, line 295]
Event: 22.806 Thread 0x0000006715d06550 Exception <a 'java/lang/ClassNotFoundException'{0x00000000c3112238}: org/springframework/web/servlet/config/annotation/WebMvcConfigurationSupportCustomizer> (0x00000000c3112238) 
thrown [./open/src/hotspot/share/classfile/systemDictionary.cpp, line 295]
Event: 22.808 Thread 0x0000006715d06550 Exception <a 'java/lang/ClassNotFoundException'{0x00000000c31248c8}: org/springframework/web/servlet/config/annotation/DelegatingWebMvcConfigurationCustomizer> (0x00000000c31248c8) 
thrown [./open/src/hotspot/share/classfile/systemDictionary.cpp, line 295]
Event: 22.808 Thread 0x0000006715d06550 Exception <a 'java/lang/ClassNotFoundException'{0x00000000c312c110}: org/springframework/boot/autoconfigure/web/servlet/WebMvcAutoConfiguration$EnableWebMvcConfigurationCustomizer> (0x00000000c312c110) 
thrown [./open/src/hotspot/share/classfile/systemDictionary.cpp, line 295]
Event: 22.809 Thread 0x0000006715d06550 Exception <a 'java/lang/ClassNotFoundException'{0x00000000c313e288}: org/springframework/context/ResourceLoaderAwareCustomizer> (0x00000000c313e288) 
thrown [./open/src/hotspot/share/classfile/systemDictionary.cpp, line 295]
Event: 22.810 Thread 0x0000006715d06550 Exception <a 'java/lang/ClassNotFoundException'{0x00000000c3141bc0}: org/springframework/beans/factory/AwareCustomizer> (0x00000000c3141bc0) 
thrown [./open/src/hotspot/share/classfile/systemDictionary.cpp, line 295]
Event: 22.810 Thread 0x0000006715d06550 Exception <a 'java/lang/ClassNotFoundException'{0x00000000c3144858}: org/springframework/context/ApplicationContextAwareCustomizer> (0x00000000c3144858) 
thrown [./open/src/hotspot/share/classfile/systemDictionary.cpp, line 295]
Event: 22.810 Thread 0x0000006715d06550 Exception <a 'java/lang/ClassNotFoundException'{0x00000000c3148d60}: org/springframework/beans/factory/AwareCustomizer> (0x00000000c3148d60) 
thrown [./open/src/hotspot/share/classfile/systemDictionary.cpp, line 295]
Event: 22.811 Thread 0x0000006715d06550 Exception <a 'java/lang/ClassNotFoundException'{0x00000000c314bc20}: org/springframework/web/context/ServletContextAwareCustomizer> (0x00000000c314bc20) 
thrown [./open/src/hotspot/share/classfile/systemDictionary.cpp, line 295]
Event: 22.811 Thread 0x0000006715d06550 Exception <a 'java/lang/ClassNotFoundException'{0x00000000c314f9b0}: org/springframework/beans/factory/AwareCustomizer> (0x00000000c314f9b0) 
thrown [./open/src/hotspot/share/classfile/systemDictionary.cpp, line 295]
Event: 23.094 Thread 0x0000006715d06550 Exception <a 'java/lang/NoSuchMethodError'{0x00000000c4cb06d0}: 'void java.lang.invoke.DirectMethodHandle$Holder.invokeVirtual(java.lang.Object, java.lang.Object, int)'> (0x00000000c4cb06d0) 
thrown [./open/src/hotspot/share/interpreter/linkResolver.cpp, line 782]
Event: 23.097 Thread 0x0000006715d06550 Exception <a 'java/lang/NoSuchMethodError'{0x00000000c4ccc950}: 'void java.lang.invoke.DirectMethodHandle$Holder.invokeVirtual(java.lang.Object, java.lang.Object, long)'> (0x00000000c4ccc950) 
thrown [./open/src/hotspot/share/interpreter/linkResolver.cpp, line 782]
Event: 23.323 Thread 0x0000006715d06550 Exception <a 'java/lang/IncompatibleClassChangeError'{0x00000000c3410cc8}: Found class java.lang.Object, but interface was expected> (0x00000000c3410cc8) 
thrown [./open/src/hotspot/share/interpreter/linkResolver.cpp, line 848]
Event: 23.379 Thread 0x0000006715d06550 Exception <a 'java/lang/NoSuchMethodError'{0x00000000c337ed68}: 'int java.lang.invoke.DirectMethodHandle$Holder.invokeStaticInit(java.lang.Object, java.lang.Object, java.lang.Object, java.lang.Object)'> (0x00000000c337ed68) 
thrown [./open/src/hotspot/share/interpreter/linkResolver.cpp, line 782]
Event: 23.395 Thread 0x0000006715d06550 Implicit null exception at 0x00000067212f25da to 0x00000067212f27bc

Events (20 events):
Event: 23.218 loading class java/util/stream/ReduceOps$5
Event: 23.218 loading class java/util/stream/ReduceOps$5 done
Event: 23.218 loading class java/util/stream/ReduceOps$CountingSink$OfRef
Event: 23.218 loading class java/util/stream/ReduceOps$CountingSink
Event: 23.218 loading class java/util/stream/ReduceOps$CountingSink done
Event: 23.218 loading class java/util/stream/ReduceOps$CountingSink$OfRef done
Event: 23.224 Executing VM operation: HandshakeAllThreads
Event: 23.224 Executing VM operation: HandshakeAllThreads done
Event: 23.225 Executing VM operation: HandshakeAllThreads
Event: 23.225 Executing VM operation: HandshakeAllThreads done
Event: 23.253 loading class java/util/regex/PatternSyntaxException
Event: 23.253 loading class java/util/regex/PatternSyntaxException done
Event: 23.259 loading class java/util/Comparators$NullComparator
Event: 23.259 loading class java/util/Comparators$NullComparator done
Event: 23.282 loading class java/util/HashMap$EntrySpliterator
Event: 23.282 loading class java/util/HashMap$EntrySpliterator done
Event: 23.590 Executing VM operation: G1CollectForAllocation
Event: 23.598 Executing VM operation: G1CollectForAllocation done
Event: 23.598 Executing VM operation: HandshakeAllThreads
Event: 23.598 Executing VM operation: HandshakeAllThreads done


Dynamic libraries:
0x00007ff7ab350000 - 0x00007ff7ab35d000 	C:\Users\Таня\.p2\pool\plugins\org.eclipse.justj.openjdk.hotspot.jre.full.win32.x86_64_15.0.2.v20210201-0955\jre\bin\javaw.exe
0x00007ff96e330000 - 0x00007ff96e4da000 	C:\WINDOWS\SYSTEM32\ntdll.dll
0x00007ff96bd50000 - 0x00007ff96be8a000 	C:\WINDOWS\system32\KERNEL32.DLL
0x00007ff960540000 - 0x00007ff960553000 	C:\Program Files\AVAST Software\Avast\aswhook.dll
0x00007ff96baa0000 - 0x00007ff96bbaf000 	C:\WINDOWS\system32\KERNELBASE.dll
0x00007ff960620000 - 0x00007ff960638000 	C:\Users\Таня\.p2\pool\plugins\org.eclipse.justj.openjdk.hotspot.jre.full.win32.x86_64_15.0.2.v20210201-0955\jre\bin\jli.dll
0x00007ff960600000 - 0x00007ff960619000 	C:\Users\Таня\.p2\pool\plugins\org.eclipse.justj.openjdk.hotspot.jre.full.win32.x86_64_15.0.2.v20210201-0955\jre\bin\VCRUNTIME140.dll
0x00007ff9605f0000 - 0x00007ff9605f4000 	C:\Users\Таня\.p2\pool\plugins\org.eclipse.justj.openjdk.hotspot.jre.full.win32.x86_64_15.0.2.v20210201-0955\jre\bin\api-ms-win-crt-stdio-l1-1-0.dll
0x00007ff9592e0000 - 0x00007ff9592e4000 	C:\Users\Таня\.p2\pool\plugins\org.eclipse.justj.openjdk.hotspot.jre.full.win32.x86_64_15.0.2.v20210201-0955\jre\bin\api-ms-win-crt-runtime-l1-1-0.dll
0x00007ff9592d0000 - 0x00007ff9592d3000 	C:\Users\Таня\.p2\pool\plugins\org.eclipse.justj.openjdk.hotspot.jre.full.win32.x86_64_15.0.2.v20210201-0955\jre\bin\api-ms-win-crt-environment-l1-1-0.dll
0x00007ff9592c0000 - 0x00007ff9592c5000 	C:\Users\Таня\.p2\pool\plugins\org.eclipse.justj.openjdk.hotspot.jre.full.win32.x86_64_15.0.2.v20210201-0955\jre\bin\api-ms-win-crt-math-l1-1-0.dll
0x00007ff9592b0000 - 0x00007ff9592b3000 	C:\Users\Таня\.p2\pool\plugins\org.eclipse.justj.openjdk.hotspot.jre.full.win32.x86_64_15.0.2.v20210201-0955\jre\bin\api-ms-win-crt-locale-l1-1-0.dll
0x00007ff9581b0000 - 0x00007ff9581b3000 	C:\Users\Таня\.p2\pool\plugins\org.eclipse.justj.openjdk.hotspot.jre.full.win32.x86_64_15.0.2.v20210201-0955\jre\bin\api-ms-win-crt-heap-l1-1-0.dll
0x00007ff9695c0000 - 0x00007ff96981a000 	C:\WINDOWS\WinSxS\amd64_microsoft.windows.common-controls_6595b64144ccf1df_6.0.9600.17031_none_6242a4b3ecbb55a1\COMCTL32.dll
0x00007ff96db40000 - 0x00007ff96dcb1000 	C:\WINDOWS\system32\USER32.dll
0x00007ff9581a0000 - 0x00007ff9581a3000 	C:\Users\Таня\.p2\pool\plugins\org.eclipse.justj.openjdk.hotspot.jre.full.win32.x86_64_15.0.2.v20210201-0955\jre\bin\api-ms-win-crt-filesystem-l1-1-0.dll
0x00007ff958190000 - 0x00007ff958194000 	C:\Users\Таня\.p2\pool\plugins\org.eclipse.justj.openjdk.hotspot.jre.full.win32.x86_64_15.0.2.v20210201-0955\jre\bin\api-ms-win-crt-string-l1-1-0.dll
0x00007ff957910000 - 0x00007ff957914000 	C:\Users\Таня\.p2\pool\plugins\org.eclipse.justj.openjdk.hotspot.jre.full.win32.x86_64_15.0.2.v20210201-0955\jre\bin\api-ms-win-crt-convert-l1-1-0.dll
0x00007ff96c3d0000 - 0x00007ff96c477000 	C:\WINDOWS\system32\msvcrt.dll
0x00007ff96dd00000 - 0x00007ff96de44000 	C:\WINDOWS\system32\GDI32.dll
0x00007ff952370000 - 0x00007ff95246a000 	C:\Users\Таня\.p2\pool\plugins\org.eclipse.justj.openjdk.hotspot.jre.full.win32.x86_64_15.0.2.v20210201-0955\jre\bin\ucrtbase.DLL
0x00007ff96dcc0000 - 0x00007ff96dcf4000 	C:\WINDOWS\system32\IMM32.DLL
0x00007ff96bc10000 - 0x00007ff96bd49000 	C:\WINDOWS\system32\MSCTF.dll
0x00007ff952aa0000 - 0x00007ff952aac000 	C:\Users\Таня\.p2\pool\plugins\org.eclipse.justj.openjdk.hotspot.jre.full.win32.x86_64_15.0.2.v20210201-0955\jre\bin\vcruntime140_1.dll
0x00007ff9248c0000 - 0x00007ff924951000 	C:\Users\Таня\.p2\pool\plugins\org.eclipse.justj.openjdk.hotspot.jre.full.win32.x86_64_15.0.2.v20210201-0955\jre\bin\msvcp140.dll
0x00007ff952a90000 - 0x00007ff952a93000 	C:\Users\Таня\.p2\pool\plugins\org.eclipse.justj.openjdk.hotspot.jre.full.win32.x86_64_15.0.2.v20210201-0955\jre\bin\api-ms-win-crt-time-l1-1-0.dll
0x00007ff952a80000 - 0x00007ff952a83000 	C:\Users\Таня\.p2\pool\plugins\org.eclipse.justj.openjdk.hotspot.jre.full.win32.x86_64_15.0.2.v20210201-0955\jre\bin\api-ms-win-crt-utility-l1-1-0.dll
0x00007ff921ec0000 - 0x00007ff922a1e000 	C:\Users\Таня\.p2\pool\plugins\org.eclipse.justj.openjdk.hotspot.jre.full.win32.x86_64_15.0.2.v20210201-0955\jre\bin\server\jvm.dll
0x00007ff96c180000 - 0x00007ff96c225000 	C:\WINDOWS\system32\ADVAPI32.dll
0x00007ff9640a0000 - 0x00007ff9640a9000 	C:\WINDOWS\SYSTEM32\WSOCK32.dll
0x00007ff95ec20000 - 0x00007ff95ec3f000 	C:\WINDOWS\SYSTEM32\WINMM.dll
0x00007ff967100000 - 0x00007ff96710a000 	C:\WINDOWS\SYSTEM32\VERSION.dll
0x00007ff96e080000 - 0x00007ff96e087000 	C:\WINDOWS\system32\PSAPI.DLL
0x00007ff96de50000 - 0x00007ff96dea7000 	C:\WINDOWS\SYSTEM32\sechost.dll
0x00007ff96df10000 - 0x00007ff96e047000 	C:\WINDOWS\system32\RPCRT4.dll
0x00007ff96deb0000 - 0x00007ff96df08000 	C:\WINDOWS\system32\WS2_32.dll
0x00007ff95ebb0000 - 0x00007ff95ebda000 	C:\WINDOWS\SYSTEM32\WINMMBASE.dll
0x00007ff96e050000 - 0x00007ff96e059000 	C:\WINDOWS\system32\NSI.dll
0x00007ff96b770000 - 0x00007ff96b7ba000 	C:\WINDOWS\SYSTEM32\cfgmgr32.dll
0x00007ff96a1a0000 - 0x00007ff96a1c6000 	C:\WINDOWS\SYSTEM32\DEVOBJ.dll
0x00007ff9522a0000 - 0x00007ff9522aa000 	C:\Users\Таня\.p2\pool\plugins\org.eclipse.justj.openjdk.hotspot.jre.full.win32.x86_64_15.0.2.v20210201-0955\jre\bin\jimage.dll
0x00007ff966070000 - 0x00007ff9661f8000 	C:\WINDOWS\SYSTEM32\DBGHELP.DLL
0x00007ff9516d0000 - 0x00007ff9516f5000 	C:\Users\Таня\.p2\pool\plugins\org.eclipse.justj.openjdk.hotspot.jre.full.win32.x86_64_15.0.2.v20210201-0955\jre\bin\java.dll
0x00007ff950ed0000 - 0x00007ff950ee8000 	C:\Users\Таня\.p2\pool\plugins\org.eclipse.justj.openjdk.hotspot.jre.full.win32.x86_64_15.0.2.v20210201-0955\jre\bin\zip.dll
0x00007ff96c540000 - 0x00007ff96d95f000 	C:\WINDOWS\system32\SHELL32.dll
0x00007ff96bfa0000 - 0x00007ff96c176000 	C:\WINDOWS\SYSTEM32\combase.dll
0x00007ff96bbb0000 - 0x00007ff96bc01000 	C:\WINDOWS\system32\SHLWAPI.dll
0x00007ff96ac20000 - 0x00007ff96acbf000 	C:\WINDOWS\SYSTEM32\SHCORE.dll
0x00007ff96b6a0000 - 0x00007ff96b6b4000 	C:\WINDOWS\SYSTEM32\profapi.dll
0x00007ff950d60000 - 0x00007ff950d79000 	C:\Users\Таня\.p2\pool\plugins\org.eclipse.justj.openjdk.hotspot.jre.full.win32.x86_64_15.0.2.v20210201-0955\jre\bin\net.dll
0x00007ff963a70000 - 0x00007ff963b35000 	C:\WINDOWS\SYSTEM32\WINHTTP.dll
0x00007ff96aba0000 - 0x00007ff96abf8000 	C:\WINDOWS\system32\mswsock.dll
0x00007ff950890000 - 0x00007ff9508a2000 	C:\Users\Таня\.p2\pool\plugins\org.eclipse.justj.openjdk.hotspot.jre.full.win32.x86_64_15.0.2.v20210201-0955\jre\bin\nio.dll
0x00007ff952290000 - 0x00007ff9522a0000 	C:\Users\Таня\.p2\pool\plugins\org.eclipse.justj.openjdk.hotspot.jre.full.win32.x86_64_15.0.2.v20210201-0955\jre\bin\verify.dll
0x00007ff960650000 - 0x00007ff960659000 	C:\Users\Таня\.p2\pool\plugins\org.eclipse.justj.openjdk.hotspot.jre.full.win32.x86_64_15.0.2.v20210201-0955\jre\bin\management.dll
0x00007ff960640000 - 0x00007ff96064b000 	C:\Users\Таня\.p2\pool\plugins\org.eclipse.justj.openjdk.hotspot.jre.full.win32.x86_64_15.0.2.v20210201-0955\jre\bin\management_ext.dll
0x00007ff95e940000 - 0x00007ff95e954000 	C:\WINDOWS\system32\napinsp.dll
0x00007ff95e890000 - 0x00007ff95e8a9000 	C:\WINDOWS\system32\pnrpnsp.dll
0x00007ff965dd0000 - 0x00007ff965de9000 	C:\WINDOWS\system32\NLAapi.dll
0x00007ff96a9b0000 - 0x00007ff96aa53000 	C:\WINDOWS\SYSTEM32\DNSAPI.dll
0x00007ff95e880000 - 0x00007ff95e88c000 	C:\WINDOWS\System32\winrnr.dll
0x00007ff95cd20000 - 0x00007ff95cd33000 	C:\WINDOWS\system32\wshbth.dll
0x00007ff95cd10000 - 0x00007ff95cd19000 	C:\Windows\System32\rasadhlp.dll
0x00007ff965cf0000 - 0x00007ff965d19000 	C:\WINDOWS\SYSTEM32\IPHLPAPI.DLL
0x00007ff965ce0000 - 0x00007ff965cea000 	C:\WINDOWS\SYSTEM32\WINNSI.DLL
0x00007ff964a00000 - 0x00007ff964a68000 	C:\WINDOWS\System32\fwpuclnt.dll
0x00007ff96ac00000 - 0x00007ff96ac1e000 	C:\WINDOWS\SYSTEM32\CRYPTSP.dll
0x0000000051590000 - 0x00000000515a1000 	C:\Program Files\Common Files\Crypto Pro\AppCompat\cpadvai.dll
0x00000000515b0000 - 0x00000000515b7000 	C:\Program Files\Common Files\Crypto Pro\AppCompat\detoured.dll
0x00007ff96a840000 - 0x00007ff96a875000 	C:\WINDOWS\system32\rsaenh.dll
0x00007ff96b190000 - 0x00007ff96b1b6000 	C:\WINDOWS\SYSTEM32\bcrypt.dll
0x00007ff96a950000 - 0x00007ff96a96e000 	C:\WINDOWS\SYSTEM32\USERENV.dll
0x00007ff96b4b0000 - 0x00007ff96b510000 	C:\WINDOWS\system32\bcryptprimitives.dll
0x00007ff96b510000 - 0x00007ff96b51a000 	C:\WINDOWS\SYSTEM32\CRYPTBASE.dll
0x00007ff9648b0000 - 0x00007ff9648c4000 	C:\WINDOWS\SYSTEM32\dhcpcsvc6.DLL
0x00007ff964ad0000 - 0x00007ff964ae9000 	C:\WINDOWS\SYSTEM32\dhcpcsvc.DLL
0x00007ff952c60000 - 0x00007ff952c6d000 	C:\Users\Таня\.p2\pool\plugins\org.eclipse.justj.openjdk.hotspot.jre.full.win32.x86_64_15.0.2.v20210201-0955\jre\bin\sunmscapi.dll
0x00007ff96b7c0000 - 0x00007ff96b997000 	C:\WINDOWS\system32\CRYPT32.dll
0x00007ff96b160000 - 0x00007ff96b184000 	C:\WINDOWS\SYSTEM32\ncrypt.dll
0x00007ff96b750000 - 0x00007ff96b762000 	C:\WINDOWS\system32\MSASN1.dll
0x00007ff96b120000 - 0x00007ff96b15a000 	C:\WINDOWS\SYSTEM32\NTASN1.dll
0x00000000515c0000 - 0x00000000515df000 	C:\Program Files\Common Files\Crypto Pro\AppCompat\cpcrypt.dll

dbghelp: loaded successfully - version: 4.0.5 - missing functions: none
symbol engine: initialized successfully - sym options: 0x614 - pdb path: .;srv*c:\Symbols*http://msdl.microsoft.com/download/symbols;C:\Users\Таня\.p2\pool\plugins\org.eclipse.justj.openjdk.hotspot.jre.full.win32.x86_64_15.0.2.v20210201-0955\jre\bin;C:\WINDOWS\SYSTEM32;C:\Program Files\AVAST Software\Avast;C:\WINDOWS\WinSxS\amd64_microsoft.windows.common-controls_6595b64144ccf1df_6.0.9600.17031_none_6242a4b3ecbb55a1;C:\Users\Таня\.p2\pool\plugins\org.eclipse.justj.openjdk.hotspot.jre.full.win32.x86_64_15.0.2.v20210201-0955\jre\bin\server;C:\Program Files\Common Files\Crypto Pro\AppCompat

VM Arguments:
jvm_args: -Dfile.encoding=UTF-8 -XX:+ShowCodeDetailsInExceptionMessages 
java_command: com.java.happyZoo_app.HappyZooAppApplication
java_class_path (initial): D:\happyZoo_app\happyZoo_app\target\classes;C:\Users\Таня\.m2\repository\org\springframework\boot\spring-boot-starter-data-jpa\2.5.1\spring-boot-starter-data-jpa-2.5.1.jar;C:\Users\Таня\.m2\repository\org\springframework\boot\spring-boot-starter-aop\2.5.1\spring-boot-starter-aop-2.5.1.jar;C:\Users\Таня\.m2\repository\org\springframework\spring-aop\5.3.8\spring-aop-5.3.8.jar;C:\Users\Таня\.m2\repository\org\aspectj\aspectjweaver\1.9.6\aspectjweaver-1.9.6.jar;C:\Users\Таня\.m2\repository\org\springframework\boot\spring-boot-starter-jdbc\2.5.1\spring-boot-starter-jdbc-2.5.1.jar;C:\Users\Таня\.m2\repository\com\zaxxer\HikariCP\4.0.3\HikariCP-4.0.3.jar;C:\Users\Таня\.m2\repository\jakarta\transaction\jakarta.transaction-api\1.3.3\jakarta.transaction-api-1.3.3.jar;C:\Users\Таня\.m2\repository\jakarta\persistence\jakarta.persistence-api\2.2.3\jakarta.persistence-api-2.2.3.jar;C:\Users\Таня\.m2\repository\org\hibernate\hibernate-core\5.4.32.Final\hibernate-core-5.4.32.Final.jar;C:\Users\Таня\.m2\repository\org\jboss\logging\jboss-logging\3.4.2.Final\jboss-logging-3.4.2.Final.jar;C:\Users\Таня\.m2\repository\org\javassist\javassist\3.27.0-GA\javassist-3.27.0-GA.jar;C:\Users\Таня\.m2\repository\net\bytebuddy\byte-buddy\1.10.22\byte-buddy-1.10.22.jar;C:\Users\Таня\.m2\repository\antlr\antlr\2.7.7\antlr-2.7.7.jar;C:\Users\Таня\.m2\repository\org\jboss\jandex\2.2.3.Final\jandex-2.2.3.Final.jar;C:\Users\Таня\.m2\repository\com\fasterxml\classmate\1.5.1\classmate-1.5.1.jar;C:\Users\Таня\.m2\repository\org\dom4j\dom4j\2.1.3\dom4j-2.1.3.jar;C:\Users\Таня\.m2\repository\org\hibernate\common\hibernate-commons-annotations\5.1.2.Final\hibernate-commons-annotations-5.1.2.Final.jar;C:\Users\Таня\.m2\repository\org\glassfish\jaxb\jaxb-runtime\2.3.4\jaxb-runtime-2.3.4.jar;C:\Users\Таня\.m2\repository\org\glassfish\jaxb\txw2\2.3.4\txw2-2.3.4.jar;C:\Users\Таня\.m2\repository\com\sun\istack\istack-commons-runtime\3.0.12\istack-commons-runtime-3.0.12.jar;C:\Users\Та
Launcher Type: SUN_STANDARD

[Global flags]
     intx CICompilerCount                          = 3                                         {product} {ergonomic}
     uint ConcGCThreads                            = 1                                         {product} {ergonomic}
     uint G1ConcRefinementThreads                  = 4                                         {product} {ergonomic}
   size_t G1HeapRegionSize                         = 1048576                                   {product} {ergonomic}
    uintx GCDrainStackTargetSize                   = 64                                        {product} {ergonomic}
   size_t InitialHeapSize                          = 67108864                                  {product} {ergonomic}
   size_t MarkStackSize                            = 4194304                                   {product} {ergonomic}
   size_t MaxHeapSize                              = 1054867456                                {product} {ergonomic}
   size_t MaxNewSize                               = 632291328                                 {product} {ergonomic}
   size_t MinHeapDeltaBytes                        = 1048576                                   {product} {ergonomic}
   size_t MinHeapSize                              = 8388608                                   {product} {ergonomic}
    uintx NonNMethodCodeHeapSize                   = 5832780                                {pd product} {ergonomic}
    uintx NonProfiledCodeHeapSize                  = 122912730                              {pd product} {ergonomic}
    uintx ProfiledCodeHeapSize                     = 122912730                              {pd product} {ergonomic}
    uintx ReservedCodeCacheSize                    = 251658240                              {pd product} {ergonomic}
     bool SegmentedCodeCache                       = true                                      {product} {ergonomic}
     bool ShowCodeDetailsInExceptionMessages       = true                                   {manageable} {command line}
   size_t SoftMaxHeapSize                          = 1054867456                             {manageable} {ergonomic}
     bool UseCompressedClassPointers               = true                                 {lp64_product} {ergonomic}
     bool UseCompressedOops                        = true                                 {lp64_product} {ergonomic}
     bool UseG1GC                                  = true                                      {product} {ergonomic}
     bool UseLargePagesIndividualAllocation        = false                                  {pd product} {ergonomic}

Logging:
Log output configuration:
 #0: stdout all=warning uptime,level,tags
 #1: stderr all=off uptime,level,tags

Environment Variables:
JAVA_HOME=C:\Program Files\Java\jdk-16.0.1
PATH=C:/Users/Таня/.p2/pool/plugins/org.eclipse.justj.openjdk.hotspot.jre.full.win32.x86_64_15.0.2.v20210201-0955/jre/bin/server;C:/Users/Таня/.p2/pool/plugins/org.eclipse.justj.openjdk.hotspot.jre.full.win32.x86_64_15.0.2.v20210201-0955/jre/bin;C:\Program Files\Common Files\Oracle\Java\javapath;C:\ProgramData\Oracle\Java\javapath;C:\Program Files (x86)\Lenovo\FusionEngine;C:\Program Files (x86)\Intel\iCLS Client\;C:\Program Files\Intel\iCLS Client\;C:\WINDOWS\system32;C:\WINDOWS;C:\WINDOWS\System32\Wbem;C:\WINDOWS\System32\WindowsPowerShell\v1.0\;C:\Program Files\Intel\Intel(R) Management Engine Components\DAL;C:\Program Files\Intel\Intel(R) Management Engine Components\IPT;C:\Program Files (x86)\Intel\Intel(R) Management Engine Components\DAL;C:\Program Files (x86)\Intel\Intel(R) Management Engine Components\IPT;C:\Program Files (x86)\ATI Technologies\ATI.ACE\Core-Static;C:\Program Files (x86)\Common Files\lenovo\easyplussdk\bin;C:\Program Files (x86)\Lenovo\Password Manager\;C:\Program Files\Microsoft SQL Server\110\Tools\Binn\;C:\Program Files (x86)\Microsoft SDKs\TypeScript\1.0\;C:\Program Files\MATLAB\R20;C:\Program Files\Git\cmd;C:\Program Files\nodejs\;C:\Program Files (x86)\QuickTime\QTSystem\;C:\Program Files\dotnet\;C:\Program Files\Microsoft SQL Server\130\Tools\Binn\;c:\altera\11.0sp1\modelsim_ase\win32aloem;C:\Users\Таня\AppData\Roaming\npm;C:\Users\Таня\AppData\Local\Programs\Microsoft VS Code\bin;C:\Users\Таня\.dotnet\tools;C:\WINDOWS\system32;
USERNAME=Таня
OS=Windows_NT
PROCESSOR_IDENTIFIER=Intel64 Family 6 Model 69 Stepping 1, GenuineIntel



---------------  S Y S T E M  ---------------

OS:
 Windows 8.1 , 64 bit Build 9600 (6.3.9600.17056)
OS uptime: 0 days 1:07 hours

CPU: total 4 (initial active 4) (2 cores per cpu, 2 threads per core) family 6 model 69 stepping 1 microcode 0x17, cmov, cx8, fxsr, mmx, sse, sse2, sse3, ssse3, sse4.1, sse4.2, popcnt, vzeroupper, avx, avx2, aes, clmul, erms, lzcnt, ht, tsc, tscinvbit, bmi1, bmi2, fma, clflush

Memory: 4k page, system-wide physical 4016M (713M free)
TotalPageFile size 7040M (AvailPageFile size 2M)
current process WorkingSet (physical memory assigned to process): 228M, peak: 230M
current process commit charge ("private bytes"): 255M, peak: 256M

vm_info: OpenJDK 64-Bit Server VM (15.0.2+7-27) for windows-amd64 JRE (15.0.2+7-27), built on Dec  7 2020 20:02:38 by "mach5one" with unknown MS VC++:1925

END.
